(0.0,0.0,0.0)
(1.0,0.0,0.0)
(2.0,0.0,0.0)
(3.0,0.0,0.0)
(4.0,0.0,0.0)
(5.0,0.0,0.0)
(6.0,0.0,0.0)
(7.0,0.0,0.0)
(8.0,0.0,0.0)
(9.0,0.0,0.0)
(10.0,0.0,0.0)

0.0 11.0
0.01 10.891860273007625
0.02 10.572509518623589
0.030000000000000002 10.056836995739884
0.04 9.368627479183472
0.05 8.539093103178997
0.06 7.604967326103847
0.06999999999999999 6.606296293105976
0.07999999999999999 5.5840826859802135
0.08999999999999998 4.577945013749582
0.09999999999999998 3.623950744460129
0.10999999999999997 2.752765248848044
0.11999999999999998 1.988231712573959
0.12999999999999998 1.3464622854886117
0.13999999999999996 0.8354806974605196
0.14999999999999997 0.4554146652061124
0.15999999999999998 0.19919600911108318
0.16999999999999998 0.053690658062062475
0.18 0.0011523474925164278
0.19000000000000003 0.020874837649479415
0.20000000000000004 0.09090909090909115
0.21000000000000005 0.18971433372865026
0.22000000000000006 0.29762466546999494
0.23000000000000007 0.39803440661727313
0.2400000000000001 0.4782335638860586
0.2500000000000001 0.5298570113405631
0.2600000000000001 0.5489443873657506
0.27000000000000013 0.5356394437265598
0.28000000000000014 0.4935850704328311
0.29000000000000015 0.4290913476786914
0.30000000000000016 0.35016727239265155
0.31000000000000016 0.2655115445505455
0.3200000000000002 0.18355402883954833
0.3300000000000002 0.11162802520050005
0.3400000000000002 0.05533572432946221
0.3500000000000002 0.01814711611488566
0.3600000000000002 0.0012483794550029214
0.3700000000000002 0.003631712063844594
0.3800000000000003 0.022396829680078077
0.3900000000000003 0.05321682420196174
0.4000000000000003 0.09090909090909172
0.4100000000000003 0.1300464047628662
0.4200000000000003 0.16554410383966467
0.4300000000000003 0.19316626700627967
0.44000000000000034 0.20990574990591515
0.45000000000000034 0.21420853812231797
0.46000000000000035 0.20603038642794289
0.47000000000000036 0.1867313372870628
0.48000000000000037 0.15882972744367654
0.49000000000000044 0.12565021595655118
0.5000000000000004 0.09090909090908948
0.5100000000000005 0.05828399015042718
0.5200000000000005 0.03101406615104985
0.5300000000000005 0.011570898029752795
0.5400000000000005 0.0014309094281834218
0.5500000000000005 9.678384706734482E-4
0.5600000000000005 0.009470291582501091
0.5700000000000005 0.02527603436015013
0.5800000000000005 0.04600279306628874
0.5900000000000005 0.06884611389458258
0.6000000000000005 0.09090909090909237
0.6100000000000005 0.1095269744369294
0.6200000000000006 0.12255183544263341
0.6300000000000006 0.12856820508691716
0.6400000000000006 0.1270191940327171
0.6500000000000006 0.11823301737385311
0.6600000000000005 0.10335094737413382
0.6700000000000005 0.084168296030499
0.6800000000000004 0.06290899486392301
0.6900000000000004 0.04196079672614414
0.7000000000000003 0.023601471243863158
0.7100000000000002 0.00974634450114044
0.7200000000000002 0.0017442496744363336
0.7300000000000001 2.428549219310989E-4
0.7400000000000001 0.005136149715850771
0.75 0.01559753411398268
0.7599999999999999 0.03019249843928473
0.7699999999999999 0.047056321811452584
0.7799999999999998 0.0641154551838091
0.7899999999999998 0.07932697382238545
0.7999999999999997 0.09090909090909055
0.8099999999999996 0.09753730590150857
0.8199999999999996 0.09848508553273576
0.8299999999999995 0.0936945192173412
0.8399999999999995 0.08377040267508164
0.8499999999999994 0.06989978766916806
0.8599999999999994 0.05370724922279813
0.8699999999999993 0.03706307688890099
0.8799999999999992 0.021866555220978065
0.8899999999999992 0.009828948466028579
0.8999999999999991 0.002280511903356469
0.9099999999999991 2.2883381657312173E-5
0.919999999999999 0.003242919046752196
0.9299999999999989 0.01149703060661725
0.939999999999999 0.02376714188978808
0.9499999999999988 0.03858138840944687
0.9599999999999989 0.054185512410605825
0.9699999999999988 0.06874533874838443
0.9799999999999986 0.08055735544131852
0.9899999999999987 0.08824362458520316
0.9999999999999986 0.09090909090909091
1.0099999999999985 0.08824362458520467
1.0199999999999985 0.08055735544132124
1.0299999999999985 0.06874533874838835
1.0399999999999983 0.054185512410610065
1.0499999999999983 0.038581388409451384
1.0599999999999983 0.02376714188979191
1.0699999999999983 0.0114970306066203
1.079999999999998 0.0032429190467538325
1.089999999999998 2.288338165745838E-5
1.099999999999998 0.0022805119033550794
1.1099999999999979 0.00982894846602571
1.1199999999999979 0.02186655522097414
1.129999999999998 0.03706307688889639
1.139999999999998 0.053707249222793844
1.1499999999999977 0.06989978766916384
1.1599999999999977 0.08377040267507824
1.1699999999999977 0.09369451921733854
1.1799999999999975 0.09848508553273558
1.1899999999999975 0.09753730590150983
1.1999999999999975 0.09090909090909292
1.2099999999999973 0.0793269738223893
1.2199999999999973 0.06411545518381367
1.2299999999999973 0.04705632181145783
1.2399999999999973 0.030192498439289006
1.2499999999999971 0.01559753411398651
1.2599999999999971 0.005136149715852838
1.2699999999999971 2.4285492193163406E-4
1.279999999999997 0.001744249674435049
1.289999999999997 0.009746344501137004
1.299999999999997 0.023601471243858974
1.3099999999999967 0.041960796726138075
1.3199999999999967 0.0629089948639173
1.3299999999999967 0.0841682960304922
1.3399999999999967 0.10335094737412986
1.3499999999999965 0.1182330173738492
1.3599999999999965 0.1270191940327159
1.3699999999999966 0.1285682050869167
1.3799999999999963 0.12255183544263679
1.3899999999999963 0.1095269744369337
1.3999999999999964 0.09090909090909861
1.4099999999999964 0.06884611389458963
1.4199999999999962 0.04600279306629664
1.4299999999999962 0.025276034360156366
1.4399999999999962 0.00947029158250546
1.449999999999996 9.67838470674889E-4
1.459999999999996 0.0014309094281814974
1.469999999999996 0.011570898029747506
1.4799999999999958 0.031014066151041127
1.4899999999999958 0.05828399015041559
1.4999999999999958 0.09090909090907644
1.5099999999999958 0.12565021595653766
1.5199999999999956 0.15882972744366405
1.5299999999999956 0.18673133728705257
1.5399999999999956 0.20603038642793772
1.5499999999999954 0.21420853812231744
1.5599999999999954 0.20990574990591918
1.5699999999999954 0.19316626700628847
1.5799999999999954 0.16554410383967932
1.5899999999999952 0.1300464047628835
1.5999999999999952 0.09090909090910924
1.6099999999999952 0.05321682420197762
1.619999999999995 0.022396829680090394
1.629999999999995 0.0036317120638500486
1.639999999999995 0.0012483794549996681
1.6499999999999948 0.018147116114872724
1.6599999999999948 0.055335724329438674
1.6699999999999948 0.11162802520046668
1.6799999999999948 0.18355402883950978
1.6899999999999946 0.2655115445505023
1.6999999999999946 0.35016727239260764
1.7099999999999946 0.4290913476786516
1.7199999999999944 0.4935850704328038
1.7299999999999944 0.5356394437265452
1.7399999999999944 0.5489443873657515
1.7499999999999944 0.5298570113405817
1.7599999999999942 0.4782335638860971
1.7699999999999942 0.3980344066173258
1.7799999999999943 0.29762466547005617
1.789999999999994 0.18971433372871208
1.799999999999994 0.09090909090914315
1.809999999999994 0.02087483764950844
1.8199999999999938 0.0011523474925087178
1.8299999999999939 0.05369065806200377
1.8399999999999939 0.19919600911096066
1.8499999999999939 0.45541466520591417
1.8599999999999937 0.835480697460239
1.8699999999999937 1.3464622854882429
1.8799999999999937 1.9882317125735065
1.8899999999999935 2.7527652488475116
1.8999999999999935 3.623950744459533
1.9099999999999935 4.5779450137489315
1.9199999999999935 5.584082685979539
1.9299999999999933 6.606296293105294
1.9399999999999933 7.604967326103195
1.9499999999999933 8.53909310317839
1.959999999999993 9.368627479182948
1.969999999999993 10.056836995739463
1.979999999999993 10.572509518623303
1.9899999999999929 10.89186027300747
1.999999999999993 11.0
2.0099999999999927 10.891860273007778
2.019999999999993 10.572509518623894
2.0299999999999927 10.056836995740323
2.0399999999999925 9.368627479184036
2.0499999999999927 8.53909310317965
2.0599999999999925 7.604967326104566
2.0699999999999927 6.606296293106726
2.0799999999999925 5.584082685980985
2.0899999999999923 4.577945013750327
2.0999999999999925 3.6239507444608265
2.1099999999999923 2.75276524884867
2.119999999999992 1.9882317125745075
2.1299999999999923 1.3464622854890609
2.139999999999992 0.8354806974608668
2.149999999999992 0.45541466520636037
2.159999999999992 0.19919600911124136
2.169999999999992 0.05369065806213933
2.1799999999999917 0.001152347492526785
2.189999999999992 0.020874837649439874
2.1999999999999917 0.09090909090901862
2.2099999999999915 0.1897143337285617
2.2199999999999918 0.2976246654699059
2.2299999999999915 0.3980344066171947
2.2399999999999918 0.47823356388600247
2.2499999999999916 0.5298570113405319
2.2599999999999913 0.5489443873657491
2.2699999999999916 0.5356394437265836
2.2799999999999914 0.49358507043288075
2.289999999999991 0.4290913476787556
2.2999999999999914 0.3501672723927252
2.309999999999991 0.2655115445506191
2.319999999999991 0.18355402883962124
2.329999999999991 0.11162802520056
2.339999999999991 0.05533572432950606
2.3499999999999908 0.018147116114910645
2.359999999999991 0.001248379455009391
2.369999999999991 0.0036317120638342084
2.3799999999999906 0.0223968296800543
2.389999999999991 0.05321682420192903
2.3999999999999906 0.09090909090905343
2.409999999999991 0.13004640476282844
2.4199999999999906 0.16554410383963256
2.4299999999999904 0.19316626700625622
2.4399999999999906 0.20990574990590607
2.4499999999999904 0.21420853812232074
2.45999999999999 0.2060303864279575
2.4699999999999904 0.18673133728708616
2.47999999999999 0.1588297274437095
2.48999999999999 0.1256502159565865
2.4999999999999902 0.09090909090912486
2.50999999999999 0.05828399015045756
2.51999999999999 0.03101406615107534
2.52999999999999 0.011570898029768547
2.53999999999999 0.0014309094281889916
2.54999999999999 9.678384706690743E-4
2.55999999999999 0.009470291582488135
2.56999999999999 0.025276034360130428
2.57999999999999 0.04600279306626621
2.58999999999999 0.06884611389455964
2.59999999999999 0.09090909090906854
2.6099999999999897 0.10952697443690976
2.61999999999999 0.1225518354426216
2.6299999999999897 0.12856820508691535
2.6399999999999895 0.12701919403272285
2.6499999999999897 0.1182330173738657
2.6599999999999895 0.10335094737415305
2.6699999999999893 0.08416829603052359
2.6799999999999895 0.06290899486394758
2.6899999999999893 0.0419607967261649
2.699999999999989 0.023601471243881386
2.7099999999999893 0.009746344501152982
2.719999999999989 0.0017442496744416336
2.729999999999989 2.4285492192919545E-4
2.739999999999989 0.005136149715842132
2.749999999999989 0.01559753411396819
2.759999999999989 0.03019249843926691
2.769999999999989 0.047056321811433884
2.7799999999999887 0.06411545518379097
2.789999999999989 0.07932697382236975
2.7999999999999887 0.09090909090908035
2.8099999999999885 0.09753730590150468
2.8199999999999887 0.09848508553273755
2.8299999999999885 0.09369451921735016
2.8399999999999883 0.08377040267509629
2.8499999999999885 0.06989978766918412
2.8599999999999883 0.053707249222817284
2.869999999999988 0.03706307688891889
2.8799999999999883 0.021866555220993362
2.889999999999988 0.009828948466039518
2.899999999999988 0.0022805119033618144
2.909999999999988 2.2883381656737634E-5
2.919999999999988 0.0032429190467458085
2.929999999999988 0.011497030606605972
2.939999999999988 0.02376714188977236
2.9499999999999877 0.0385813884094297
2.959999999999988 0.054185512410588804
2.9699999999999878 0.06874533874836976
2.9799999999999875 0.0805573554413078
2.989999999999988 0.08824362458519723
2.9999999999999876 0.09090909090909091
3.0099999999999874 0.08824362458521035
3.0199999999999876 0.08055735544133256
3.0299999999999874 0.06874533874840325
3.039999999999987 0.054185512410627086
3.0499999999999874 0.038581388409468335
3.059999999999987 0.02376714188980674
3.069999999999987 0.011497030606632047
3.079999999999987 0.0032429190467602232
3.089999999999987 2.2883381658001695E-5
3.099999999999987 0.0022805119033494
3.109999999999987 0.009828948466014696
3.119999999999987 0.02186655522095882
3.129999999999987 0.03706307688887847
3.139999999999987 0.05370724922277563
3.1499999999999866 0.06989978766914678
3.159999999999987 0.08377040267506487
3.1699999999999866 0.09369451921733027
3.1799999999999864 0.09848508553273265
3.1899999999999866 0.09753730590151434
3.1999999999999864 0.09090909090910343
3.209999999999986 0.07932697382240378
3.2199999999999864 0.0641154551838319
3.229999999999986 0.04705632181147787
3.239999999999986 0.030192498439306294
3.2499999999999862 0.015597534113999528
3.259999999999986 0.0051361497158617314
3.2699999999999863 2.428549219336165E-4
3.279999999999986 0.0017442496744296922
3.289999999999986 0.009746344501125347
3.299999999999986 0.0236014712438406
3.309999999999986 0.04196079672611431
3.3199999999999856 0.06290899486389141
3.329999999999986 0.08416829603047332
3.3399999999999856 0.10335094737410976
3.3499999999999854 0.11823301737383557
3.3599999999999857 0.12701919403270964
3.3699999999999855 0.12856820508692096
3.3799999999999852 0.1225518354426456
3.3899999999999855 0.10952697443694898
3.3999999999999853 0.09090909090912333
3.409999999999985 0.06884611389461728
3.4199999999999853 0.04600279306632052
3.429999999999985 0.02527603436017697
3.4399999999999853 0.009470291582519249
3.449999999999985 9.678384706795856E-4
3.459999999999985 0.0014309094281757522
3.469999999999985 0.011570898029731259
3.479999999999985 0.03101406615101525
3.4899999999999847 0.0582839901503818
3.499999999999985 0.09090909090903865
3.5099999999999847 0.12565021595649956
3.5199999999999845 0.15882972744362975
3.5299999999999847 0.18673133728702612
3.5399999999999845 0.20603038642792076
3.5499999999999843 0.21420853812231366
3.5599999999999845 0.2099057499059334
3.5699999999999843 0.19316626700631556
3.579999999999984 0.16554410383971604
3.5899999999999843 0.13004640476292598
3.599999999999984 0.09090909090915308
3.6099999999999843 0.05321682420201599
3.619999999999984 0.022396829680117247
3.629999999999984 0.003631712063862054
3.639999999999984 0.0012483794549922299
3.649999999999984 0.018147116114842297
3.6599999999999837 0.05533572432938494
3.669999999999984 0.11162802520039429
3.6799999999999837 0.18355402883942273
3.6899999999999835 0.2655115445504109
3.6999999999999837 0.35016727239252177
3.7099999999999835 0.42909134767857354
3.7199999999999833 0.4935850704327379
3.7299999999999836 0.5356394437265117
3.7399999999999833 0.5489443873657497
3.749999999999983 0.5298570113406199
3.7599999999999834 0.4782335638861701
3.769999999999983 0.3980344066174282
3.779999999999983 0.2976246654701758
3.789999999999983 0.1897143337288301
3.799999999999983 0.09090909090924036
3.809999999999983 0.020874837649561787
3.819999999999983 0.0011523474924945672
3.8299999999999828 0.05369065806189809
3.839999999999983 0.1991960091107419
3.8499999999999828 0.45541466520556695
3.8599999999999826 0.8354806974597516
3.869999999999983 1.3464622854876072
3.8799999999999826 1.9882317125727271
3.8899999999999824 2.7527652488466092
3.8999999999999826 3.623950744458509
3.9099999999999824 4.577945013747841
3.919999999999982 5.58408268597841
3.9299999999999824 6.6062962931041795
3.939999999999982 7.604967326102128
3.949999999999982 8.539093103177409
3.959999999999982 9.368627479182107
3.969999999999982 10.056836995738797
3.979999999999982 10.572509518622832
3.989999999999982 10.891860273007238
3.999999999999982 11.0
