0.6283185307179586 0.9496400084333955
0.8885765876316732 1.0125491224043153
1.2566370614359172 1.0159620383691417
1.4049629462081452 0.9575172023275662
1.7771531752633465 1.0591847188042176
1.8849555921538759 0.9933077551369225
1.9869176531592203 0.9735713178115187
2.2654346798277953 0.9851471386177435
2.5132741228718345 0.9534296489552044
2.590623668683038 1.0412138941817983
2.6657297628950194 1.006734152011746
2.8099258924162904 0.9193246487942068
3.141592653589793 1.016886810405748
3.2038084488828185 0.9454799428680489
3.3835988392928105 1.0327910695475075
3.554306350526693 0.9834474093357709
3.6636951272562963 0.9887100299094042
3.7699111843077517 0.9817473471086864
3.8219124157432294 0.9890956506702685
3.9738353063184406 0.9687313106344908
4.023201612868356 0.9720659745034225
4.214888838624436 0.9885108418278105
4.39822971502571 1.0178663130685321
4.442882938158366 1.041869565745802
4.530869359655591 0.9864181317046179
4.574227949098016 1.0345441479504123
4.785131368157756 1.0042554294973558
4.907324600906081 1.0058281631542831
5.026548245743669 0.987706879115663
5.065665942680422 0.98312579682597
5.181247337366076 0.9867379558916721
5.331459525790039 1.005996751344897
5.368355879706646 1.0052421765461823
5.405000372546194 1.0232772225613767
5.619851784832581 1.0198699980454975
5.654866776461628 1.089097261841668
5.689666285079741 1.0234780642210974
5.792810627295166 1.0026350458789153
5.927545163714749 0.9901835418420657
5.96075295947766 1.0298747202935465
6.1882198632746315 1.0565759249031037
6.220036113421712 1.0798703468691067
6.283185307179586 1.0540799495824025
6.31452308416091 0.9496299355973221
6.407616897765637 0.9730681930706397
6.468935203000481 0.9723580315381681
6.559838045923817 0.9590460643685148
6.679117598375095 0.9618939256245486
6.767197678585621 1.010685456515771
6.7963040394833865 1.07200211054582
6.911503837897545 0.9671714609654533
6.9400050055685165 1.0368119505439704
7.024814731040727 1.0017511668740613
7.108612701053386 1.0522958814611565
7.163933478590142 1.0320105549541332
7.327390254512593 0.9689146250367067
7.354279850397977 0.970387486154803
7.5398223686155035 0.9727761278083351
7.565957013248111 0.9801101132649167
7.5920016927264875 1.012696644755619
7.643824831486459 1.0072518853836698
7.669605089604846 1.0217011164508087
7.771871006049114 0.9725572725585738
7.872808624553322 1.0454167319376235
7.947670612636881 1.0259299921424918
7.997189288685059 0.9237826561125749
8.046403225736713 0.9718473134097007
8.168140899333462 1.0276854254237082
8.192271353379821 0.9601765286881739
8.264239980514745 0.9809342338693802
8.382814762104447 1.0245574125098083
8.429777677248872 0.9657562141234446
8.45316129408915 1.0731622112815533
8.546055965652299 0.9782788018404271
8.728879995532637 0.9877460878407214
8.751464457589565 1.0041017827514438
8.79645943005142 0.9701825476057767
8.818870827979291 0.9603918015065003
8.885765876316732 1.0159627990247868
8.930084185538343 1.0306053971457294
8.996152293560439 1.0419834331398696
9.061738719311181 1.0087486984509697
9.148455898196032 0.9805019767906492
9.277011931516483 1.0591184132083606
9.340626472867328 0.9962043209324315
9.42477796076938 0.97518356690815
9.445698692306873 1.0180040406411104
9.508184701297012 0.9794986804859142
9.570262736315511 1.0215641753134626
9.590866124503709 0.9524648281352378
9.611425346648456 1.0149322746789853
9.75412663576301 1.0187675545576687
9.774342463948406 1.0846551211556117
9.814649201812163 0.9680793396963601
9.834740623457018 0.9491211921174875
9.934588265796101 0.982487879485372
10.053096491487338 0.9875922997138299
10.072712308171946 1.0180548972228471
10.131331885360844 1.0139470337986218
10.150796517878431 0.9384224034619438
10.228284638762611 1.0016261641440878
10.3051901173982 0.9507835967234343
10.362494674732153 0.9875682165153747
10.400522305919994 1.001225545369587
10.45730446932048 1.0512267129432658
10.532537845564306 0.9986298513876237
10.662919051580078 0.9793113159678266
10.681415022205297 1.0306993150408088
10.699879020467314 1.0081231053397952
10.736711759413293 1.0351261575148276
10.755080826324239 0.9979215242728907
10.810000745092388 0.9775215660730313
10.846459535764891 1.049700110896699
10.973111395283023 0.9714845826528644
10.991085381768887 1.007382982075314
11.116089559806486 1.0026783639249246
11.133832730811179 0.9666418087621989
11.186893393870037 1.0225030920953209
11.239703569665162 0.9509245886654221
11.309733552923255 1.0662485097102659
11.327173399138976 1.0088564100972273
11.379332570159482 1.0118492513099562
11.465737247229688 0.9481848266097929
11.534394970118049 0.9847487178291828
11.551495639211751 0.9730083518229918
11.585621254590333 1.0067217274827318
11.687400263149916 0.9775134113474742
11.737958827633 0.9694200621382737
11.805033424068808 1.0589718661937113
11.855090327429497 0.9350416435329748
11.92150591895532 1.0248326877658716
11.938052083641214 0.9791106134285843
11.954575347028177 1.0294351367933825
12.004008674434745 0.9788336865121363
12.06960483860507 1.0418999270147267
12.085948251424977 0.9622310454467317
12.134846421123475 1.0600947352779975
12.199739110670667 0.9736164996445532
12.344500474009456 0.9070889345917357
12.376439726549263 1.0049185066160597
12.392378483606382 0.9916668428921543
12.440072226843425 1.0139850101792411
12.47176672974476 1.0559365577368223
12.519158034360737 1.0128530684242472
12.566370614359172 0.9773996195318531
12.582068772402785 0.9748608886875876
12.62904616832182 0.9963860467682774
12.644666515873308 1.0597257005069125
12.70695589044921 1.0317784265128531
12.722480582726996 1.0052893499346718
12.815233795531274 1.027504254268578
12.892018387915245 0.9755635182449055
12.937870406000963 1.0387756281370495
12.953118343415191 0.9640779155071381
13.074461680194243 1.0287568676203167
13.119676091847634 0.9889605266148656
13.194689145077131 1.0190581019034948
13.209640638990141 0.990906308891641
13.2543939257663 0.9869275548713213
13.31383096796579 0.9994150406936932
13.328648814475098 1.003579826122986
13.35823519675019 1.000346781720762
13.431916038001184 1.0225964336113704
13.446603758122606 1.0483223533740724
13.49057097220454 0.9285794292032774
13.534395357171242 1.0208376646858919
13.563532948177832 0.971196270832792
13.592608078966773 0.9840927683151648
13.722683847294046 1.0405017085020136
13.780101185294658 0.97122379944617
13.794418177400699 1.0554758814198697
13.82300767579509 0.9524549357164288
13.837280273996532 1.003193574607063
13.880010011137033 1.0791328753243583
13.908423572114541 0.996772811647504
13.950935409121575 1.009210527263073
14.049629462081453 0.9947717717325602
14.11970286167542 1.0057913833897572
14.175512181440899 0.9940854816138505
14.217225402106772 1.0259108813393678
14.244966356099168 0.946757351144268
14.327866957180284 0.9983582320700891
14.341637135233277 0.9943542993534602
14.355394104473266 0.9229977760147431
14.451326206513048 1.1594208174354415
14.464978855950477 1.0211122608269543
14.505859706726282 0.9539518607230404
14.57373962685772 0.9665097147223954
14.614316242629133 0.97881218413336
14.654780509025185 0.9817596236202006
14.668243792075042 0.952777913766377
14.708559700795954 1.0483189036155296
14.721973802718244 1.058444808490985
14.788861806377804 1.0241255344307374
14.828849788714933 1.00519535891268
14.89525786740494 1.0264486132818775
14.934960979681852 0.985864189234228
14.98773485783605 1.0187971111335286
15.079644737231007 1.0734409609764373
15.092729030137074 0.9717170349618052
15.105801989738444 0.9712772910166058
15.131914026496222 0.9925252608906858
15.184003385452975 1.008919151595807
15.196997828041265 0.9963267815661748
15.209981169006573 1.0209255589527966
15.287649662972917 0.9605374529626206
15.300556081196513 0.9416735074771588
15.339210179209692 0.9697606580746503
15.403418120735026 1.017430395724768
15.454592408289598 1.007709973208339
15.51832295664001 1.0189443391900936
15.543742012098228 1.030059729005769
15.556435964407498 1.0059102766121477
15.6071085284522 0.995870112069134
15.707963267948966 0.9743693842057539
15.720524616032302 1.024522977381683
15.745617249106644 1.0158704304555695
15.758148581968895 0.9957340028783647
15.820656358432988 1.012599644379747
15.858042758794568 1.0549016103777626
15.895341225273762 1.0079310208463417
15.907754613518879 0.9916856065964152
15.994378577370117 1.0876481597137686
16.01904224441409 1.041053679188901
16.0559667088735 1.0023254035903366
16.092806451473425 0.997920745185231
16.10506763911994 0.9691987906122381
16.154019325381615 0.9719512366324206
16.215001117638582 1.0064296215968513
16.299992345928434 1.0150158636737232
16.312097800508955 1.00038457319016
16.336281798666924 0.9720789115542151
16.348360382053603 1.0550275707421195
16.384542706759643 0.9788801834868163
16.44466967104686 0.999858426474183
16.49261341613338 0.9843943033924305
16.52847996102949 1.0328372605115284
16.588085203011566 0.9835175275284115
16.59998056861558 1.075762339469803
16.635615630524335 1.034368174835407
16.694838372585806 1.0281016693242833
16.730271390951618 1.0430272016123998
16.765629524208894 1.0121673527186024
16.859555354497743 1.0087316836141789
16.882955165001793 1.030502885447177
16.9063225881783 1.001858957412002
16.917994196464054 1.0132522863384812
16.964600329384883 1.04595131479946
16.976231870229896 0.9686569301895588
17.011078773550487 0.9944706591785305
17.06899885523922 1.007862739338385
17.092111931304597 1.017054580833443
17.149758340934802 0.9834087804829019
17.161264386067433 0.9748803411291678
17.25303650772394 1.0002127204389348
17.28732545146836 0.988921715159155
17.33293852666535 0.948134626440863
17.378431881885497 1.0070168100338348
17.42380645489121 1.0561726296196086
17.457759991065274 1.0170277904103409
17.469063171266026 1.0508157466507146
17.50292891517913 1.0168752090930149
17.525469721576673 0.9502776452847796
17.59291886010284 1.0928907045008436
17.60413525834785 1.0038698207039725
17.637741655958582 0.9963946077303895
17.693610473912734 0.9457945339796452
17.704763081685055 0.9993087992618359
17.738178832865813 1.0141539167573916
17.771531752633464 1.0118889301089058
17.782635491144248 0.9932541681441598
17.793732300643015 0.9943234136186337
17.860168371076686 0.9836806599952752
17.871217037998605 0.9522455961663031
17.88225887843298 0.9794096159533878
17.97034935674996 0.9770995618712809
17.992304587120877 0.9905680278919138
18.0032721617981 1.0038215943774902
18.090773392536956 1.018331817146717
18.123477438622363 0.9643827186030723
18.134365680781265 1.0073001355793343
18.2212373908208 0.9772418804218077
18.232067250553065 0.9865741519934744
18.264518300705888 0.9523549118424135
18.296911796392063 0.9635659289899264
18.31847563628148 1.0106500036782664
18.35077388463955 0.9799707013308153
18.393749994749392 1.0100392766725432
18.479402378802508 0.9883040448030322
18.49008102885802 0.990720968961033
18.554023863032967 1.0292873568679617
18.564659589823897 1.0243485387878692
18.60714170393225 1.0192596484416523
18.64952704747198 0.9755473533666545
18.660108340265136 0.9718463752299225
18.681252945734656 1.0070023197055766
18.744543650854272 1.0370963606277794
18.82860032204013 0.9864979926833394
18.84955592153876 1.0138801459010804
18.86002498978356 1.038266465211441
18.891397384613747 0.9998485370210826
18.901843278353432 1.057480615209924
18.943569252482728 0.9963504728907986
18.995597829597966 0.9421554941517195
19.016369402594023 0.9576755553837514
19.07854843304845 1.0157668640536996
19.10956207871615 0.9877415923859217
19.140525472631023 0.9788121793799678
19.150835479019722 1.011465305071012
19.181732249007418 1.0172834970683535
19.222850693296913 1.0180510837929453
19.233116568898268 0.9686000699479854
19.27412539279029 1.0075318755236038
19.355882389220906 0.9943927268697366
19.396631660407596 1.0020706108915056
19.406805609001445 0.9716358298590706
19.477874452256717 1.0199796647186237
19.48800598711727 0.947525267005977
19.50825327152602 1.0680423397119534
19.518369037449034 0.9967162652254382
19.54868492789681 1.0020693425537728
19.56886942984359 1.033522748919563
19.629298403624325 0.9567600745113934
19.639351822159817 1.0327455681002065
19.669481246914035 1.0287411320082898
19.679514137771452 1.017558496585218
19.719594656151546 1.0371959026857651
19.729602063370773 0.9798595565333175
19.83935038037898 0.9643588345672849
19.869176531592203 1.0021500255152649
19.958387550800953 0.9975408873386833
19.96827528365958 1.0461366228535125
19.997909149012074 1.0135654719352951
20.037352795125287 1.0113163206836009
20.047201580578736 0.9963675562502659
20.076718948585434 1.043755857948146
20.106192982974676 1.1665534095952
20.116008064341784 1.0088746171388498
20.14542461634389 0.9809302148533193
20.194356980429266 1.079772506995451
20.233417668727803 1.041909370563738
20.262663770721687 0.947461883760448
20.282137743280526 0.9679302786194753
20.301593035756863 0.9083808544160799
20.350149893052617 1.0410892598060721
20.38891211845016 1.0606583802762761
20.437261515528483 1.0072025272670881
20.456569277525222 0.9539681132212856
20.46621632794475 0.9691879883816538
20.514383531133717 1.0349846084183756
20.54322964362179 1.0047553888095002
20.581628237210854 1.007180873569819
20.6103802347964 0.9948119304299616
20.66776423513553 0.9791934508965011
20.724989349464305 0.9889225805671145
20.734511513692635 1.0477139804624982
20.744029306947482 0.9743769593126206
20.772556520939517 0.9942515417261412
20.801044611839988 1.0498237900582683
20.81053197589627 1.0592237187092528
20.82001501670555 0.9953328841670767
20.886275745765438 0.9856536783276094
20.91460893864096 1.0376947516264685
20.924044810512235 0.9300156174925389
20.971160485594062 0.9795634662385035
20.999379148933723 1.012295483936961
21.065075691128612 1.0151871787214821
21.074444193122176 1.0436012787219546
21.11187662793612 1.001551429044167
21.12122437097904 0.9687080569024945
21.19585790520373 0.9889660581896412
21.26094733472365 1.0282563070833395
21.325838103160155 1.0350136387822204
21.33509210147079 0.9767294984275172
21.34434208764198 1.0467121579195582
21.362830044410593 1.0028728709108135
21.37206802540212 0.9954215497075212
21.39975804093463 0.9892200698536421
21.445828617490257 1.0045654769906966
21.473423518826586 1.0701227148341421
21.49180043577043 0.9963548981343691
21.510161652648478 0.9949580037271057
21.592593913364396 1.0491692900116154
21.620001490184777 0.9911191636704515
21.638253921878242 0.9998134093981622
21.66560373762545 1.007137064307928
21.692919071529783 1.0123610048731444
21.702016542708286 1.0682835002134974
21.774659479044278 1.0429687568899881
21.783722813246964 1.0090433515736776
21.81089021870742 0.9760943295291326
21.856094184751424 1.0276766019845744
21.88317174316501 1.061033901842006
21.919223121384345 0.9837373022780757
21.946222790566047 0.9855300209989929
21.982170763537773 0.9815120000365567
21.991148575128552 0.9609210186838856
22.000122723053664 0.986511623999347
22.027023229604875 1.0156200805980626
22.06283955119393 1.043251905705054
22.071784550365898 0.9722582955667773
22.098597823524944 0.9947225471239615
22.13429832793612 0.9752458971871399
22.20552714705112 0.9846303920163669
22.21441469079183 1.007870437144631
22.232179119612972 0.9609253593402974
22.267665461622357 0.9625844419165314
22.285387442510764 1.0114812470872139
22.311944020881445 0.9786108236366826
22.373786787740073 0.9843992391736959
22.426659142179734 0.9668325299325667
22.453048630590107 0.9270713426938225
22.479407139330323 0.9833284527003926
22.49696232134157 1.0942378968846596
22.52326943887128 1.0213108357469076
22.558297872848634 0.9989932145829996
22.61946710584651 0.9398205443307092
22.628192069374784 1.0287012433496188
22.654346798277953 0.9725666799054715
22.663058333611776 1.0253330141986015
22.69787103974433 1.0367993748641067
22.706565876699806 0.9890888617135082
22.758665140318964 0.9862392595697067
22.767336760043168 0.9879732943622612
22.776005078179463 0.9659935312772175
22.836591176302157 1.070726661177367
22.845233216791755 1.016214910169781
22.87113974549008 1.0171465946157225
22.931474494459376 1.0145292860766482
23.00881526881454 1.025124738210128
23.04310562356141 0.9683838038548678
23.05167024218963 1.0189633844960833
23.068789940236098 0.9674614218231639
23.102991278423502 0.9667953953741454
23.1200729748632 0.9548853248622227
23.171242509180665 1.0378952215459165
23.179759782950825 1.007022111860167
23.24778563656447 1.0073534166377967
23.256274877539973 1.014279442509108
23.281724027825508 0.9733351306291401
23.315613018147342 1.0467092673151805
23.324077572072284 0.9811990049403009
23.349452822628972 1.039229969198189
23.374800526299833 1.0094955834286712
23.383243654812958 0.9902362933905557
23.459095067899415 0.9855848759834202
23.475917655266 1.0472153930703392
23.526313243113364 0.9329932261413628
23.55147059827097 1.0039951971040812
23.58497199585779 1.0418156992626726
23.610066848137617 1.0207235321103807
23.618425873659966 1.0468566116616678
23.651832433317818 1.0198898285591165
23.660176703266366 0.9845392303049144
23.685191875049675 1.0815392779341104
23.710180654858995 0.9906084832446875
23.751770198582413 1.008118430765337
23.784989473835005 0.9517493085233375
23.84301183791064 1.0024324970366272
23.876104167282428 1.013549825948165
23.884370085538468 1.0082664738725242
23.909150694056354 0.9627971122345655
23.925656840788776 0.9844136639602474
23.950394731430077 1.0578327665122997
23.991567866055178 0.9428609327910809
24.00801734886949 0.9920066441157764
24.049091831165608 0.9646376832178305
24.057298312152174 0.9655460614764318
24.0819009757953 0.9947648664338615
24.13920967721014 1.0321737878786816
24.171896502849954 0.9810923531269893
24.180061305144235 1.034713016825143
24.245280739329093 0.9755214962356337
24.25342083717111 0.9896331597996522
24.26969284224695 1.0307464249970368
24.277824754970457 1.014741130066042
24.399478221341333 1.0088005582069415
24.439894810615037 1.0160710125773236
24.447970110624144 1.0340832441993597
24.472180022591004 0.9970030142088031
24.504422698000386 0.9754149697737086
24.51247674018927 0.9819313851242096
24.536623004530405 0.9737207505052211
24.57681406013946 0.959270231794364
24.632971371293674 1.0461991604959722
24.64098339667103 0.989773285612998
24.68900094801891 1.0084948214186948
24.704986058756763 1.0305324670164913
24.72894435052772 0.9833704182931045
24.752879453098526 1.0220371341224999
24.760852679091464 1.0513051339289128
24.784756967212765 0.9879717009494254
24.792719941544238 0.9431216913604478
24.856331899703015 1.0358045277686052
24.88014445368685 1.0005966539587938
24.896006836205917 0.9681114690166812
24.919781478105747 1.0810646588233492
24.94353345948952 1.0178947679567973
25.01465408573673 0.9669499807712733
25.022543899554037 0.9890152469846789
25.038316068721475 0.9795081846702587
25.08557307723819 0.9847763867884756
25.109168228788228 1.0217798017226252
25.132741228718345 0.9982977928456019
25.14059398355103 0.9781799174773552
25.14844428631334 0.9533651967928902
25.16413754480557 0.9803974150471712
25.203327940058056 1.0656062272434492
25.23463643404211 1.0178108915003217
25.25809233664364 1.0105836179825234
25.27371751125076 0.9829587758973756
25.289333031746615 0.9667070820650073
25.29713717729012 1.000033228480852
25.32832971340211 1.009633729284738
25.359483882267448 1.0351351240853826
25.41391178089842 0.9971855188862945
25.421677682311433 1.0172143062354209
25.444961165453993 0.9628176294150889
25.46047165830887 0.9571311582737531
25.514684130826588 0.9921386801833642
25.57650053670757 0.9666611286250731
25.584217085544093 1.0051823323418985
25.630467591062548 1.0423409853015309
25.638167896956897 0.9991592511287096
25.64586589079407 1.0008749299366468
25.66894602076068 0.9649722683036477
25.761059759436304 0.9521221518886395
25.76872104131852 0.9841754814803445
25.78403677583049 1.0003484363157
25.791691232515614 1.0236456689688496
25.829929491069862 1.013241908054405
25.852845298762983 0.9407909332956516
25.875740812001926 1.0083996060939358
25.883368149179223 0.9158559835867068
25.906236686830383 0.9951649346018882
25.951913307699254 0.9983472801459732
25.97472149722627 0.9236478787182467
26.012690705474636 1.0316723865799804
26.035445651396426 1.058993275634863
26.065754678715738 0.984301195258648
26.133821468652144 0.9651372760545148
26.148923360388487 0.9859594030040388
26.156471036504797 1.0186015274887592
26.18663998659791 0.9417426236546281
26.21677421979796 1.016116006332228
26.239352183695267 0.9888325063281694
26.24687385568112 0.9681614624032888
26.254393372768693 0.988639609065791
26.30696981038268 1.030335908810629
26.314472154699004 1.0116882688245221
26.37441408237874 0.9669498733785495
26.389378290154262 0.9765290229191343
26.39685721287496 1.0193297321561308
26.419281277980282 1.0070985238047645
26.426751737984805 1.0352339845577274
26.45661248393787 0.9645837376108397
26.486439564981765 0.9890400619336512
26.5087878515326 1.0079316833192005
26.51623309472154 0.9776817849175324
26.575719951526327 0.9979857028698302
26.62766193593158 1.0275896758602492
26.657297628950197 1.03624361554522
26.664701405687584 0.9885787762728928
26.672103127247407 1.018421902919127
26.69429597795476 0.9625010355770935
26.71647039350038 1.0145603288475444
26.73124311809815 0.9939390862522288
26.753386910202607 0.9950244945913629
26.790252556615027 1.0000440517321996
26.841779398533234 0.9833276218534324
26.863832076002367 1.0290952392765012
26.893207516245212 0.9751481481819368
26.98114194440908 1.0095699457136451
26.988456880681316 0.9672986932225368
27.01769682087222 0.9878174813308344
27.025001862730974 0.9934329060692763
27.046905150289252 0.985038592688476
27.068790714342484 1.0341666943930599
27.083371265205542 1.0093383379275003
27.105227385452643 0.9823659609882952
27.127065896355663 0.9989046818540938
27.13434149415213 0.9640634847702934
27.185216157933546 1.0383640667931566
27.192476197095672 0.9732097962814942
27.19973429843862 0.9186378352846672
27.22149699105082 1.0404683455101025
27.257729533363687 0.9594610850230993
27.279445959222443 0.9612038334254543
27.308374329980023 1.046074032085884
27.373351386534754 0.9995061672948077
27.394976157296334 0.9709505284156066
27.430979558503786 0.9373255653151089
27.445367694588093 0.990089549534767
27.481305077658845 0.9574952384258575
27.538707344022274 1.0232476694242876
27.54587421658187 0.9220127753414501
27.560202370589316 1.0047387336870015
27.588836354801398 0.9867975557338562
27.60314220816352 0.9986224796159631
27.62458709722607 0.9804456220880625
27.64601535159018 1.0828674286926228
27.653154413129858 0.9712801498405337
27.674560547993064 0.9985227042202481
27.710200692249632 1.0034173495332355
27.738679837168284 0.9612494308000875
27.760020022274066 1.0457307620638807
27.77423770311517 1.0167775090869906
27.816847144229083 0.9824197414778979
27.823942373816283 0.9500645170841505
27.831035794549454 0.9882400487377138
27.88771820722953 0.997471913927549
27.90187081824315 1.0034952745499264
27.908944432456995 1.0275700594634607
27.993688385893254 1.016423644700034
28.02187941860198 1.0243256104301923
28.05004211859304 0.9633774037115502
28.057078376603776 0.9818368154883862
28.078176571120462 1.0278753795181406
28.099258924162907 0.9637587669239079
28.134361072669954 1.0657926147912375
28.162411290078495 1.005538497119323
28.218428075991216 0.9453407016560252
28.225422357441047 0.9687293509863951
28.23940572335084 1.0029206114575537
28.274333882308138 1.0266527404987449
28.281314337637877 0.9830221679763335
28.302245373687445 1.0235332740010652
28.33709607692062 0.9925330016597829
28.351024362881798 0.9863893127579584
28.385815177742128 1.0060870388600476
28.392768225042424 1.0175318508451527
28.413617158135807 0.9282194913497852
28.434450804213544 0.9463496135283492
28.448331425398703 0.9759902062738186
28.46913966767275 0.9885233615707889
28.489932712198335 0.9280497545134182
28.49686035551342 0.9370994311003937
28.52455410389103 1.0252954609168288
28.559133525126853 1.0335084410945354
28.579861095431436 0.9365558989887706
28.614373680274277 1.0242424137627193
28.655733914360567 1.0339970295129797
28.6626214842027 1.0368118501583325
28.683274270466555 1.016044981408188
28.710788208946532 0.9584916958617758
28.717662574712218 0.9692747076997023
28.77259837351113 1.0239367440181886
28.779457975080398 1.0501607223155602
28.82742948255574 0.9945486223595275
28.834276039945365 0.9910741694460353
28.882156498088445 1.0150295376780998
28.902652413026097 1.0383800703563153
28.909481155569825 1.0151222012834185
28.929957711900954 0.9745052618904316
28.94360070144115 0.9830998841254293
28.964053136475833 1.017148964815746
28.991300605470766 0.9969153473166886
29.011719413452564 1.0197532521503052
29.045718861910068 0.9753332456153491
29.052513976954934 1.0048408329501017
29.07288979288596 0.9974655563932516
29.10681778878465 0.9868399489796955
29.14747925371544 0.9580270371346425
29.15425065100826 0.9721646157380108
29.208365315952964 1.0114354082845052
29.228632485258267 0.9748994467922775
29.235385086130446 0.9966974392665597
29.262379907289027 0.9747872737456642
29.289349848412254 1.0124203961456175
29.30956101805037 1.0739270983963531
29.323027391845216 0.9935719935397329
29.336487584150085 1.018917099134345
29.376831157074335 0.9653393207454904
29.417119401591908 0.9394796866536081
29.430536560511467 1.0302186684128278
29.443947605436488 0.9820955545538717
29.45065083776134 0.9854968492543742
29.504221870371047 0.9930361672453012
29.530970943744055 0.9534631699838267
29.537654427125716 0.9571444259254202
29.557695809795966 1.0134455233071604
29.57772361275561 1.0041885316725685
29.591067950728775 1.0049199380707763
29.611073182050976 0.9864486713669894
29.63772581857375 1.010992611845483
29.657699577429867 0.9708580012242737
29.697606793836858 1.0423082734424918
29.71754030550772 1.0202012548516344
29.77063108531333 1.0072294991811426
29.79051573480988 1.0412644798017165
29.797141002485432 1.0274518692380807
29.8037647973883 0.9712930135022311
29.85009020640218 0.9878282808045743
29.856702254374827 0.9967729445914483
29.869921959363705 1.0133583312729137
29.92933837295556 0.9963145169325124
29.955707839192257 0.9904932263418688
29.9754697156721 0.9740289049270864
30.008377256282834 0.9953676778332179
30.034677329040296 1.0032980778388167
30.06752006966629 0.9811740939420439
30.087208505740705 0.9972749516171602
30.11343972999581 1.0669932361067627
30.159289474462014 0.9795939381008205
30.165833749134777 0.9889558265463329
30.172376604379085 0.9539957510598498
30.185458060274147 1.0306206667173168
30.191996662768315 1.0410476480520194
30.211603979476887 1.0093099849607539
30.21813692451584 0.8965051863609226
30.224668457484047 0.9792752362560947
30.263828052992444 1.0209100030674991
30.322472623542506 1.0066159160842043
30.328981687183767 0.9860728835288097
30.348500501831367 0.9392862317338455
30.36800677090595 1.0582736286033256
30.39399565608253 1.0046486998855169
30.400489405896206 0.9721921649009342
30.419962338013146 0.9919679191571531
30.452389553635296 0.9561867448136752
30.478306485605962 1.034128004822597
30.504201398081292 0.9844555077531362
30.536539159094676 0.950841665463878
30.575299325945835 0.980695078972421
30.601112162393026 0.9183850216786557
30.633347620780462 1.0035326146020032
30.63979064275113 1.0357592863455127
30.659111584645608 1.0053625133370157
30.678420358419384 0.991803578013785
30.68485391628783 0.9726643656097597
30.691286125543325 0.9853587604134524
30.710574670105068 1.0323464220090952
30.736273900267637 1.0219860831283916
30.787608005179973 0.9912357694883511
30.794018751320287 0.9651123854819917
30.80683624147005 1.0595818063383855
30.81324298714428 0.99994770552142
30.845256754726716 0.9927498514639086
30.890020289687723 0.9561373991309641
30.909184816579195 0.9949601250104899
30.915570352194596 1.0464358206356874
30.941099316373162 1.0050985484666328
30.947478266923646 1.0053305093734977
30.998462614943662 1.0781382069751533
31.017560139672344 1.0221017031043782
31.03664591328002 1.0313671369840518
31.043005230202258 1.0086463314324492
31.087484024196456 0.8836713754105532
31.100180567108563 0.9918920279721157
31.112871928814997 0.9904280571264628
31.15091499001443 0.9831656766630898
31.19523992450468 1.0099769435569639
31.201566917759983 0.9658746875713
31.2142170569044 1.0403443503510492
31.2458199981335 1.0454767140270267
31.252136751457535 0.9840214997117627
31.271079355531263 1.0068744543304853
31.30262488897938 0.9907136188406066
31.37191340796144 1.1197936159424748
31.403357651003635 1.0127593751188608
31.41592653589793 1.0255171194611938
31.42220909301221 0.9985650302586326
31.441049232064604 1.0040284792837209
31.4724244012648 1.0190748078461178
31.491234498213288 0.9903416317585909
31.51629716393779 0.9740993528630065
31.547597496574138 1.072632189684612
31.553853837239824 0.9999040799645208
31.572615420804546 0.9822636938674154
31.59761353669292 0.9705821867357918
31.62259189121559 1.045383199028938
31.641312716865976 0.9762931448487007
31.697408853578185 1.0053579130146495
31.716085517589136 0.9741286429207291
31.722308628709087 1.0133386442268415
31.753405890003183 1.0562435850662708
31.77204963711689 0.9940982650545902
31.790682450547525 0.9768915094519943
31.796890961972895 0.9856524454539578
31.815509227037758 1.0146344835250165
31.852713109435214 0.9474630583249315
31.902250795834682 0.966793919986878
31.920807608337 0.9647194966251245
31.988757154740235 0.9733994555205017
31.994927230437458 0.9041579514037433
32.00109611649313 1.02482025398165
32.01959564368611 1.0492742403499355
32.03808448882818 1.046472142394599
32.044245066615886 1.0383091810437113
32.05040446024637 1.0455807068900675
32.06887554301696 1.0058713035947084
32.09348711651143 0.9994282227870467
32.09963706140194 0.9792720656412128
32.111933417747 0.9699344863671329
32.14265372843434 0.9972627007800903
32.16720885327492 1.021555649215991
32.18561290294685 1.023504861381842
32.19787642516857 0.9839038921049951
32.21013527823988 1.0391959449692119
32.240762018332184 0.997802620360644
32.265242478972716 0.9966361917197788
