0.3141592653589793 0.9839568862065281
0.4442882938158366 1.0083033413894011
0.6283185307179586 1.0599734616854612
0.7024814731040726 0.9565635014880945
0.8885765876316732 1.010955387652659
0.9424777960769379 0.9227255697384221
0.9934588265796102 1.0072635691835041
1.1327173399138977 0.9511591812311282
1.2566370614359172 0.9404783977022849
1.295311834341519 1.0550564460913656
1.3328648814475097 0.9138475193698659
1.4049629462081452 0.993960849036602
1.5707963267948966 1.002810623379936
1.6019042244414092 1.0292219562117502
1.6917994196464052 0.9479339006876404
1.7771531752633465 1.0785286700945211
1.8318475636281482 1.0145676945533284
1.8849555921538759 0.9822582820685622
1.9109562078716147 0.9355864032009172
1.9869176531592203 0.9964850847182477
2.011600806434178 0.9388013095208727
2.107444419312218 0.9848807610356966
2.199114857512855 1.0783784610880298
2.221441469079183 1.0131351845884233
2.2654346798277953 1.0422726829902513
2.287113974549008 0.9649505482597192
2.392565684078878 1.0199802124588546
2.4536623004530407 1.038486736583957
2.5132741228718345 0.9398854971639666
2.532832971340211 1.030935267124646
2.590623668683038 0.9677019903408934
2.6657297628950194 0.9669936982348193
2.684177939853323 0.9753163696135215
2.702500186273097 1.0032965809099277
2.8099258924162904 0.9706280933317518
2.827433388230814 1.0588658151275865
2.8448331425398705 0.9641578918669257
2.896405313647583 0.9980448885435352
2.9637725818573744 1.0338707071720221
2.98037647973883 1.0135655424490364
3.0941099316373157 1.0595529718306265
3.110018056710856 1.085957638474934
3.141592653589793 0.9736900177301183
3.157261542080455 1.019954038270492
3.2038084488828185 1.0554746326003497
3.2344676015002407 0.9759610962438632
3.2799190229619084 0.9805115150880255
3.3395587991875475 0.9401797765827206
3.3835988392928105 1.0155235718724727
3.3981520197416932 0.9595893428896374
3.4557519189487724 1.0387212351157673
3.4700025027842583 0.9675749994828011
3.5124073655203634 1.0183009760373412
3.554306350526693 1.0116427873254132
3.581966739295071 0.972061776920213
3.6636951272562963 1.04722943648603
3.6771399251989885 0.9774587931849426
3.7699111843077517 0.9866110535448162
3.7829785066240555 1.0565108831708079
3.7960008463632438 1.0074488627829463
3.8219124157432294 0.9824616986759142
3.834802544802423 1.0257585367371846
3.885935503024557 1.0317052517610539
3.936404312276661 0.9511670659428078
3.9738353063184406 1.012505510971374
3.9985946443425293 0.9993741109374416
4.023201612868356 0.9154594624935367
4.084070449666731 0.9443907764847401
4.096135676689911 0.9737366651165478
4.132119990257372 1.0093153829582966
4.191407381052223 1.0130885310445756
4.214888838624436 0.9585873602175247
4.226580647044575 1.0239812159942
4.273027982826149 0.9781619616251201
4.364439997766318 0.9334217583561601
4.375732228794782 1.0229650951758638
4.39822971502571 1.000425393450763
4.4094354139896454 1.0545839890222906
4.442882938158366 1.0529658692738548
4.465042092769171 1.0217581457032994
4.498076146780219 1.0448285370182948
4.530869359655591 0.960342898197848
4.574227949098016 1.0078221250680466
4.638505965758242 1.0067343976070766
4.670313236433664 0.9931540833053052
4.71238898038469 0.9870890305970105
4.722849346153437 1.08182808493149
4.754092350648506 0.9698182892881455
4.785131368157756 0.9379161680209864
4.795433062251854 1.0434434249168851
4.805712673324228 0.9645537651942843
4.877063317881505 1.0411317862115788
4.887171231974203 1.0223440880618748
4.907324600906081 0.9524338740805534
4.917370311728509 0.9813186007831348
4.967294132898051 0.9678354178132055
5.026548245743669 0.9648530799927797
5.036356154085973 1.0387967157114035
5.065665942680422 0.95868164445287
5.075398258939216 1.0543536582933053
5.114142319381306 0.9745302959903515
5.1525950586991 0.9913254901037462
5.181247337366076 1.0299321144872247
5.200261152959997 0.9560319126050372
5.22865223466024 0.9659316807465023
5.266268922782153 1.03594786694316
5.331459525790039 0.9433055358878089
5.340707511102648 1.0281203672717196
5.349939510233657 1.0261164403845664
5.368355879706646 0.9883481335350605
5.377540413162119 0.992688911650409
5.405000372546194 0.9516941400502952
5.423229767882446 0.9638622707874951
5.486555697641512 0.9703341156933531
5.495542690884443 0.970818858653722
5.558044779903243 0.9631081496159958
5.566916365405589 0.9907248283348545
5.593446696935018 1.0805897359519874
5.619851784832581 0.9583560353227669
5.654866776461628 1.0122674804239957
5.663586699569488 0.9946982914599597
5.689666285079741 1.039513913532928
5.732868623614844 1.0123601181550794
5.767197485059024 0.9464457695437422
5.775747819605876 1.0087581797551468
5.792810627295166 1.0397258725142637
5.843700131574958 0.9995714016123238
5.8689794138165 0.9671721761548454
5.902516712034404 0.976872551282486
5.927545163714749 0.9832759729443287
5.96075295947766 1.0064404817733386
5.969026041820607 0.991798390341568
5.9772876735140885 0.9911475399402832
6.002004337217373 1.0253794058248358
6.034802419302535 1.0249563763481098
6.0429741257124885 0.9803053545450728
6.067423210561738 0.985274068390137
6.099869555335333 1.028100159666076
6.172250237004728 0.9756667801332866
6.1882198632746315 1.0791218568720138
6.196189241803191 0.9647269067948386
6.220036113421712 0.979668731670466
6.23588336487238 1.0421124862447897
6.259579017180369 0.9167690918639556
6.283185307179586 1.013663566114862
6.291034386201392 0.958517144707118
6.31452308416091 0.9819328661954164
6.322333257936654 0.9611401585935859
6.353477945224605 1.0130567517749112
6.361240291363498 1.051831724903725
6.407616897765637 0.9717981950418418
6.4460091939576225 1.0018105312589685
6.468935203000481 0.9635707394905897
6.476559171707596 0.9985699547198252
6.537230840097122 0.9654099242594185
6.559838045923817 1.0351194294051427
6.5973445725385655 0.9346311306477797
6.6048203194950705 1.0292105789666006
6.62719696288315 1.04994189678469
6.656915483982895 0.9796295443826919
6.664324407237549 0.987809943011388
6.679117598375095 1.0422026287026558
6.715958019000592 0.986341951537352
6.723301879061303 0.9619508154504363
6.74528548610227 0.9645959079834325
6.767197678585621 0.9892742101008841
6.781766474088916 0.9472840995495976
6.7963040394833865 0.9946436705238756
6.861341923647023 1.0005075414927154
6.890050592647329 0.9825213553558255
6.897209088700349 0.9413722611406097
6.911503837897545 0.9466766730332071
6.918640136998266 0.9977311535323671
6.9400050055685165 0.965580709833217
6.954211786057271 0.9635877234059776
6.975467704560788 1.039688927428442
7.024814731040727 0.9965157536033092
7.05985143083771 0.9945108451722082
7.0877560907204495 0.9386265255433802
7.108612701053386 1.0548913617141218
7.122483178049584 0.9656082928893379
7.163933478590142 0.9325122235457586
7.170818567616639 1.0273854850694324
7.177697052236633 1.0638453579773028
7.225663103256524 1.0553095430194581
7.2324894279752385 1.0413552456563333
7.252929853363141 0.962543777519256
7.28686981342886 0.9119359646909488
7.307158121314567 1.015892506548606
7.327390254512593 0.955784051643471
7.334121896037521 1.013516286355202
7.354279850397977 1.0208605930947825
7.360986901359122 0.9666990329478928
7.394430903188902 0.9942624068233417
7.414424894357467 0.9913023634953723
7.44762893370247 1.079022529824755
7.467480489840926 0.9937449784939258
7.493867428918025 0.9769647210563949
7.5398223686155035 1.0759459054591316
7.546364515068537 0.9945525939481498
7.552900994869222 0.9634014618961152
7.565957013248111 0.9867892108194396
7.5920016927264875 1.1069523670788444
7.598498914020633 1.0221832238546547
7.604990584503287 1.0676442040434833
7.643824831486459 1.0550517192777615
7.6502780405982564 1.0292638045747022
7.669605089604846 1.0888849801294052
7.701709060367513 1.0027061320986206
7.727296204144799 1.0083320600519479
7.759161478320005 0.9836547095305306
7.771871006049114 0.977920367779886
7.778217982203749 1.0511534125991782
7.8035542642261 1.0003660417906137
7.853981633974483 1.0548307347122916
7.860262308016151 1.0081594088768
7.872808624553322 1.0037355885317627
7.879074290984447 0.9785210769105629
7.910328179216494 1.0075610607797505
7.929021379397284 0.9933508049882147
7.947670612636881 1.0057159427389324
7.9538773067594395 1.0133512883478657
7.997189288685059 1.053719507298165
8.009521122207046 0.9833769485626372
8.02798335443675 0.9860812900220027
8.046403225736713 0.9900093918770397
8.05253381955997 0.9678207709017661
8.077009662690807 0.9759485886054962
8.107500558819291 1.0443175448166082
8.149996172964217 0.9779585995528102
8.156048900254477 0.9521744583359112
8.168140899333462 1.0283443916688937
8.174180191026801 0.9728901032931205
8.192271353379821 1.002782728872052
8.22233483552343 1.0155467913994682
8.24630670806669 0.9890650078512383
8.264239980514745 1.0620376085132799
8.294042601505783 0.9232521495514829
8.29999028430779 0.9896007420149106
8.317807815262167 1.0245924571194664
8.347419186292903 1.012366439965458
8.365135695475809 1.055495734290231
8.382814762104447 0.9771427577614417
8.429777677248872 1.0324738771338346
8.441477582500896 0.9338175557211882
8.45316129408915 1.0411954763052476
8.458997098232027 1.0241371770824435
8.482300164692441 1.0168487362709115
8.488115935114948 0.9818849844745634
8.505539386775244 1.0004472700829268
8.53449942761961 1.0164594673843472
8.546055965652299 1.0017656641297217
8.574879170467401 1.011922726894162
8.580632193033717 0.9846550912552315
8.62651825386197 1.0175724179732166
8.64366272573418 0.9553375578474145
8.666469263332676 1.018556925354866
8.689215940942749 0.9483064158133578
8.711903227445605 1.003028419723351
8.728879995532637 0.9770016014109696
8.734531585633013 0.989125994526411
8.751464457589565 1.0237439423512054
8.762734860788337 1.0634381073471948
8.79645943005142 1.0268326379420807
8.802067629173925 0.9829574198243709
8.818870827979291 0.9587411592440823
8.846805236956367 1.0151826097957901
8.852381540842527 1.0414918923804515
8.869089416432907 1.0117086825989454
8.885765876316732 1.0012908251050463
8.891317745572124 1.0128162769778255
8.896866150321507 0.9545020370394133
8.930084185538343 0.9799804698790147
8.935608518999302 0.9675114134168146
8.94112943921649 0.9534178612288831
8.98517467837498 1.0251127814778398
8.996152293560439 1.0097638054452052
9.00163608089905 0.9501412895662353
9.045386696268478 1.0128021127460074
9.061738719311181 0.9301964186781012
9.067182840390632 1.000930931243312
9.1106186954104 1.0078255587770735
9.116033625276533 0.9964768392921138
9.132259150352944 1.011398614222324
9.148455898196032 0.9662154260953336
9.15923781814074 0.9730671545050175
9.175386942319776 0.9565409810584005
9.196874997374696 1.009149392020782
9.239701189401254 0.9622279823714684
9.24504051442901 0.9854227449711996
9.277011931516483 1.0415693454054742
9.282329794911949 0.9742547794114299
9.303570851966125 0.9631341738814173
9.32476352373599 0.9865124306007114
9.330054170132568 1.0571694089103252
9.340626472867328 0.9795825379534244
9.372271825427136 1.0202985567311997
9.414300161020066 0.997226608923939
9.42477796076938 1.007801320281639
9.43001249489178 1.0270162399010034
9.445698692306873 0.9642626259648178
9.450921639176716 1.0000758869617101
9.471784626241364 0.9880660149123311
9.497798914798983 0.9723595132854181
9.508184701297012 0.9990757685318803
9.539274216524225 1.0808214840397337
9.554781039358074 1.0128942282727393
9.570262736315511 1.0061280355822912
9.575417739509861 1.0208928595553535
9.590866124503709 1.010366971815848
9.611425346648456 1.0260632837126133
9.616558284449134 0.9612986975212375
9.637062696395144 0.9992406042097248
9.677941194610453 0.9795011584872826
9.698315830203798 1.0073388080999615
9.703402804500723 0.9828705209734601
9.738937226128359 0.9179048188993306
9.744002993558635 1.012661960785225
9.75412663576301 1.006907740081756
9.759184518724517 1.016559674311676
9.774342463948406 1.0293887984341046
9.784434714921796 1.021449812836259
9.814649201812163 0.9893709531677528
9.819675911079909 1.0029675390470494
9.834740623457018 1.0058981477007405
9.839757068885726 0.9905254336153143
9.859797328075773 0.9946609080338044
9.864801031685387 1.0059704490464225
9.91967519018949 1.0591447095978606
9.934588265796101 0.9999059429676604
9.979193775400477 0.9676606512946249
9.98413764182979 0.9641209226465383
9.998954574506037 0.9532193499882138
10.018676397562643 0.9888429097734271
10.023600790289368 0.974144287337939
10.038359474292717 0.9773182944125065
10.053096491487338 0.9650551114226015
10.058004032170892 0.9848132619679071
10.072712308171946 1.0475474814719845
10.097178490214633 0.9974019235067533
10.116708834363902 0.9983370551972515
10.131331885360844 1.0391773762295209
10.141068871640263 1.0018626716180903
10.150796517878431 1.0157823975034155
10.175074946526308 0.9951478279224932
10.19445605922508 0.9791961063050956
10.218630757764242 0.9241617983199505
10.228284638762611 0.9971955193855315
10.233108163972375 0.9847318075539614
10.257191765566859 0.9859558030993674
10.271614821810894 0.961036083067926
10.290814118605427 1.0442449790132484
10.3051901173982 1.0061903552520617
10.333882117567764 1.0076312276592911
10.362494674732153 0.9920970216692159
10.367255756846317 1.061937281271835
10.372014653473741 0.9699301077154052
10.386278260469759 0.9776067757182106
10.400522305919994 0.9938155442324862
10.405265987948136 0.9798509649317946
10.410007508352775 0.9684047100139982
10.443137872882719 0.9973275250446002
10.45730446932048 0.9960106583323973
10.462022405256118 1.0284476760485863
10.485580242797031 1.0363876916718895
10.499689574466862 1.0284282362147248
10.532537845564306 0.9854346816538064
10.537222096561088 0.9972204401977962
10.55593831396806 0.9639300253673106
10.56061218548952 1.0120791693803237
10.597928952601865 0.9543880959841071
10.630473667361825 0.9633948254982291
10.662919051580078 1.0557662418908516
10.667546050735394 0.9993226399097991
10.67217104382099 1.0255760152965316
10.681415022205297 1.012757418645929
10.68603401270106 0.9703294258493337
10.699879020467314 0.9703216072923301
10.722914308745128 0.984524508338508
10.736711759413293 1.038668992405855
10.745900217885215 0.9688384348074279
10.755080826324239 0.9769108622785734
10.796296956682198 1.0984283631657328
10.810000745092388 0.9431227049578134
10.819126960939121 0.9648477676454362
10.832801868812725 0.9729407808886592
10.846459535764891 0.9538962763342479
10.851008271354143 0.9150603824301125
10.887329739522139 1.0316844345266976
10.891861406623482 0.9792850931370856
10.90544510935371 1.0157559124648567
10.928047092375712 0.9966890773940391
10.941585871582506 0.9741779071100735
10.959611560692172 0.937873049869286
10.973111395283023 1.055259085384001
10.991085381768887 0.9787586681019708
10.995574287564276 1.0187508356044461
11.000061361526832 0.9998866521310962
11.013511614802438 0.9945872569916588
11.031419775596966 1.0036518900758038
11.035892275182949 1.0133591188942617
11.049298911762472 1.0427045039647225
11.06714916396806 0.9888374580908801
11.10276357352556 0.9865631533787567
11.107207345395915 1.0144665478585224
11.116089559806486 1.0572661869366342
11.133832730811179 1.0058482332963283
11.142693721255382 0.9743813876416644
11.155972010440722 0.9855647750970548
11.186893393870037 1.0093282044947478
11.213329571089867 0.9664964284422831
11.226524315295054 0.9592093014866944
11.239703569665162 1.0214439972017948
11.248481160670785 1.0449243634447403
11.26163471943564 0.9349282959651762
11.279148936424317 0.9779298586148053
11.309733552923255 1.0409726885016677
11.314096034687392 0.9601367039807494
11.327173399138976 1.0038392333696633
11.331529166805888 0.9952090570086252
11.348935519872166 0.9651360245317704
11.353282938349903 1.0424269192099231
11.379332570159482 1.028896296365895
11.383668380021584 1.031278914578354
11.388002539089731 0.9602383316043931
11.418295588151079 1.0656102479741636
11.422616608395877 1.0056386709602534
11.43556987274504 0.9986469642580222
11.465737247229688 0.975034470958376
11.50440763440727 1.0096989213870793
11.521552811780705 1.0464799264428135
11.525835121094815 1.011181942261563
11.534394970118049 1.0183277814507128
11.551495639211751 0.9770171549523866
11.5600364874316 1.0049402636939526
11.585621254590333 0.9745006215123783
11.589879891475412 1.0224078565896537
11.623892818282235 0.9963813004179772
11.628137438769986 1.021572003159074
11.640862013912754 1.0256249284030754
11.657806509073671 0.939005143510323
11.662038786036142 0.9974482775610157
11.674726411314486 0.9816554593428289
11.687400263149916 1.0437505499120925
11.691621827406479 1.0449584656744364
11.729547533949708 0.9746947787769861
11.737958827633 0.9459699589604946
11.763156621556682 0.9643324625919658
11.775735299135485 0.9784640502313211
11.792485997928894 1.0104991526158358
11.805033424068808 0.9791894545256448
11.809212936829983 0.9818328226041783
11.825916216658909 1.014790458321562
11.830088351633183 1.074485505786691
11.842595937524838 1.0527543795193655
11.855090327429497 0.9858845314467953
11.875885099291207 1.0365539061869908
11.892494736917502 1.0168733794795728
11.92150591895532 0.9776334961402765
11.938052083641214 1.0394699445718774
11.942185042769234 0.9950984629248745
11.954575347028177 0.9914719228299502
11.962828420394388 1.023468811299458
11.975197365715038 0.9436554723914835
11.995783933027589 0.9986085093829987
12.004008674434745 1.0020204366420662
12.024545915582804 1.0358649260433077
12.028649156076087 0.9777564099360089
12.04095048789765 1.0105677932959756
12.06960483860507 1.0203861430411174
12.085948251424977 0.9365654182158869
12.090030652572118 0.9776714455232174
12.122640369664547 1.0327603566982493
12.126710418585555 0.9983154285173437
12.134846421123475 0.9673665087649331
12.138912377485228 0.9834468242445155
12.199739110670667 1.0169833303867193
12.219947405307519 0.9836303529374727
12.223985055312072 1.0198501450210118
12.236090011295502 0.9841218152239029
12.252211349000193 1.0376010120198347
12.256238370094636 0.97553963834685
12.268311502265203 1.0162881513527908
12.28840703006973 1.0176517324949075
12.316485685646837 1.0587719365142707
12.320491698335514 0.9748927089395574
12.344500474009456 0.9203689522508351
12.352493029378381 0.9499128657767195
12.36447217526386 1.0067718931193896
12.376439726549263 1.004101190987995
12.380426339545732 0.9030990072040831
12.392378483606382 0.9564198805371577
12.396359970772119 1.054629227878604
12.428165949851508 0.9617553184833649
12.440072226843425 0.9618286641675243
12.448003418102958 0.9719944403588565
12.459890739052874 1.0268661453673813
12.47176672974476 1.014332868586357
12.507327042868365 0.9613538341965477
12.511271949777019 1.0183763622864317
12.519158034360737 0.9860112675517898
12.542786538619096 0.9693541607099512
12.554584114394114 0.9487594440137588
12.566370614359172 1.0452515157138729
12.570296991775516 1.0040892565897952
12.57422214315667 1.0163701573817947
12.582068772402785 0.9915001080001237
12.601663970029028 0.989189841585748
12.617318217021054 0.9849481373811213
12.62904616832182 1.0066957131212897
12.63685875562538 0.9490806023056994
12.644666515873308 0.9871477436903874
12.64856858864506 1.013147908366052
12.664164856701055 1.0034125716595073
12.679741941133724 1.0187944232938173
12.70695589044921 0.955931205028305
12.710838841155716 1.0022162141116915
12.722480582726996 1.0141359452336038
12.730235829154434 0.9858690014684722
12.757342065413294 0.9916360910958473
12.788250268353785 1.0031963955716758
12.792108542772047 0.9852722913403176
12.815233795531274 0.9750061727949512
12.819083948478449 1.0357454015077001
12.822932945397035 0.9783913216986037
12.83447301038034 1.033705227533345
12.880529879718152 1.0308255898909737
12.88436052065926 0.9822543686737016
12.892018387915245 0.9975950206220459
12.895845616257807 1.0181615067809182
12.914964745534931 1.0264620954176669
12.926422649381491 1.0038711303100813
12.937870406000963 0.935656573661919
12.941684074589611 0.9897316365990784
12.953118343415191 0.987518173868099
12.975956653849627 0.9906320871846515
12.987360748613135 1.0670158249008916
13.006345352737318 1.0120054459862917
13.017722825698213 1.0052309318619086
13.032877339357869 1.000863102182898
13.066910734326072 1.0046341718883156
13.074461680194243 1.0095957280728427
13.078235518252399 0.9721757747878876
13.093319993298955 0.9982243302881174
13.10838710989898 1.0679297515043518
13.119676091847634 0.9471894807512031
13.12343692784056 1.0201757824644464
13.127196686384346 0.9932421617778293
13.15348490519134 0.9858589036108947
13.157236077349502 1.0547137510298825
13.18720704118937 0.9537153584305222
13.194689145077131 0.9312410039045642
13.19842860643748 1.0187188216988097
13.209640638990141 1.007175824337419
13.213375868992403 0.9866641985614131
13.228306241968935 0.9380028255148929
13.243219782490883 0.9638923705106253
13.2543939257663 1.0062503661924895
13.25811654736077 0.9788553603197456
13.287859975763164 0.9761614555653401
13.31383096796579 0.967048214215043
13.328648814475098 0.9910051060001328
13.332350702843792 1.022624209738179
13.336051563623704 1.0147111889392257
13.34714798897738 0.9900540591023348
13.35823519675019 1.0896028859114324
13.365621559049075 0.9874138600854145
13.376693455101304 0.9428003464565063
13.395126278307513 1.0120085693271619
13.420889699266617 0.9832792429143659
13.431916038001184 1.03132377921165
13.446603758122606 0.9528633201116687
13.49057097220454 0.983526737792889
13.494228440340658 1.0130711966099404
13.50884841043611 0.9715429181136669
13.512500931365487 1.0469912104816341
13.523452575144626 1.018225751144473
13.534395357171242 1.028702885031101
13.541685632602771 1.0429561049407319
13.552613692726322 1.007173241564049
13.563532948177832 1.0727368010782756
13.567170747076066 1.007816836681346
13.592608078966773 1.0464364667005104
13.596238098547836 1.0117080224897779
13.59986714921931 1.0415573357058643
13.61074849552541 1.0589643046403967
13.628864766681843 0.9742182746922488
13.639722979611221 0.9683147314428774
13.654187164990011 0.9911952562022758
13.686675693267377 1.0155150091609817
13.697488078648167 1.0006027784179785
13.715489779251893 0.9786458493588874
13.722683847294046 1.0103221490916428
13.740652538829423 1.0081034110287193
13.769353672011137 0.9707220132431282
13.772937108290934 0.9838606077840771
13.780101185294658 1.0109116234117435
13.794418177400699 1.0127487010773661
13.80157110408176 0.9918497031852709
13.812293548613034 0.9532819774698115
13.82300767579509 1.0420926304890776
13.826577206564929 1.0107866364379001
13.837280273996532 0.9708144600770926
13.855100346124816 1.000244310281329
13.869339918584142 1.0847993735097055
13.880010011137033 0.9759696337583429
13.887118851557585 0.9876904591429501
13.908423572114541 1.0118066984591427
13.911971186908142 0.9978670039427443
13.915517897274727 0.9101635551473494
13.943859103614765 0.9907451065409759
13.950935409121575 1.0372812553114448
13.954472216228497 1.0293366014528238
13.996844192946627 1.0271675918384189
14.01093970930099 0.9531319644846843
14.02502105929652 0.9753654886134566
14.028539188301888 1.0050733701784413
14.039088285560231 0.9955700716632211
14.049629462081453 1.021649951231649
14.067180536334977 0.9844131889539492
14.081205645039248 0.9659184075925614
14.109214037995608 1.0075750293647467
14.112711178720524 0.947589766165679
14.11970286167542 1.0059865150629015
14.137166941154069 0.9561886526098929
14.140657168818938 0.9947399239248711
14.151122686843722 0.995021274096138
14.16854803846031 0.9863993768459491
14.175512181440899 1.041269091684176
14.192907588871064 0.9922852814479205
14.196384112521212 1.0079516209858503
14.206808579067904 0.9957997524850039
14.217225402106772 0.9999782874962212
14.224165712699351 0.9876014589496543
14.234569833836375 0.9971564433461592
14.244966356099168 0.9986954363031011
14.24843017775671 1.0265363176296334
14.262277051945516 1.0295546388482624
14.279566762563427 0.9782879615007205
14.289930547715718 1.010217228755846
14.307186840137138 1.0318274874330606
14.327866957180284 0.9416221522690438
14.33131074210135 0.9589477498229629
14.341637135233277 1.0042604544311973
14.355394104473266 1.0114543922122112
14.358831287356109 1.0015978526311686
14.386299186755565 0.9720533795014616
14.389728987540199 0.994005801094319
14.41371474127787 1.0553977977069597
14.417138019972683 0.9716285451235774
14.441078249044223 0.9483140734099238
14.451326206513048 1.0031970550443505
14.454740577784913 0.9902553514895928
14.464978855950477 0.9718899575493489
14.471800350720574 1.0503406452851634
14.482026568237917 1.01637605335015
14.495650302735383 1.0141905577328647
14.505859706726282 1.0144305441614963
14.522859430955034 1.0144903480594913
14.526256988477467 1.0312632040405922
14.53644489644298 0.9830646542300356
14.553408894392325 0.9645039156036588
14.57373962685772 0.9541178366102702
14.57712532550413 0.9864479408540913
14.604182657976482 1.025106523632701
14.614316242629133 0.9597689746650885
14.617692543065223 1.0218708347982821
14.631189953644514 1.047995324554541
14.644674924206127 1.0291838257052337
14.654780509025185 0.9979238226307653
14.661513695922608 1.0242299066988465
14.668243792075042 0.9816306536293143
14.688415578537168 0.9207353960654117
14.708559700795954 1.0531167051597237
14.715268280255733 0.9340288098206873
14.721973802718244 1.0315112598901808
14.72532541888067 1.0023563600753276
14.752110935185524 0.9367979833526487
14.765485471872028 1.092636853396782
14.768827213562858 0.9800489606364262
14.778847904897983 1.0223456278877776
14.788861806377804 1.017304435876398
14.795533975364387 1.0635277369749754
14.805536591025488 1.0285129929764358
14.818862909286874 1.0005150418019806
14.828849788714933 0.958915004595052
14.848803396918429 1.0592532448361849
14.85877015275386 1.0115651725352037
14.885315542656665 0.9758517782223421
14.89525786740494 0.9491850652828624
14.898570501242716 1.001165512016278
14.90188239869415 0.960693197540649
14.92504510320109 1.0378581736277994
14.928351127187414 0.9635054212023296
14.934960979681852 0.977261762800788
14.96466918647778 0.9968582145127978
14.977853919596129 1.0239808852493986
14.98773485783605 1.0490697447575656
15.004188628141417 1.0193329350943825
15.017338664520148 0.979420010719523
15.033760034833145 1.0022476230302635
15.043604252870352 0.9508357165440371
15.056719864997905 0.9636870021627273
15.079644737231007 1.0307454982705344
15.082916874567388 1.032436238859797
15.086188302189543 1.0615329338580464
15.092729030137074 1.0216553223795508
15.095998331384157 0.9526571781606259
15.105801989738444 1.015742519041684
15.10906846225792 0.9600307566412691
15.112334228742023 1.018287430099545
15.131914026496222 0.9993882950832388
15.161236311771253 1.0173317676618268
15.164490843591883 0.9617392660698382
15.174250250915684 0.9910371032006664
15.184003385452975 1.0135832246301402
15.196997828041265 0.9743397539865704
15.200244702948103 1.0095399222970156
15.209981169006573 1.0060890688839241
15.226194776817648 0.997989659349988
15.239153242802981 0.9707517835197637
15.252100699040646 1.012626655520076
15.268269579547338 1.0242555843900822
15.287649662972917 0.9593057590001122
15.300556081196513 0.9551830963235659
15.316673810390231 1.0567849579605073
15.319895321375565 1.009553504574293
15.329555792322804 1.0679860507633352
15.339210179209692 1.0052492019553985
15.342426958143916 0.9970089834102267
15.345643062771662 0.9538079304401841
15.355287335052534 1.0128287981181938
15.368136950133819 0.9791099846027582
15.393804002589986 0.9517611516540043
15.397009375660144 0.9413935421390066
15.403418120735026 1.0021651557495648
15.40662149357214 1.0091485917108984
15.422628377363358 0.9776032462399905
15.445010144843861 1.0026279743455757
15.454592408289598 0.989217899891938
15.457785176097298 0.9721658239452148
15.470549658186581 1.013241623962975
15.473739133461823 0.9648777155671244
15.499231307471831 1.0407173306964297
15.508780069836172 0.9732969176703117
15.51832295664001 1.0134655613087746
15.521502615101129 0.9799441038798556
15.543742012098228 1.0219257676732538
15.550090283554281 1.0305781095594242
15.556435964407498 1.036605896571601
15.575457495007216 1.0000485017112626
15.59761996225234 1.010638766147125
15.600783458879992 0.9503502434536126
15.6071085284522 1.000054494988293
15.62290999906675 1.0525337312191896
15.626068375728767 0.9720959966182794
15.635539677765632 0.9827204144414554
15.65131244448969 0.9872471931503403
15.68595670398072 0.9941031335069339
15.701678825501817 0.9374460759673375
15.707963267948966 0.9982164079887715
15.711104546506105 1.018055860466382
15.720524616032302 1.0251770157381828
15.7362122006324 0.9859939054313739
15.745617249106644 1.0475512348160196
15.758148581968895 0.9669213587896296
15.773798748287069 1.0056896578069285
15.776926918619912 1.0025246099171417
15.786307710402273 0.9773346893556727
15.79880676834646 0.9519946272651036
15.811295945607794 1.0237120403683035
15.820656358432988 0.9423852728358081
15.848704426789093 0.9748532413826031
15.858042758794568 1.0401998931597034
15.861154314354543 0.9789458143252198
15.876702945001592 1.015138471587536
15.886024818558445 0.9786778067854922
15.895341225273762 1.0438039506609835
15.898445480986448 1.027200299231607
15.907754613518879 0.9929964472371631
15.926356554717607 1.007778441918222
15.951125397917341 1.0110853299584353
15.9604038041685 1.0649303824773475
15.994378577370117 1.0291103260463679
15.997463615218729 1.0384258477059847
16.000548058246565 0.9280267332653394
16.009797821843055 1.0459330601286791
16.01904224441409 1.0129611165719288
16.022122533307943 1.0007343368348043
16.025202230123185 0.9666342075389198
16.03443777150848 1.0015801692787578
16.046743558255717 0.9357867862973509
16.04981853070097 0.9845489438434085
16.0559667088735 1.0275271141610391
16.07132686421717 0.9786164087669154
16.08360442663746 1.020075365826062
16.092806451473425 0.9956642291653973
16.098938212584287 1.0173904488953103
16.10506763911994 1.0730033678532969
16.120381009166092 1.0108336776853029
16.132621239486358 1.0456674504136334
