0.6283185307179586 0.9454546748916569
0.8885765876316732 0.966795288145098
1.2566370614359172 0.9848692190084811
1.4049629462081452 1.0736566463919848
1.7771531752633465 1.0114111838551358
1.8849555921538759 0.9717139301476182
1.9869176531592203 0.9785871289639718
2.2654346798277953 0.9801462351138029
2.5132741228718345 1.0601757015391333
2.590623668683038 0.9686199054771137
2.6657297628950194 1.0012831018968793
2.8099258924162904 0.9924370450262952
3.141592653589793 0.9892679997281235
3.2038084488828185 0.9843901295838787
3.3835988392928105 1.0104814648253246
3.554306350526693 0.978617244643145
3.6636951272562963 1.021769312745889
3.7699111843077517 1.0207142757275636
3.8219124157432294 1.0574860919584834
3.9738353063184406 1.0249559498739527
4.023201612868356 0.9706592553238356
4.214888838624436 1.038611525637486
4.39822971502571 0.9251367047324907
4.442882938158366 0.9833258756408065
4.530869359655591 0.9488786705377359
4.574227949098016 0.9674396562023151
4.785131368157756 0.9544780281085496
4.907324600906081 1.0142292476573078
5.026548245743669 0.9543787315734038
5.065665942680422 1.0410734639364407
5.181247337366076 1.058361071095479
5.331459525790039 1.0736327936767684
5.368355879706646 0.9788896219548058
5.405000372546194 0.9782590766895828
5.619851784832581 0.9811618813308175
5.654866776461628 1.0659042720648018
5.689666285079741 0.9430051172605199
5.792810627295166 1.03882901738218
5.927545163714749 1.005222591956125
5.96075295947766 0.9624192135935314
6.1882198632746315 0.9739582762141578
6.220036113421712 0.9803104416083461
6.283185307179586 0.9920357913854921
6.31452308416091 0.9847980394630464
6.407616897765637 0.9823151362828715
6.468935203000481 0.9943533469937219
6.559838045923817 1.0265118223273821
6.679117598375095 1.0422330102813855
6.767197678585621 0.9658317003744069
6.7963040394833865 1.0496998254070196
6.911503837897545 1.0283400758836398
6.9400050055685165 1.0411813593320862
7.024814731040727 0.9623957205411106
7.108612701053386 0.9411242671585933
7.163933478590142 0.9944894057346229
7.327390254512593 1.0341596706793554
7.354279850397977 0.9834619374059885
7.5398223686155035 1.0733608780250803
7.565957013248111 0.9860988690937234
7.5920016927264875 0.9541846023933351
7.643824831486459 1.034966255364575
7.669605089604846 1.0297814988328353
7.771871006049114 0.9602110463400093
7.872808624553322 0.9765245656116655
7.947670612636881 0.9860904227289451
7.997189288685059 1.0264030004267255
8.046403225736713 0.990682256384945
8.168140899333462 1.0252964698233613
8.192271353379821 1.0196537489933977
8.264239980514745 0.9670552637990837
8.382814762104447 1.0641885937784326
8.429777677248872 0.967807856922548
8.45316129408915 1.0023712552708073
8.546055965652299 1.0295367046541823
8.728879995532637 0.9672990114032869
8.751464457589565 1.05341567514989
8.79645943005142 1.0325512600658535
8.818870827979291 1.003858159359344
8.885765876316732 0.9730366628705431
8.930084185538343 1.032248642479685
8.996152293560439 1.0540040773606532
9.061738719311181 0.9974445416346933
9.148455898196032 0.9755323416148862
9.277011931516483 0.9993114944549135
9.340626472867328 0.9967112080998919
9.42477796076938 1.0078837524808033
9.445698692306873 1.0660921665890142
9.508184701297012 1.0212094830780054
9.570262736315511 1.0155777696064103
9.590866124503709 1.009627411884578
9.611425346648456 0.9889399524091315
9.75412663576301 0.983205136537498
9.774342463948406 1.0450273676681758
9.814649201812163 0.989185419255861
9.834740623457018 1.0077523499624967
9.934588265796101 0.9918367972300972
10.053096491487338 1.0015595286480459
10.072712308171946 0.978989753481573
10.131331885360844 1.0004668539254002
10.150796517878431 0.9991111986832061
10.228284638762611 1.0557076087258992
10.3051901173982 1.0053038157946594
10.362494674732153 1.0452334065509108
10.400522305919994 0.9892123423412698
10.45730446932048 0.997327853432656
10.532537845564306 1.0103434533354434
10.662919051580078 0.9552267854170684
10.681415022205297 0.9833671844792068
10.699879020467314 1.0156274979859945
10.736711759413293 0.9428454028292963
10.755080826324239 1.0106168913410807
10.810000745092388 0.938062841494669
10.846459535764891 1.002087990053715
10.973111395283023 0.9904940989926395
10.991085381768887 0.9917322262745816
11.116089559806486 0.9826479342360486
11.133832730811179 1.0303088712930224
11.186893393870037 1.0258362727851662
11.239703569665162 1.0127083928071678
11.309733552923255 1.1358254207933078
11.327173399138976 0.9764570733671073
11.379332570159482 0.9750269393311014
11.465737247229688 0.9756180818582463
11.534394970118049 0.9914100415758217
11.551495639211751 1.037585782826949
11.585621254590333 0.9842062607814516
11.687400263149916 0.9700797147378669
11.737958827633 0.9786208470152549
11.805033424068808 0.9949412178883269
11.855090327429497 1.0741596055722993
11.92150591895532 1.0086096757011782
11.938052083641214 1.0356170141157661
11.954575347028177 0.951876215611409
12.004008674434745 1.0314775094083384
12.06960483860507 0.9022403731943709
12.085948251424977 0.9991292017013813
12.134846421123475 0.9665361196246373
12.199739110670667 1.0236346389989166
12.344500474009456 1.0145616919448381
12.376439726549263 1.0317948295868637
12.392378483606382 0.9258161428362939
12.440072226843425 0.9907647630945426
12.47176672974476 1.0472417697496075
12.519158034360737 1.0547554399035652
12.566370614359172 0.9956820095895078
12.582068772402785 1.0688126667424185
12.62904616832182 1.0043796221091226
12.644666515873308 0.9882499896143341
12.70695589044921 1.0297808753604727
12.722480582726996 1.003057202550511
12.815233795531274 1.0177376104336529
12.892018387915245 1.034013027342781
12.937870406000963 1.0353272014939272
12.953118343415191 0.9975513215218872
13.074461680194243 1.035670385949998
13.119676091847634 0.9612419197406058
13.194689145077131 0.9506311360485165
13.209640638990141 1.0350163701544148
13.2543939257663 0.9981471672998421
13.31383096796579 1.0089897612323944
13.328648814475098 0.9886697072838748
13.35823519675019 1.0345626863227215
13.431916038001184 1.0417238559803819
13.446603758122606 1.018929439820842
13.49057097220454 1.0310978723358326
13.534395357171242 1.0053307024688742
13.563532948177832 1.0469351033601884
13.592608078966773 1.0284581478478165
13.722683847294046 0.9634536412753705
13.780101185294658 1.000438611873377
13.794418177400699 1.031807799773397
13.82300767579509 0.9673792920214455
13.837280273996532 1.0288612291751542
13.880010011137033 0.9097344144945392
13.908423572114541 0.9948453446964308
13.950935409121575 0.9865451810996102
14.049629462081453 1.003111110479366
14.11970286167542 1.0093177990124504
14.175512181440899 1.06262062112141
14.217225402106772 1.0637871287557354
14.244966356099168 0.986320696271208
14.327866957180284 1.0033063807622156
14.341637135233277 1.0490539657639406
14.355394104473266 1.0771409373048888
14.451326206513048 0.9623579321900684
14.464978855950477 1.012803052481348
14.505859706726282 0.9977772799544518
14.57373962685772 0.9515935439089251
14.614316242629133 0.9251612938044173
14.654780509025185 1.008825701433999
14.668243792075042 1.0304118815571177
14.708559700795954 0.9735474786500175
14.721973802718244 1.0471644563509392
14.788861806377804 0.9661288165421986
14.828849788714933 0.9630327891639118
14.89525786740494 0.9860292558877377
14.934960979681852 1.040084248151794
14.98773485783605 1.0694148708061666
15.079644737231007 0.9901012329806358
15.092729030137074 0.9706587130594457
15.105801989738444 1.0463871228564054
15.131914026496222 1.0383406435818425
15.184003385452975 0.9947979159944907
15.196997828041265 0.9907981181094212
15.209981169006573 0.9940153115573445
15.287649662972917 1.0721840923453223
15.300556081196513 0.9971532616971038
15.339210179209692 1.0436673687647293
15.403418120735026 0.973757558468571
15.454592408289598 0.9281281719468844
15.51832295664001 0.991207235771803
15.543742012098228 0.9620149843448101
15.556435964407498 0.9868119530061911
15.6071085284522 1.0067930080000576
15.707963267948966 0.987544426660845
15.720524616032302 1.0585037996413638
15.745617249106644 1.0048456500239313
15.758148581968895 0.9923924632030129
15.820656358432988 0.9774934054778072
15.858042758794568 1.0667965052810915
15.895341225273762 0.9750832572172498
15.907754613518879 0.9852315125231651
15.994378577370117 0.9534620157095685
16.01904224441409 1.0165915514818211
16.0559667088735 0.9991596889466956
16.092806451473425 0.9471643456261689
16.10506763911994 1.019697386407708
16.154019325381615 0.9775022289259873
16.215001117638582 0.9382443877221708
16.299992345928434 1.0326415412031382
16.312097800508955 0.9775132698794944
16.336281798666924 0.9434647853174511
16.348360382053603 0.989568311203307
16.384542706759643 1.0516129268606524
16.44466967104686 0.9910707965021313
16.49261341613338 1.0224673583085504
16.52847996102949 1.006128853672401
16.588085203011566 0.9530268200490459
16.59998056861558 1.0086772602264782
16.635615630524335 0.9934782542600782
16.694838372585806 0.9979167708656276
16.730271390951618 1.033100249903319
16.765629524208894 1.0088416710363217
16.859555354497743 0.9826984997239855
16.882955165001793 0.9578820765810818
16.9063225881783 0.9633622975890609
16.917994196464054 1.0197840985085493
16.964600329384883 0.9350258956750416
16.976231870229896 1.027492988559527
17.011078773550487 0.9988012271983502
17.06899885523922 1.0273806167592188
17.092111931304597 0.9542443830034961
17.149758340934802 1.010273970253996
17.161264386067433 0.9752120497760747
17.25303650772394 0.9804001447280882
17.28732545146836 0.9952776426668228
17.33293852666535 1.0241724102645522
17.378431881885497 0.9661624952412597
17.42380645489121 1.0413674828412944
17.457759991065274 0.9428711935714085
17.469063171266026 1.0293534592679785
17.50292891517913 0.956083091511834
17.525469721576673 0.9627608433017605
17.59291886010284 1.0088577293157075
17.60413525834785 1.0250123375194813
17.637741655958582 0.9828113774297296
17.693610473912734 0.9712433363392015
17.704763081685055 0.9372660961633916
17.738178832865813 1.0021138013802713
17.771531752633464 0.9758528051912255
17.782635491144248 1.0485740369789194
17.793732300643015 1.0315874552041737
17.860168371076686 0.9940874493703917
17.871217037998605 0.9436678057512683
17.88225887843298 0.9753564649573484
17.97034935674996 0.9810615807014742
17.992304587120877 1.030932546821491
18.0032721617981 0.9909502016378142
18.090773392536956 1.0676548125861591
18.123477438622363 0.9916548429053207
18.134365680781265 1.0265124239745975
18.2212373908208 0.9560135318242753
18.232067250553065 0.9928269549637682
18.264518300705888 1.0171915016791742
18.296911796392063 1.0448889452224124
18.31847563628148 1.0143520061213775
18.35077388463955 0.9575875063342242
18.393749994749392 0.9815113398394092
18.479402378802508 0.9871210257611365
18.49008102885802 1.0081352854970482
18.554023863032967 0.9662126147884595
18.564659589823897 1.0911868898759103
18.60714170393225 0.9973622897892038
18.64952704747198 1.0195050764290836
18.660108340265136 0.9998592613097252
18.681252945734656 1.0133992339789046
18.744543650854272 1.0139333588342563
18.82860032204013 0.9943496225582266
18.84955592153876 1.0645349005673241
18.86002498978356 0.9868058555280956
18.891397384613747 0.949579609085223
18.901843278353432 1.0169130505127235
18.943569252482728 1.0161540476862552
18.995597829597966 0.9775856194158448
19.016369402594023 0.9551162082205158
19.07854843304845 0.9960958684816461
19.10956207871615 0.9731537896382422
19.140525472631023 0.9888436300388629
19.150835479019722 1.021479779481806
19.181732249007418 1.1119628634455638
19.222850693296913 1.033287862076503
19.233116568898268 1.0358916286775501
19.27412539279029 1.0538708545073021
19.355882389220906 0.9816482849129204
19.396631660407596 0.9379385055925681
19.406805609001445 1.014652568851691
19.477874452256717 0.9613291196163835
19.48800598711727 1.015532970290402
19.50825327152602 1.0602444607369228
19.518369037449034 1.0397400989499632
19.54868492789681 1.0206595908552867
19.56886942984359 0.9845348662349274
19.629298403624325 0.9379282460877776
19.639351822159817 1.0206550845810547
19.669481246914035 1.0151969249094468
19.679514137771452 0.9637679336221957
19.719594656151546 0.9847744583274202
19.729602063370773 1.0466693655857058
19.83935038037898 0.9789493210144591
19.869176531592203 0.9728227714163877
19.958387550800953 0.9873645982387788
19.96827528365958 1.0579668517807104
19.997909149012074 1.0041898281120616
20.037352795125287 0.9838517059033367
20.047201580578736 1.0351731121214023
20.076718948585434 1.0695455155974372
20.106192982974676 1.0756602977719338
20.116008064341784 1.0501495429265757
20.14542461634389 0.9771892437556601
20.194356980429266 0.9512591293726028
20.233417668727803 0.9712967857608209
20.262663770721687 0.9924773418380316
20.282137743280526 1.0168495618832594
20.301593035756863 1.0182944038584052
20.350149893052617 0.9582736178075243
20.38891211845016 0.9153675748058522
20.437261515528483 1.0282172499752553
20.456569277525222 1.0286877424387126
20.46621632794475 0.9390701464865415
20.514383531133717 1.042634760858902
20.54322964362179 0.97908041668534
20.581628237210854 1.0130324376595552
20.6103802347964 0.9957399856060767
20.66776423513553 0.9793242537541041
20.724989349464305 0.9598899000034925
20.734511513692635 0.9646173071110212
20.744029306947482 0.991496790507649
20.772556520939517 0.9748645085770772
20.801044611839988 1.0388025661750095
20.81053197589627 0.9760743811057564
20.82001501670555 1.0297662947657096
20.886275745765438 1.0231623724687737
20.91460893864096 0.9976338049142999
20.924044810512235 1.0713147705129034
20.971160485594062 1.081906476880666
20.999379148933723 0.9720952584328683
21.065075691128612 0.9932006140749408
21.074444193122176 1.0339552494348856
21.11187662793612 1.011795206029244
21.12122437097904 1.026282704747953
21.19585790520373 1.0062651371607019
21.26094733472365 1.0188093244491887
21.325838103160155 1.0125653452464096
21.33509210147079 0.9826577007370965
21.34434208764198 1.022512728023517
21.362830044410593 0.9823520465211044
21.37206802540212 1.0105416371049016
21.39975804093463 0.9835464429632915
21.445828617490257 1.0009312374043007
21.473423518826586 1.0125217477637327
21.49180043577043 1.0074538770358379
21.510161652648478 0.9259034999299096
21.592593913364396 0.9840137872134628
21.620001490184777 1.0277242540844762
21.638253921878242 0.9837248217091384
21.66560373762545 0.999042997851417
21.692919071529783 0.9757843879430638
21.702016542708286 0.9768840729255334
21.774659479044278 0.982881122160022
21.783722813246964 0.9873712472131285
21.81089021870742 1.0323539529978758
21.856094184751424 0.968803647642105
21.88317174316501 0.9966957612820246
21.919223121384345 0.9987152146332728
21.946222790566047 1.025853682904893
21.982170763537773 0.9751743977013504
21.991148575128552 0.989426560402761
22.000122723053664 1.0229751345225813
22.027023229604875 0.9993530551995895
22.06283955119393 0.9716840974108908
22.071784550365898 0.9785413932120641
22.098597823524944 1.002758861472168
22.13429832793612 1.0140660848628973
22.20552714705112 0.9930453654932174
22.21441469079183 0.9857672023477115
22.232179119612972 1.0206905761097007
22.267665461622357 1.0362956336568871
22.285387442510764 1.0289577802268912
22.311944020881445 0.9925753858248276
22.373786787740073 0.9807204684465917
22.426659142179734 1.01141487623821
22.453048630590107 1.0346405473645923
22.479407139330323 1.0260297152508853
22.49696232134157 1.0265973707760525
22.52326943887128 1.0152351253505716
22.558297872848634 0.9673318035165853
22.61946710584651 1.0048230706483074
22.628192069374784 1.0079734396454878
22.654346798277953 1.0070308861116226
22.663058333611776 0.9363155500182149
22.69787103974433 0.9637365847408735
22.706565876699806 1.0560626563098159
22.758665140318964 1.0795962336275764
22.767336760043168 1.0598824386216987
22.776005078179463 0.9553300509348108
22.836591176302157 0.9927076796848147
22.845233216791755 1.000605127666374
22.87113974549008 1.0166596610802587
22.931474494459376 0.9823554395556314
23.00881526881454 1.014755038837983
23.04310562356141 1.0025221411647864
23.05167024218963 1.0015400731158126
23.068789940236098 1.0056219937163968
23.102991278423502 0.9999185751875916
23.1200729748632 1.022608191212541
23.171242509180665 0.9896898927696459
23.179759782950825 0.9732631142514916
23.24778563656447 0.9981105050105302
23.256274877539973 0.9861470905325177
23.281724027825508 1.0622590957351616
23.315613018147342 1.0470739124958108
23.324077572072284 1.0082931521874223
23.349452822628972 1.0248613073769264
23.374800526299833 1.0020243875879733
23.383243654812958 0.9833799171630803
23.459095067899415 0.9990347859870877
23.475917655266 1.024537987861759
23.526313243113364 1.0241980751542634
23.55147059827097 1.0007621327528413
23.58497199585779 0.9944598470707136
23.610066848137617 0.9694577455191333
23.618425873659966 0.9824585951133743
23.651832433317818 1.0090484931569281
23.660176703266366 0.9565686640590704
23.685191875049675 1.042736520077275
23.710180654858995 1.0017621040871456
23.751770198582413 0.9557965221234203
23.784989473835005 0.9411326713087759
23.84301183791064 1.018406634087864
23.876104167282428 1.0080160370197608
23.884370085538468 0.994715712072464
23.909150694056354 0.9590759776683148
23.925656840788776 1.0008059128278333
23.950394731430077 1.0180942879894952
23.991567866055178 1.0617386852103505
24.00801734886949 0.9879559746143558
24.049091831165608 1.0126394607293834
24.057298312152174 1.021761806087047
24.0819009757953 0.9762302094237069
24.13920967721014 1.0128612980107037
24.171896502849954 0.9750551254748355
24.180061305144235 0.9786432351699701
24.245280739329093 0.9812072667814544
24.25342083717111 1.0118763909582738
24.26969284224695 0.9403565566299866
24.277824754970457 1.010224509737452
24.399478221341333 1.0172495518183466
24.439894810615037 0.9741822185922993
24.447970110624144 1.0559994236507362
24.472180022591004 0.9992720188380372
24.504422698000386 0.9599858639065786
24.51247674018927 1.0227035480254831
24.536623004530405 0.9674850523299062
24.57681406013946 1.0085827627044481
24.632971371293674 1.0342645391592604
24.64098339667103 0.9405755361448612
24.68900094801891 0.969739557614361
24.704986058756763 0.9777081116677319
24.72894435052772 1.0393599089390129
24.752879453098526 0.9634311275235301
24.760852679091464 1.006907656335365
24.784756967212765 0.9786810340524021
24.792719941544238 0.9426485783655228
24.856331899703015 1.0470762129303253
24.88014445368685 1.0312070293335691
24.896006836205917 1.0592613467526415
24.919781478105747 0.9953526329554169
24.94353345948952 1.0147813825802603
25.01465408573673 0.9410928579167461
25.022543899554037 1.0120144253205903
25.038316068721475 0.9455633914503251
25.08557307723819 1.0239575824927063
25.109168228788228 0.9978912042146675
25.132741228718345 0.9817307208565106
25.14059398355103 1.0080652397649261
25.14844428631334 0.9968488340881971
25.16413754480557 1.0268417172686741
25.203327940058056 1.0065180056961218
25.23463643404211 1.0051867880956669
25.25809233664364 1.0057022302756116
25.27371751125076 1.035349586116836
25.289333031746615 1.026402071514457
25.29713717729012 0.9136239143913383
25.32832971340211 1.0126916397292576
25.359483882267448 0.9528595860339258
25.41391178089842 0.9589421536266327
25.421677682311433 1.0131162594870131
25.444961165453993 1.01789564607145
25.46047165830887 1.0045220964012926
25.514684130826588 0.9894998282349923
25.57650053670757 0.9811249239007488
25.584217085544093 1.0248573256482838
25.630467591062548 1.0049909703510882
25.638167896956897 0.9911364939287951
25.64586589079407 1.0548955364447468
25.66894602076068 1.0615800082584652
25.761059759436304 1.020490380642139
25.76872104131852 1.049889218168838
25.78403677583049 1.020508618917294
25.791691232515614 0.9932693154127072
25.829929491069862 0.9845298405582207
25.852845298762983 1.019291526775593
25.875740812001926 1.0522684183418476
25.883368149179223 1.0029553184010456
25.906236686830383 1.0064109231867568
25.951913307699254 1.00135910335297
25.97472149722627 0.9749349649425396
26.012690705474636 0.9548625944690303
26.035445651396426 0.9898595577428108
26.065754678715738 1.0290702041718693
26.133821468652144 1.0291679581177788
26.148923360388487 0.9561172142826253
26.156471036504797 1.0397827220297733
26.18663998659791 1.0462541690387448
26.21677421979796 1.059387202065209
26.239352183695267 1.0006269407038613
26.24687385568112 1.0251320400536008
26.254393372768693 1.0285871527225106
26.30696981038268 1.0384567844852761
26.314472154699004 1.0029859320731844
26.37441408237874 1.0301831661543026
26.389378290154262 1.0117883854276877
26.39685721287496 0.9884309147503038
26.419281277980282 0.9942531161127177
26.426751737984805 1.03407605902528
26.45661248393787 0.9576861983477123
26.486439564981765 1.050668728022207
26.5087878515326 0.9682434606401001
26.51623309472154 1.0035876562447883
26.575719951526327 1.0220871746406548
26.62766193593158 0.9997672630663504
26.657297628950197 0.9577356132846668
26.664701405687584 0.9648735142988325
26.672103127247407 0.9793748618659179
26.69429597795476 0.9905675087691143
26.71647039350038 0.995252503616237
26.73124311809815 0.9723730355353029
26.753386910202607 1.0366320526517825
26.790252556615027 1.1050223708445284
26.841779398533234 1.0093358888174415
26.863832076002367 0.9944901707134606
26.893207516245212 1.0358177712992072
26.98114194440908 1.0727021389623532
26.988456880681316 0.9964611112271886
27.01769682087222 1.001557916603424
27.025001862730974 0.9793437373151883
27.046905150289252 1.0098336796160232
27.068790714342484 0.9990241275075946
27.083371265205542 1.012360545111862
27.105227385452643 0.9977933153013143
27.127065896355663 0.9991789303802807
27.13434149415213 1.0151497266943275
27.185216157933546 0.9535738982753662
27.192476197095672 0.9536550917681182
27.19973429843862 0.9646250374922878
27.22149699105082 1.0034436203378838
27.257729533363687 1.0163540545467595
27.279445959222443 0.9867103598440834
27.308374329980023 0.9946432230884945
27.373351386534754 0.9997327501457657
27.394976157296334 1.0043054716936792
27.430979558503786 1.0653210132250568
27.445367694588093 1.026782538288158
27.481305077658845 1.055744818666898
27.538707344022274 0.9966802661038568
27.54587421658187 0.9759442038477265
27.560202370589316 1.0235696835360073
27.588836354801398 0.9692714070147531
27.60314220816352 1.015124094425078
27.62458709722607 1.007046079654906
27.64601535159018 0.9548443624148044
27.653154413129858 0.9912797466441117
27.674560547993064 1.0119873641380488
27.710200692249632 0.9925046341000917
27.738679837168284 0.98081283305366
27.760020022274066 0.9966235145745073
27.77423770311517 0.9873682742804294
27.816847144229083 0.961968140855626
27.823942373816283 1.014666977761442
27.831035794549454 0.9936739684405856
27.88771820722953 1.011249145475625
27.90187081824315 0.9956292370551545
27.908944432456995 0.9955541538048577
27.993688385893254 1.0095872788688989
28.02187941860198 1.006830559493402
28.05004211859304 0.9450378905684461
28.057078376603776 0.9536815701656658
28.078176571120462 0.9843357525225427
28.099258924162907 1.0074203824838295
28.134361072669954 0.9555995581551272
28.162411290078495 1.0456705706448515
28.218428075991216 0.9723504406925959
28.225422357441047 1.0125683238894616
28.23940572335084 1.0199190152675448
28.274333882308138 1.0156551145191433
28.281314337637877 0.967442267890072
28.302245373687445 1.0351840904024863
28.33709607692062 1.0182799424816193
28.351024362881798 1.0240235153278694
28.385815177742128 0.9853085411771887
28.392768225042424 0.9899882109247315
28.413617158135807 1.0300659051692147
28.434450804213544 0.9591634261166537
28.448331425398703 0.9918342454336425
28.46913966767275 0.9642729305020751
28.489932712198335 1.0252259041291727
28.49686035551342 0.9794444987391046
28.52455410389103 0.9433826835039395
28.559133525126853 1.0363949675980215
28.579861095431436 0.9412744702292124
28.614373680274277 1.0104867273193543
28.655733914360567 0.9703249423478411
28.6626214842027 1.0010479173125217
28.683274270466555 1.0086549555980646
28.710788208946532 1.099933926762092
28.717662574712218 1.064784266318347
28.77259837351113 1.0379202782776407
28.779457975080398 1.0144496001822174
28.82742948255574 1.0294092920719569
28.834276039945365 1.0474361469988647
28.882156498088445 1.018047649878931
28.902652413026097 0.9619961353288018
28.909481155569825 1.0034444886247529
28.929957711900954 0.9680288238276282
28.94360070144115 0.9518060505348582
28.964053136475833 1.0099263393963758
28.991300605470766 1.0837277186517242
29.011719413452564 1.037784663911505
29.045718861910068 1.0290424293782623
29.052513976954934 1.0189786379171424
29.07288979288596 0.9746145719080995
29.10681778878465 1.0933901769429564
29.14747925371544 1.0089621950537435
29.15425065100826 1.052898047964545
29.208365315952964 0.975980723902183
29.228632485258267 0.9864441749293335
29.235385086130446 0.9920172205079166
29.262379907289027 1.00070197358131
29.289349848412254 0.9699947367910926
29.30956101805037 0.9575767975968239
29.323027391845216 0.967652672524041
29.336487584150085 0.9881056034496244
29.376831157074335 1.0610470785585324
29.417119401591908 1.048650175158987
29.430536560511467 1.046691899904137
29.443947605436488 1.013209094622782
29.45065083776134 0.9880345054139351
29.504221870371047 1.0288749670176116
29.530970943744055 1.0578746552665605
29.537654427125716 1.0208897714137155
29.557695809795966 1.0105149416961634
29.57772361275561 1.0031915923737695
29.591067950728775 0.9994732163393429
29.611073182050976 1.0046475703918114
29.63772581857375 1.0058729107426345
29.657699577429867 1.0109392202300769
29.697606793836858 1.0519045617111555
29.71754030550772 1.00586502106161
29.77063108531333 1.0421310635615066
29.79051573480988 0.9733997868194086
29.797141002485432 1.0492252209785213
29.8037647973883 0.9778904356156752
29.85009020640218 1.0152468498289986
29.856702254374827 0.9727442328735526
29.869921959363705 1.0109285007189763
29.92933837295556 0.9825551091933232
29.955707839192257 0.9925112932687464
29.9754697156721 0.9433436058315376
30.008377256282834 1.0209996959687055
30.034677329040296 1.0065527591674528
30.06752006966629 0.9754987435478423
30.087208505740705 1.0078796308711733
30.11343972999581 1.0415941100089487
30.159289474462014 1.1001874980613502
30.165833749134777 0.9994682982923772
30.172376604379085 0.954405829397483
30.185458060274147 1.0094267581726313
30.191996662768315 1.0289019742334113
30.211603979476887 1.0004100373509228
30.21813692451584 1.0687180745694023
30.224668457484047 0.9762146973832557
30.263828052992444 0.9743333408689818
30.322472623542506 1.0014983058438178
30.328981687183767 0.9824655972679399
30.348500501831367 0.9844149593861387
30.36800677090595 0.994455891043796
30.39399565608253 0.9960235723338607
30.400489405896206 0.9658409532251914
30.419962338013146 0.9733375275331801
30.452389553635296 1.025264776986912
30.478306485605962 1.0167053305173281
30.504201398081292 0.9912303435022093
30.536539159094676 1.0470988724616344
30.575299325945835 1.0164061812954575
30.601112162393026 1.0220970440746864
30.633347620780462 0.9954898700221371
30.63979064275113 1.047940769265934
30.659111584645608 1.0077529627326214
30.678420358419384 1.0271829646182138
30.68485391628783 0.9932173752051737
30.691286125543325 1.0410899330520298
30.710574670105068 0.9577806781057363
30.736273900267637 1.009463180371099
30.787608005179973 0.9788784072995378
30.794018751320287 1.008402755550391
30.80683624147005 1.0068395809922324
30.81324298714428 0.9793800686706543
30.845256754726716 0.9811786174050031
30.890020289687723 0.9487285853852754
30.909184816579195 0.9598255953914919
30.915570352194596 1.010962494570327
30.941099316373162 0.9822251604531723
30.947478266923646 1.0443749363406152
30.998462614943662 0.9816545296859431
31.017560139672344 1.0335219957897162
31.03664591328002 0.9976283639445156
31.043005230202258 0.9659995920451522
31.087484024196456 0.9967667005428408
31.100180567108563 1.0185841415238286
31.112871928814997 1.0546399415091208
31.15091499001443 0.9820130540583709
31.19523992450468 1.0331130895360157
31.201566917759983 1.0064094702060733
31.2142170569044 0.9777085958458502
31.2458199981335 1.0254137338602893
31.252136751457535 0.9887552109055817
31.271079355531263 0.9839448512868665
31.30262488897938 0.9755670209261124
31.37191340796144 0.9679492789858269
31.403357651003635 0.9583446263770671
31.41592653589793 0.9854536278741706
31.42220909301221 0.9824233306004697
31.441049232064604 1.0642640937322327
31.4724244012648 0.9912279504588374
31.491234498213288 1.0334806321604884
31.51629716393779 1.0220561562096686
31.547597496574138 0.9672412833606597
31.553853837239824 1.0379865417446126
31.572615420804546 1.0034184916766578
31.59761353669292 0.9856367042481046
31.62259189121559 1.0356151534631295
31.641312716865976 0.9606175175550905
31.697408853578185 1.0066160512662734
31.716085517589136 0.9756779654857547
31.722308628709087 1.0507535471922167
31.753405890003183 1.0324456996093403
31.77204963711689 1.0238509138756517
31.790682450547525 0.9666414139387797
31.796890961972895 0.9794249501557547
31.815509227037758 0.99262940692323
31.852713109435214 0.9880718158378596
31.902250795834682 1.061113824955617
31.920807608337 0.9680624809540805
31.988757154740235 1.0194431034431222
31.994927230437458 0.970822171664937
32.00109611649313 1.022029611639841
32.01959564368611 1.0060243686974055
32.03808448882818 0.9986733012563502
32.044245066615886 1.019727982716647
32.05040446024637 1.0005270724994084
32.06887554301696 0.9866392917898557
32.09348711651143 0.9690085876026466
32.09963706140194 0.9884155291162078
32.111933417747 0.991111669807616
32.14265372843434 0.9794492115358371
32.16720885327492 1.0440137077176852
32.18561290294685 1.0380610543296147
32.19787642516857 0.9707225680881912
32.21013527823988 0.9791925785310575
32.240762018332184 1.0019772113450822
32.265242478972716 1.0024171555554604
