0
1
2
3
4
5
6
7
8
9
10
11
12
13
14
15
16
17
18
19
20
21
22
23
24
25
26
27
28
29
30
31
32
33
34
35
36
37
38
39
40
41
42
43
44
45
46
47
48
49
50
51
52
53
54
55
56
57
58
59
60
61
62
63
64
65
66
67
68
69
70
71
72
73
74
75
76
77
78
79
80
81
82
83
84
85
86
87
88
89
90
91
92
93
94
95
96
97
98
99
100
101
102
103
104
105
106
107
108
109
110
111
112
113
114
115
116
117
118
119
120
121
122
123
124
125
126
127
128
129
130
131
132
133
134
135
136
137
138
139
140
141
142
143
144
145
146
147
148
149
150
151
152
153
154
155
156
157
158
159
160
161
162
163
164
165
166
167
168
169
170
171
172
173
174
175
176
177
178
179
180
181
182
183
184
185
186
187
188
189
190
191
192
193
194
195
196
197
198
199
0.45588677399772837 0.18941397123528303
0.6447212586941056 0.17930361335761025
0.7896190550627357 0.22944220722027794
0.9117735479954567 0.22801379299241767
1.0193938167020042 0.19636711561248213
1.1166899767779483 0.2372533418966732
1.2894425173882111 0.2500161889317295
1.367660321993185 0.2470690207197478
1.4416405609792473 0.2407043397117824
1.5120053762360155 0.28506297823283616
1.5792381101254713 0.24085952553463952
1.6437231394546727 0.258857550689752
1.7057721154611427 0.26033697345354406
1.8235470959909135 0.2423169907385496
1.8796693225147207 0.2637716553826485
1.9341637760823163 0.2608205041869611
1.9871643775528642 0.28088082539223935
2.0387876334040085 0.29486391471096457
2.0891356501738163 0.28949262266575704
2.1382985094540072 0.2777520078345754
2.2333799535558967 0.29680846951577217
2.279433869988642 0.3213357916691564
2.3245755566032806 0.31302480057142856
2.368857165188207 0.3057122341216886
2.455025411370648 0.3282897583422349
2.4969946978681548 0.3305452816916576
2.5788850347764223 0.35989523612285335
2.6188701329580746 0.33988343050461695
2.658253848676966 0.3472399206152271
2.6970625270304645 0.34522117879779757
2.73532064398637 0.3531708716190451
2.773050986931915 0.35424762902615997
2.81027481339995 0.3787518966703402
2.8832811219584946 0.379095947188324
2.919099652109926 0.37468633302056586
2.954483970112945 0.3871275756525121
2.9894494945324634 0.3857142136732707
3.024010752472031 0.39948243839648045
3.0581814501060127 0.42073985134142566
3.091974536195046 0.41691256730889203
3.1584762202509427 0.4228149189633577
3.191207417984099 0.4500419063235026
3.2236062934705276 0.44241725426177003
3.2556827680240668 0.4516772215974404
3.2874462789093455 0.45126957214755786
3.3189058117730545 0.4591731579868461
3.350069930333846 0.4694503821397818
3.4115442309222854 0.4748293143614413
3.4418696649125438 0.4889057463474272
3.4719302327309576 0.49905058823104936
3.5017327556021884 0.5022601662407672
3.5605895288658878 0.49851479331186177
3.5896560481159563 0.5202722771756406
3.647094191981827 0.5179852292807022
3.6754766760100153 0.534941852985592
3.7036416601231403 0.5545094896838392
3.7315940692022953 0.5493864902421083
3.7593386450294415 0.5694778603997185
3.78687995567827 0.5753775288120763
3.8142224042947355 0.5764329419879313
3.8683275521646325 0.6295133578666153
3.8950983044773175 0.5819388970061038
3.92168631487121 0.6199554085202772
3.948095275313679 0.6320539817568388
3.9743287551057285 0.6263814089105597
4.000390206513147 0.6456026394101506
4.026282970069586 0.6330708548142296
4.077575266808017 0.6725271044613739
4.1029809659795555 0.6777134962676199
4.128230317932441 0.6878912207841961
4.153326174116673 0.6852400458693118
4.178271300347633 0.6798408164646851
4.2030683803638915 0.6997187258564084
4.227720019197204 0.7039606874353344
4.2765970189080145 0.7421573643558724
4.300827224248723 0.7440008777086825
4.324921682937742 0.7544566221404508
4.348882651239406 0.7270627058571164
4.396412834989817 0.7879543530050874
4.419986263142597 0.7681700881017044
4.466759907111793 0.7827326179058437
4.489964010823185 0.8021942877459651
4.513048810858739 0.8335592656834239
4.536016128708046 0.8354570392414918
4.558867739977284 0.8359710026538939
4.581605375991219 0.8301421559753136
4.6042307253240145 0.8282876902909818
4.649151113206561 0.8752340622495922
4.671449328006873 0.8749857951275404
4.693641611248341 0.890482527283501
4.715729458477021 0.9173657120509653
4.737714330376414 0.95372450717376
4.7595976538947165 0.882386529213707
4.781380823325637 0.9380595424630864
4.84614288169306 0.9679387937117733
4.867538760039859 0.9377273682186166
4.888841000809539 0.9534452005360141
4.910050822741296 0.9567316312887367
4.93116941836402 1.0050991011240669
4.952197954778725 1.0002481575131943
4.9939893957363095 1.0001895833455736
5.014754513975012 1.0006412101181374
5.035434001765768 1.030786190227459
5.056028909811026 1.0019176752945949
5.096969083510021 1.0433062107734947
5.117316346383428 1.0597960979004024
5.157770069552845 0.9934787616145442
5.177878411191325 1.0750971294057896
5.197908963399346 1.0695508110388507
5.21786262204107 1.0586348301873114
5.237740265916149 1.094971615248202
5.257542757211342 1.0823401497408387
5.277270941936892 1.0953632443404984
5.316507697353932 1.1670108269225603
5.33601788290947 1.1248164031104415
5.355456992399034 1.1343384883469338
5.374825797004194 1.1104276515607847
5.394125054060929 1.1526359773151702
5.41335550740517 1.1484769349121209
5.432517887707313 1.1620539244329455
5.47064128797274 1.1376535368007845
5.4896037063141545 1.1877191533071727
5.508500848968271 1.1772961025826885
5.52733338543915 1.1582718857060739
5.54610197386383 1.16135417193918
5.564807261280692 1.1912330826876003
5.583449883889743 1.1827227819955657
5.6205496267999 1.1771911355224594
5.6390079675441624 1.1803648199333707
5.657406084835399 1.1880352393873466
5.675744564322699 1.172986408076266
5.71224490553852 1.223776354769952
5.730407892249628 1.2348327547284108
5.766562243916989 1.240087849763465
5.784554681535562 1.2199190476202681
5.8024913282469495 1.2032220666595688
5.820372699843809 1.215430363690314
5.838199304219852 1.216219861245177
5.855971641538167 1.2333175602361102
5.873690204394958 1.2334836024608942
5.90896794022589 1.1671179392892548
5.92652806197047 1.2354722755137437
5.9440363070921345 1.2281324038140984
5.9614931326585925 1.2067058307901022
5.978898989064927 1.221252071121812
5.996254320169189 1.234747321332194
6.0135595634244545 1.249622322499464
6.048021504944062 1.2941214387901605
6.06517904723116 1.2494381451718177
6.082288189955976 1.2423226768338862
6.099349340411975 1.230312712500735
6.1163629002120254 1.2393147292114453
6.133329265398696 1.2344781138563559
6.150248826551831 1.2478526030698533
6.183949072390092 1.222558890209043
6.200730511852643 1.2490145266162846
6.217466657033746 1.2359820586765387
6.234157872722863 1.2360768481748226
6.2674069505214485 1.2381963562703502
6.2839655182178245 1.2524671313830833
6.316952440501885 1.2559856039741049
6.333381473294403 1.2279114060170995
6.349767998673245 1.227859699793739
6.36611234488372 1.241356109761764
6.382414835968198 1.2293449066926865
6.398675791841075 1.2166834848188748
6.414895528362021 1.2272476536352432
6.447212586941055 1.2374317797037728
6.463310521081069 1.2098111606902837
6.479368460168265 1.267178179572637
6.495386700830778 1.2164938667084946
6.5113655360481335 1.2563807329709535
6.527305255213782 1.2323065176369807
6.543206144196247 1.2052125454705653
6.574892557818691 1.2564307044766567
6.590678637102986 1.197259673237741
6.606426995606001 1.2047300306949658
6.6221379024434235 1.195418725913891
6.637811623546109 1.1945525641721693
6.653448421712601 1.2011257341647623
6.669048556660534 1.2064384061131816
6.700139860667692 1.1978883109646958
6.715631534205411 1.181275610151438
6.731087553577073 1.18596661293762
6.746508163830104 1.1598561725365597
6.777244123243485 1.183182923966193
6.792559948704495 1.1654753278991337
6.823088461844571 1.1637186243245838
6.838301609965925 1.1645388541149355
6.853480988488158 1.1604164397050487
6.868626821299486 1.151012529390172
6.8837393298250875 1.126396404578278
6.898818733064871 1.170643473603945
6.913865247630508 1.150164646782081
6.943860465461915 1.1478641932250286
6.9588095903330345 1.136184996383167
6.973726669809843 1.14484094316344
6.988611909093474 1.1454730857184363
7.003465511204377 1.138319396216994
7.0182876770146185 1.1267926777949
7.0330786052795755 1.1344882819276803
7.077265921255147 1.125213911943405
7.09193384563516 1.117247236249893
7.106571495564621 1.1089083820510457
7.1211790577317755 1.13111773432281
7.13575671691403 1.1140890271692754
7.150304656005208 1.119259134509211
7.179312096231913 1.100422235541559
7.193771953975737 1.0880710332691523
7.208202804896236 1.0899137540237516
7.222604822861349 1.1041309580315386
7.251323046770992 1.1126321675286088
7.265639591896793 1.0883430656442987
7.294188383963654 1.0954215613043896
7.308420960197651 1.0925991193279234
7.322625873425626 1.0928090875988934
7.336803284324071 1.0857460782849004
7.3509533520200305 1.0522614508161328
7.365076234111943 1.0710584320582042
7.379172086690122 1.0735395640691316
7.407283320246281 1.066570696231213
7.4212990060436725 1.0749863264734314
7.435288272004715 1.061820180743606
7.449251266974213 1.0410801786608455
7.463188138404591 1.0352838892350462
7.477099032374055 1.0554083140446269
7.490984093604463 1.050660988362926
7.518677290058883 1.0413754841741985
7.532485708101492 1.0427794569462945
7.5462688590759415 1.0400678208972258
7.560026881180078 1.061179515352893
7.57375991135654 1.0451038982640393
7.587468085308662 1.0363415027811127
7.60115153751611 1.04029220826627
7.628444808589471 1.003256574939469
7.642054890433705 1.039838823094294
7.655640776519477 1.0256868752512993
7.669202595434144 1.0168805183947878
7.696254540438871 1.0225999090201972
7.709744918084644 1.0290360862608698
7.736655104329265 0.9712948758690437
7.750075157961383 1.0166787223598117
7.763472013523087 1.0112426044898113
7.776845790901492 0.9967322788153595
7.790196608954635 1.0140911619927497
7.803524585523799 0.9998417023724281
7.81682983744564 0.991682496059291
7.84337262974242 0.9868957077835177
7.856610398874224 1.0173281555775686
7.869825900895435 0.9967047753009817
7.8830192477952705 1.0019972343047072
7.896190550627358 0.9880443947663003
7.909339919520644 1.0146606986565343
7.92246746369014 0.980275021318402
7.948657510211457 0.9882718500287931
7.961720226518074 0.9849451255408539
7.974761546030896 0.9813216819832696
7.987781573550891 0.9769430161044339
8.000780413026295 0.977526010585698
8.013758167562289 0.9884323849393233
8.026714939430533 0.9717095498446546
8.052565940139171 0.9759205859441183
8.065460369439272 0.9629330080482502
8.078334217009193 0.969692620684011
8.091187581091393 0.971231712986216
8.11683324787566 0.9738770054525699
8.129625743201576 0.9630158494712627
8.155150533616034 0.9427661603600178
8.16788301683147 0.9741269256321019
8.180595682916373 0.9583846367943862
8.19328862411523 0.9426417027737142
8.205961931959111 0.9377611638835025
8.218615697273364 0.9645033711740812
8.231250010185223 0.9602071466589426
8.256460635864881 0.9270304825038745
8.269037125463422 0.9516878402442365
8.281594516335513 0.9536763159142236
8.29413289522808 0.980268432159595
8.306652348233346 0.961627226145608
8.319152960795744 0.9586688591821649
8.33163481771871 0.9447883037858763
8.356542600695265 0.9329420873009587
8.368968693210702 0.9476038236425179
8.38137636302337 0.9523640559071602
8.39376569183063 0.9421817361656741
8.406136760727783 0.9526190598282034
8.418489650214285 0.9356987257098269
8.43082444019985 0.9347119537560482
8.455440038394409 0.9468414194292536
8.467721003528002 0.9452304737066461
8.47998418302153 0.9411719536675531
8.492229653924898 0.938495522031256
8.516667775392763 0.9277359615619843
8.528860577305714 0.9317044549610037
8.553194037816029 0.9206738610536779
8.56533484454856 0.9319860252444063
8.577458466815434 0.9261136936660884
8.589564977380977 0.9346292243685214
8.601654448497445 0.9297067754603421
8.61372695191007 0.9104694497971029
8.625782558862008 0.9493619267668554
8.649843365875483 0.926073953527752
8.661848705956839 0.9289409301200092
8.673837429626648 0.9251206219756638
8.685809605690093 0.9140496933256067
8.697765302478812 0.9105122837353347
8.709704587855455 0.9286954843676153
8.721627529218182 0.9086039877925003
8.757298956329779 0.9216898145307804
8.769157186482671 0.9126870343661301
8.78099940279845 0.9088496003304539
8.792825669979633 0.9143157334310256
8.804636052294203 0.9052101530992404
8.816430613579676 0.9180496944728773
8.839972526285194 0.9300188345911324
8.851720003263946 0.911707438585313
8.863451910338833 0.9043812933095162
8.875168309254489 0.9318229458920547
8.898554827555277 0.9153869252044308
8.910225068409515 0.9051791572516743
8.933519814223587 0.9010879710215589
8.94514443828782 0.9066914025133606
8.956753975215438 0.9119791480167996
8.96834848359739 0.9052370159203659
8.97992802164637 0.9029520555505619
8.991492647200227 0.9135037708047569
9.003042417725343 0.9157033491994158
9.026097621717478 0.912496216349107
9.037603168289698 0.9117422643007065
9.04909408605005 0.9113034211397754
9.060570430656785 0.9108202610576491
9.072032257416092 0.9076984915151632
9.083479621285235 0.9279653350823768
9.094912576875615 0.9111821968588935
9.117735479954568 0.9090135056626525
9.129125534963817 0.913535288699233
9.140501396741564 0.9029187493563319
9.151863118214811 0.9052703822652834
9.163210751982438 0.912796502060748
9.174544350318039 0.9094738920221324
9.185863965172722 0.9132322647920758
9.208461450648029 0.9082821943648628
9.21973942358334 0.9157948001917324
9.231003617672508 0.9072220428981025
9.242254083295318 0.923202535537559
9.264714029132312 0.9022289796094425
9.275923608585138 0.9104039092415774
9.298302226413123 0.8999867072958976
9.309471362243148 0.9002119513765409
9.320627113833668 0.8998605303317562
9.331769529185632 0.8999015963567709
9.342898656013746 0.8952999038756296
9.354014541748882 0.9121857526710068
9.365117233540412 0.905351831587122
9.387283222496682 0.8955801490786653
9.398346612573604 0.9119439365724652
9.409396994535824 0.9084946536386123
9.420434414159779 0.9110873431977707
9.431458916954043 0.900852356770575
9.442470548161534 0.9140633924393637
9.453469352761664 0.901548403153522
9.475428660752828 0.9354409017873221
9.486389252804367 0.927398339420575
9.497337195573728 0.9174956387575065
9.508272532754532 0.9101619876654579
9.519195307789433 0.8998609129100616
9.530105563872125 0.9151205511606061
9.541003343949338 0.9369203161009305
9.562761646651275 0.9044024614952754
9.573622253952296 0.911621868235208
9.584470554604291 0.9034264395474646
9.595306590348363 0.9214035359693697
9.616942032901877 0.9166573928145069
9.627741522023788 0.9171481143071394
9.66006754981657 0.9135856190702342
9.670818880411584 0.9135305822702472
9.681558271705605 0.9220211591843239
9.69228576338612 0.9077817915536853
9.703001394921229 0.9142902734767907
9.713705205561336 0.9227079715440003
9.735077520079718 0.9140467413940179
9.74574610138534 0.9195828344772494
9.756403016653913 0.9148479885521483
9.767048304072201 0.9278504872197434
9.777682001619079 0.9117900624645172
9.788304147067139 0.9229951131630184
9.798914777984233 0.9330032832507104
9.820101645482591 0.9195631806134371
9.830677956189795 0.9237935720079439
9.841242900620939 0.9393070416393927
9.851796515343183 0.9142074841426981
9.86233883672804 0.9295844510966004
9.872869900952821 0.9313531328235746
9.88338974400212 0.9225219891824834
9.90439590955745 0.9177141085156049
9.914882303081788 0.9168541992342978
9.925357617470038 0.9242070315888937
9.935821887764321 0.9216259891432234
9.956717435319165 0.9353764261124681
9.967148781747703 0.9160936059381415
9.987978791472619 0.9463110534183212
9.99837752285904 0.9309789152651154
10.008765450359947 0.9246274908100139
10.019142607580003 0.9145669939388796
10.029509027950024 0.9123475341149182
10.039864744728243 0.9385587305194963
10.050209791001535 0.9381024113235106
10.070868003531537 0.9185906921899181
10.081181235116317 0.9269516591321004
10.09148392685473 0.933376212733325
10.101776110995207 0.9372509711726787
10.112057819622052 0.9284799621201494
10.122329084656633 0.9422993033830437
10.132589937858516 0.9390477313472211
10.16331034166082 0.9457316669661313
10.17352986193169 0.9424422128520362
10.18373912678059 0.9623200475139282
10.193938167020042 0.9344363866779233
10.204127013308586 0.9502024614094949
10.214305696151845 0.9379933695828749
10.234632692766857 0.9435916132281289
10.244781066794848 0.9272961295594027
10.25491939789213 0.9359974725906511
10.265047715815562 0.9623426961721083
10.28527443043609 0.9447343064349409
10.295372885917658 0.9381761435879312
10.31554013910569 0.974770050220716
10.325608994737632 0.9418943242651845
10.335668041443318 0.9473835913847012
10.345717307834134 0.9519520951859965
10.35575682238265 0.9437309773019038
10.365786613423552 0.9495699762201737
10.375806709154569 0.95719428686883
10.395817926798692 0.950956374930044
10.405809104430809 0.9544179145466726
10.415790698192872 0.9594498516107686
10.425762735611588 0.9374221740803382
10.43572524408214 0.9518893475736476
10.44567825086908 0.950984922033265
10.455621783107182 0.9518499924827805
10.475480531832298 0.9813241304911225
10.485395801947753 0.9527601630456237
10.495301704772931 0.9601401576046565
10.505198266806566 0.9463565954103211
10.515085514422683 0.9519182702574333
10.524963473871432 0.9596552651623682
10.534832171279893 0.9623423715138021
10.554541883873783 0.9615277537541397
10.564382950705262 0.9699080015978102
10.574214858790134 0.9693665389069944
10.584037633652109 0.9696361172345648
10.603655885211301 0.9752312015532029
10.613451412367342 0.9701019167194116
10.633015394707863 0.9552730831297651
10.642783899657104 0.9697192901958934
10.652543446778639 0.9653784716259273
10.662294060670648 0.9843198142117945
10.67203576581894 0.9649814815395676
10.681768586597665 0.9786067960221918
10.691492547270038 0.9768881174823539
10.710913984798069 0.9816764276430331
10.720611509631755 0.966901171713128
10.730300270316528 0.9755390643562842
10.739980290571348 0.9830070308050523
10.749651594008387 1.000238533082183
10.759314204133698 0.9834494999046006
10.768968144347866 0.9780693108119192
10.788250108121858 0.959370811477206
10.797878177961508 0.9803120532813129
10.807497670450982 0.9749395259925141
10.817108608473406 0.9835682779625731
10.82671101481034 0.9891729779873557
10.836304912142404 0.9878658384563431
10.845890323049906 0.9681517095974023
10.865035775414626 0.985035077894512
10.874595861536456 0.9863939744987087
10.884147550564164 0.9810115002992865
10.893690864585698 0.981069279653235
10.912752455479325 0.9831359659732063
10.922270776046346 0.9962975826936862
10.94128257594548 0.9865347723244
10.950776098404818 0.9867822790681332
10.960261397799794 0.9960442045460346
10.969738495461336 1.0015887668280032
10.979207412628309 1.0052594338724183
10.988668170448067 0.998777444315041
10.998120789977008 0.990719325928452
11.017001697936543 0.9991004906996774
11.026430028030045 0.9918126997850472
11.035850303159641 0.9912334304526464
11.045262543935062 0.9863003393640356
11.0546667708783 1.0226004024428597
11.064063004424138 0.9978885436541031
11.07345126492066 1.0017023854410323
11.09220394772766 1.02868236027862
11.101568410305417 0.9976736968438286
11.110924980369422 0.999101882023095
11.120273677841892 1.0124873814669362
11.129614522561385 0.9964562594414339
11.13894753428327 1.0132596723140304
11.148272732680224 1.0017628843769182
11.166899767779485 0.9945439334487887
11.176201643418016 1.012270748244524
11.185495783605019 1.0029900910186251
11.194782207606885 1.0271222522028938
11.213331983722048 1.0087282070423824
11.222595373970757 1.0103265901325784
11.2410992535998 1.0167775244926331
11.250339780646096 1.0166895432834817
11.259572724162053 1.0085155008886046
11.268798102788075 1.0118179342189073
11.278015935088325 1.0100626048535284
11.287226239551162 1.0229058664866515
11.296429034589572 1.0137572226238334
11.314812169670798 1.0136882114881305
11.32399254616659 1.0246328457711669
11.333165486144747 1.0273840588833145
11.342331007647791 1.0001040267857682
11.351489128645397 1.0316610696227688
11.360639867034807 1.0146908279944713
11.369783240641256 1.023235480802553
11.39716934994321 1.0185816670778558
11.406283441243733 1.0191772071790377
11.415390255821176 1.0103990727722192
11.42448981107704 1.0301536990595448
11.433582124343584 1.0191004589066428
11.442667212884206 1.0131675607808157
11.460815784499257 1.0230534234255315
11.469879301759603 1.016084982675313
11.478935662666615 1.030952191322822
11.487984884145062 1.0272241709499736
11.50606197618271 1.0174425995626215
11.515089880259888 1.0256258155289302
11.533124487833978 1.0641138869410136
11.542131224456853 1.0353883158459793
11.551130938279934 1.0204354790074968
11.560123645705263 1.0513316209904355
11.569109363071124 1.0278628625393518
11.578088106652412 1.0257552807454249
11.587059892660955 1.0283024898941526
11.604982656493899 1.0359305879053666
11.613933666429745 1.0384575320043796
11.622877783016403 1.0362544508577525
11.6318150221555 1.0364111730500303
11.640745399687617 1.009985450548278
11.649668931392622 1.0353346297474322
11.658585632989986 1.0367528365278533
11.676398608439705 1.0325325248605828
11.685294913431955 1.0451147136180692
11.694184450597005 1.0453726882948158
11.703067235357182 1.0353132667971954
11.711943283076334 1.0480097344792692
11.72081260906013 1.0341627884401412
11.72967522855637 1.0321935081005522
11.747380408789915 1.0459647313012612
11.75622299973623 1.038892461500992
11.76505894461363 1.047457833167868
11.773888258385131 1.0421928921909935
11.791527052182484 1.041608545088102
11.800336561855236 1.044284399275251
11.81793588045178 1.0500396425759189
11.826725718692202 1.0491694305964163
11.835509029014412 1.0365006788109756
11.844285825941036 1.036421660423999
11.85305612394094 1.0531139607820201
11.861819937429493 1.0361017937644663
11.870577280768861 1.052073903162309
11.888072614184269 1.0397632438164077
11.896810632721024 1.0528998047101665
11.905542238030577 1.0410141638962884
11.914267444213099 1.0652010189757273
11.922986265317185 1.0439241103810963
11.931698715340087 1.0454697293289144
11.940404808228 1.0499455408792167
11.957797978129854 1.0498869076721662
11.966485082783185 1.0525880365501405
11.975165885580816 1.0462236257923618
11.98384040021748 1.0378931703260919
11.992508640338379 1.0480567116341366
12.001170619539442 1.047890452897645
12.009826351367566 1.052980690377886
12.027119126848909 1.0438749859668013
12.035756197352992 1.0388859156983294
12.044387074186341 1.046695923383852
12.053011770654383 1.0619467549739325
12.070242675478616 1.0464586355783014
12.078848910208754 1.053882324243843
12.096043009888124 1.059677582871398
12.104630900930825 1.0595096675091598
12.113212703427422 1.058012533394579
12.121788430309346 1.052428944546135
12.13035809446232 1.0293788460748536
12.138921708726588 1.0517201599477315
12.147479285897123 1.0515869471763153
12.164576379911953 1.0458370806776467
12.173115922121907 1.054964985726818
12.181649477969883 1.0632202119439724
12.19017706002788 1.0460500259200018
12.19869868082395 1.0520255467999662
12.207214352842424 1.0590123646581007
12.215724088524105 1.0594003476232572
