0
1
2
3
4
5
6
7
8
9
10
11
12
13
14
15
16
17
18
19
20
21
22
23
24
25
26
27
28
29
30
31
32
33
34
35
36
37
38
39
40
41
42
43
44
45
46
47
48
49
0.0 512.0
0.30000000000000004 475.28033999445853
0.6000000000000001 378.63297872314484
0.9 255.33203172752536
1.2000000000000002 141.64004868401207
1.5 61.10403506711184
1.8 18.191415825085524
2.1 3.2415425143318104
2.4000000000000004 2.063444754886762
2.7 3.9253369518975654
3.0 4.27859241863043
3.3 2.9946970826592128
3.6 1.4442696390606824
3.9 0.5623658269507785
4.2 0.4190351281031631
4.5 0.6229955559217847
4.800000000000001 0.797153880458608
5.1000000000000005 0.7869344173586417
5.4 0.636412699422256
5.699999999999999 0.45366968766780197
6.0 0.3571851095289359
6.3 0.3602099612829528
6.6 0.4178404786688876
6.9 0.45989454353486037
7.2 0.45997947492266095
7.499999999999999 0.41900532354325754
7.8 0.3882971427127358
8.100000000000001 0.38257296764769627
8.4 0.4027355562726587
8.7 0.42698890326777106
9.0 0.4404895683563667
9.3 0.43744438030292576
9.600000000000001 0.4263250303911569
9.900000000000002 0.42673087938636023
10.200000000000001 0.43294025783047163
10.5 0.4551368211868031
10.8 0.47913503669008967
11.100000000000001 0.5028534030382746
11.399999999999999 0.5167558756682119
11.700000000000001 0.5292732995134439
12.0 0.5403576496880318
12.299999999999999 0.5563958118452423
12.6 0.575662183097586
12.899999999999999 0.6000373200046993
13.2 0.6202164128990763
13.5 0.6436368114085498
13.8 0.6611852228605883
14.100000000000001 0.6827805115451173
14.4 0.7071293279021087
14.7 0.7280021076609153
14.999999999999998 0.7570930256938609
15.3 0.7849782731210061
15.6 0.8225507820634387
15.900000000000002 0.8586298313221156
16.200000000000003 0.901955624674475
16.500000000000004 0.933373493334829
16.8 0.9577895223900402
17.1 0.9828778268331894
17.4 0.9984575161563422
17.7 1.017354385673023
18.0 1.046531632027772
18.3 1.0720295006933116
18.6 1.1000208530317765
18.9 1.1149167384173677
19.200000000000003 1.1301913139386865
19.5 1.143255996000514
19.800000000000004 1.1521762706158762
20.1 1.1691072395999151
20.400000000000002 1.186694105998483
20.700000000000003 1.1990161739229532
21.0 1.2019410068952232
21.299999999999997 1.198140197570679
21.6 1.1976677570881038
21.9 1.194454120503696
22.200000000000003 1.1862612041601066
22.5 1.185272467468244
22.799999999999997 1.1755608179248749
23.099999999999998 1.175103454434726
23.400000000000002 1.1628875537171608
23.700000000000003 1.153789965842968
24.0 1.1357210660458141
24.3 1.1250229420969127
24.599999999999998 1.11202778306781
24.900000000000006 1.1044878280490515
25.2 1.0923808143556177
25.5 1.0852634065099993
25.799999999999997 1.0695058709271381
26.1 1.060199609468729
26.4 1.046582197755664
26.700000000000003 1.0369959421930521
27.0 1.0176626125271704
27.3 1.0103706414180325
27.6 0.9948169120109657
27.900000000000006 0.9892312925058833
28.200000000000003 0.9839181724097489
28.5 0.9753974863331203
28.8 0.9718330913279404
29.1 0.9624578685917464
29.4 0.9575744732420994
29.7 0.9474525085781829
29.999999999999996 0.9392703361067829
30.3 0.9314902423750125
30.6 0.9302938297526702
30.9 0.9287579360697816
31.2 0.9256626239831224
31.5 0.9261690078150023
31.800000000000004 0.9271514161696272
32.1 0.9209066968580073
32.400000000000006 0.9227134761803988
32.7 0.9214611893115509
33.00000000000001 0.9200399800502477
33.300000000000004 0.918019327718473
33.6 0.9219624040030331
33.9 0.9231438723657387
34.2 0.9262240962618945
34.50000000000001 0.9336181701666991
34.8 0.9331213480582428
35.099999999999994 0.9401630168034028
35.4 0.9434050171233891
35.699999999999996 0.9477726527129213
36.0 0.9482443041797827
36.3 0.9567396281714176
36.6 0.9595478301386077
36.9 0.9630041248573873
37.2 0.9725743296141479
37.5 0.9756861838097227
37.8 0.9872837864409383
38.1 0.9866941272803886
38.400000000000006 0.9895300204693355
38.7 0.9955631611681067
39.0 0.9987708356800065
39.3 1.0053263222436581
39.60000000000001 1.012875199761594
39.900000000000006 1.0161228978182415
40.2 1.0206624933000084
40.5 1.0247887838842955
40.800000000000004 1.0307908035389262
41.1 1.0367479433554003
41.400000000000006 1.0386491344466078
41.7 1.0406310855242005
42.0 1.044434574616561
42.3 1.0416289775860041
42.599999999999994 1.0437386872816778
42.89999999999999 1.041638434689354
43.2 1.0510030260411625
43.5 1.0453766459728038
43.8 1.0472943903289764
44.1 1.0481948387594962
44.400000000000006 1.0489601050538726
44.7 1.0461192889280801
45.0 1.043268578443844
45.3 1.0394932948832147
45.599999999999994 1.0372431195448897
45.9 1.0312194472370382
46.199999999999996 1.0358512073805481
46.49999999999999 1.0324782284584106
46.800000000000004 1.031401384203607
47.10000000000001 1.0291829360305362
47.400000000000006 1.0259054754509784
47.7 1.015873738235201
48.0 1.016540179741897
48.300000000000004 1.014746061572801
48.6 1.0133986254893228
48.9 1.0097768991221543
49.199999999999996 1.0032521889960822
49.50000000000001 1.0041375650216968
49.80000000000001 0.9973399073261678
50.1 0.9928636270389205
50.4 0.9874396509802019
50.7 0.9889866087470023
51.0 0.9858719878082118
51.3 0.9861526425174556
51.599999999999994 0.9871430617934951
51.9 0.9816483841551205
52.2 0.9825444314427229
52.5 0.9815222803806647
52.8 0.9794160634807082
53.099999999999994 0.9759044324579973
53.400000000000006 0.9762030064079726
53.7 0.9753050880597649
54.0 0.9701241378950575
54.3 0.967088596844425
54.6 0.9667218133314271
54.900000000000006 0.9664142518908497
55.2 0.9656898161007907
55.5 0.9743438705973861
55.80000000000001 0.9729589760138999
56.10000000000001 0.9740533591269518
56.400000000000006 0.9765016618069425
56.7 0.978346229707494
57.0 0.9762386862487574
57.300000000000004 0.9742627805532478
57.6 0.9758514753997951
57.9 0.9775336538438313
58.2 0.9809878783701754
58.5 0.9817958526797905
58.8 0.9832588724581715
59.099999999999994 0.9870928425342013
59.4 0.9873040222388643
59.699999999999996 0.9908161712640738
59.99999999999999 0.9966500541285015
60.30000000000001 1.002838570172413
60.6 1.0057904817403214
60.900000000000006 1.0055407850186189
61.2 1.0062768342622213
61.49999999999999 1.0053123538708442
61.8 1.0072703452481775
62.099999999999994 1.0091781063180671
62.4 1.0082983643934087
62.699999999999996 1.011069200162022
63.0 1.0111760518466628
63.3 1.0180444011644427
63.60000000000001 1.0184390292880032
63.89999999999999 1.020587472971129
64.2 1.0233348876957538
64.5 1.019679675829439
64.80000000000001 1.0227677034398746
65.1 1.0208865882691018
65.4 1.0176151248575467
65.7 1.0231854712134085
66.00000000000001 1.0198314898901435
66.3 1.0181334811344882
66.60000000000001 1.0198834341505618
66.9 1.0186981867094738
67.2 1.0169424071334825
67.5 1.0140059102593972
67.8 1.0173949451382078
68.1 1.0125870183911265
68.4 1.013280077678724
68.7 1.0134672914155693
69.00000000000001 1.0116598704489481
69.3 1.0075428405131992
69.6 1.0095073369183565
69.9 1.0060875285225261
70.19999999999999 1.003862970304057
70.5 1.0036562624556875
70.8 1.0042323894911052
71.10000000000001 1.0056994649215547
71.39999999999999 1.0003580311231952
71.7 1.001092276434812
72.0 0.9975830791629495
72.30000000000001 0.9928880559460811
72.6 0.9980263846645895
72.9 0.9916364646045625
73.2 0.9914250355565192
73.5 0.9933426716936157
73.8 0.9893289219752226
74.10000000000001 0.9910528283442968
74.4 0.9889016919012693
74.70000000000002 0.9887557299403045
75.0 0.9856725075556326
75.30000000000001 0.9848773494060586
75.6 0.9864585489063995
75.9 0.9872551913007459
76.2 0.990183696936943
76.50000000000001 0.9872730291098766
76.80000000000001 0.981634645701978
77.1 0.9867734426254796
77.4 0.9889844656331147
77.7 0.9852395223242412
78.0 0.9906899772386539
78.3 0.9888711932356279
78.6 0.9866804049742061
78.89999999999999 0.9907819776774093
79.20000000000002 0.9911686589603461
79.49999999999999 0.9901249487272724
79.80000000000001 0.9896333908939092
80.10000000000001 0.9880292091003823
80.4 0.9917391811034187
80.7 0.9895221360137267
81.0 0.993137749701974
81.3 0.9949912246971506
81.60000000000001 0.9973758914251261
81.89999999999999 0.9982729963052843
82.2 0.999297268500053
82.49999999999999 0.998996692486698
82.80000000000001 1.0006077819321968
83.10000000000001 1.0035596689445958
83.4 0.9988653356262845
83.7 0.9999734962821963
84.0 1.00712732411008
84.3 1.0098675452852783
84.6 1.0089018028419827
84.89999999999999 1.0062753238986308
85.19999999999999 1.0069670641912036
85.50000000000001 1.0090241001134388
85.79999999999998 1.0089058896755614
86.10000000000001 1.0090111335894547
86.4 1.0099445108389729
86.7 1.005507346630534
87.0 1.0097003958811315
87.3 1.0083301705200858
87.6 1.011450145814792
87.90000000000002 1.0097217899709663
88.2 1.0100796058597763
88.50000000000001 1.0136408395758614
88.80000000000001 1.0123624404563167
89.10000000000001 1.0112985256624565
89.4 1.0121627826281254
89.7 1.0098368908206197
90.0 1.0100665713734507
90.30000000000001 1.0076018667305646
90.6 1.009871505534057
90.90000000000002 1.0079508531962234
91.19999999999999 1.0083737097798107
91.50000000000001 1.0074225892127564
91.8 1.006013643801804
92.10000000000001 1.0082665008165603
92.39999999999999 1.0058794819260146
92.7 1.004612164118618
92.99999999999999 1.0030919571464698
93.3 1.000965746287456
93.60000000000001 0.9979727184001475
93.89999999999999 1.0010634764043567
94.20000000000002 0.9986153065534978
94.49999999999999 0.9979990439805654
94.80000000000001 0.9949392437942608
95.1 0.9947504239603593
95.4 0.9945544464906589
95.69999999999999 0.9958997145403491
96.0 0.9927534291427226
96.30000000000001 0.998213866231819
96.60000000000001 0.9936221967954141
96.9 0.9920249082739021
97.2 0.9961707229161244
97.50000000000001 0.9943993932211785
97.8 0.9936722087041949
98.10000000000001 0.9927753289474402
98.39999999999999 0.9897820494896489
98.7 0.9900875202882815
99.00000000000001 0.9913361748712087
99.3 0.9912903089720604
99.60000000000002 0.9873535476685988
99.89999999999999 0.9949897031081416
100.2 0.9914512929911354
100.5 0.991005485982172
100.8 0.9895158056163514
101.1 0.9910099180396585
101.4 0.9931239290701994
101.7 0.990018966075477
102.0 0.9924265794797388
102.3 0.9953755573830112
102.6 0.9957919741665177
102.90000000000002 0.9963059752011239
103.19999999999999 0.9969576505251948
103.50000000000001 0.9938630136042884
103.8 0.9981758229305767
104.10000000000001 0.9999460534875522
104.4 0.9996726407073444
104.7 0.9966965639713378
105.0 1.0001923884658108
105.30000000000001 1.0015539749893785
105.6 1.001204527901308
105.9 1.0024995724434447
106.19999999999999 1.0036006068028174
106.5 1.0036767288777444
106.80000000000001 1.0121193134708564
107.10000000000001 1.0031953755227914
107.4 1.008350236603674
107.7 1.0088438451676425
108.0 1.0087924532286356
108.3 1.0090754893419245
108.6 1.0116683591808366
108.89999999999999 1.0072094426677696
109.2 1.007820624786551
109.49999999999999 1.005028356474119
109.80000000000001 1.0038723985853737
110.10000000000001 1.0038720908934244
110.4 1.0066912299368767
110.7 1.0076701944936104
111.0 1.0071111166569175
111.3 1.006863488335445
111.60000000000002 1.001161191633356
111.89999999999999 1.0083761257448725
112.20000000000002 1.0076663291104693
112.5 1.0038276670055695
112.80000000000001 1.004990828362819
113.10000000000001 1.0049513021016905
113.4 1.003195901497241
113.7 1.0044510141710816
114.0 1.0038502492520827
114.3 1.0009479448063876
114.60000000000001 1.000172308937766
114.89999999999999 1.000104640951329
115.2 1.0012594432757733
115.5 0.9975079396696317
115.8 0.9973871667544139
116.1 1.0006717539240635
116.4 0.9983054630240189
116.69999999999999 0.9992278743385323
117.0 0.9970254262894044
117.29999999999998 0.9976702751294703
117.6 0.9988271342122056
117.90000000000002 0.9940153631597666
118.19999999999999 0.9951369443097561
118.50000000000001 0.9911068778248685
118.8 0.9995157387269805
119.10000000000001 0.9977662620871426
119.39999999999999 0.9969656020993475
119.7 0.993894938980522
119.99999999999999 0.9947900544116989
