0.0 1000.0
0.1 853.4352920401087
0.2 520.2467082638227
0.3 210.1944781235585
0.4 45.63548294163077
0.5 3.93073706845988
0.6 6.557083688326422
0.7000000000000001 7.727217090580536
0.8 3.5003070759688284
0.9 0.732937415093612
1.0 0.711952268347266
1.1 1.2176575822152698
1.2 1.046674241906325
1.3 0.5312144356614641
1.4000000000000001 0.32555280314692453
1.5 0.470605826302618
1.6 0.5799050484635258
1.7000000000000002 0.47955172604182467
1.8 0.33885580947853555
1.9000000000000001 0.3377097414389397
2.0 0.39839189452897034
2.1 0.41022141629409675
2.2 0.37751623093293774
2.3000000000000003 0.3626524735451153
2.4 0.3908673154219007
2.5 0.4181909344546569
2.6 0.4142558498115554
2.7 0.40611034124344625
2.8000000000000003 0.4175209238430526
2.9000000000000004 0.44566697212819945
3.0 0.460795767990815
3.1 0.45869451068927164
3.2 0.4661923263154998
3.3000000000000003 0.49854613083786264
3.4000000000000004 0.5266889877556169
3.5 0.5469550446749227
3.6 0.5591781029610939
3.7 0.5864670691269417
3.8000000000000003 0.6146598942939131
3.9000000000000004 0.6475048199817118
4.0 0.6714226629325108
4.1000000000000005 0.7118688396459828
4.2 0.7460083463872337
4.3 0.77117481891351
4.4 0.7858965337721259
4.5 0.8188535009268102
4.6000000000000005 0.8661785486239246
4.7 0.9072378668651915
4.8 0.9483645982277308
4.9 0.974456377170843
5.0 0.9988768362098551
5.1000000000000005 1.027886275917971
5.2 1.052551721840995
5.300000000000001 1.08421935624398
5.4 1.1184949996065408
5.5 1.1485980120452735
5.6000000000000005 1.1703777831266702
5.7 1.1796862300521334
5.800000000000001 1.1890522197628872
5.9 1.2053129637689457
6.0 1.2096245262064793
6.1000000000000005 1.2208857285416181
6.2 1.2204435776151867
6.300000000000001 1.2091327185835643
6.4 1.206164026092265
6.5 1.1894890224144863
6.6000000000000005 1.1792244082377825
6.7 1.1552459072756462
6.800000000000001 1.1503048377111105
6.9 1.1365397372903454
7.0 1.124338703274566
7.1000000000000005 1.1158653230546471
7.2 1.097298953199698
7.300000000000001 1.0824414976347025
7.4 1.0644807304227388
7.5 1.046865799193404
7.6000000000000005 1.0356782108427645
7.7 1.0190858593557506
7.800000000000001 1.0177962727038559
7.9 1.0031643183946732
8.0 0.982754307462541
8.1 0.9705660104041012
8.200000000000001 0.9657592163723175
8.3 0.9493663459213004
8.4 0.9459789585347326
8.5 0.9385467871583484
8.6 0.9264518851538683
8.700000000000001 0.9281750212798627
8.8 0.9271968291810793
8.9 0.9287206652789899
9.0 0.9234196581175743
9.1 0.9282686928684589
9.200000000000001 0.921104922122546
9.3 0.9232189614099633
9.4 0.9241536340199277
9.5 0.9161604507500779
9.6 0.9183217481662408
9.700000000000001 0.9253701657380197
9.8 0.928912810963814
9.9 0.9297254521452171
10.0 0.9320708583508888
10.100000000000001 0.9395777009245185
10.200000000000001 0.9477414450303727
10.3 0.9527130813973315
10.4 0.9553640466639911
10.5 0.9609568362751211
10.600000000000001 0.9644811715391661
10.700000000000001 0.9709142293770578
10.8 0.9851421100712475
10.9 0.9891258083706839
11.0 0.9942774255817757
11.1 0.9987036798592537
11.200000000000001 1.0098480300361068
11.3 1.0140808173400295
11.4 1.0222443007980704
11.5 1.0265211061037385
11.600000000000001 1.0246392401597866
11.700000000000001 1.0240799950544592
11.8 1.0417635810976047
11.9 1.0410652059220988
12.0 1.0436168509697568
12.100000000000001 1.0458715365442093
12.200000000000001 1.0525961303793938
12.3 1.0547018412214528
12.4 1.0521079106441662
12.5 1.0505052209496406
12.600000000000001 1.0501581073726631
12.700000000000001 1.0449648440710444
12.8 1.0460634929268666
12.9 1.0453199450314163
13.0 1.0381262388431376
13.100000000000001 1.0386973414945369
13.200000000000001 1.0354360175186765
13.3 1.0360836614476039
13.4 1.0324912878745196
13.5 1.0245459299223898
13.600000000000001 1.0221697200512574
13.700000000000001 1.0189743781271081
13.8 1.0215059140405156
13.9 1.0111788504499868
14.0 1.0102391223946758
14.100000000000001 1.0030536755291788
14.200000000000001 1.000396817470898
14.3 0.9928497061667697
14.4 0.9871636159286646
14.5 0.9867539108512361
14.600000000000001 0.9880021683144566
14.700000000000001 0.9805577422247158
14.8 0.9854303845293556
14.9 0.9754505121069034
15.0 0.9700946484590567
15.100000000000001 0.9788075088882741
15.200000000000001 0.9719999626417907
15.3 0.9772964417626326
15.4 0.9715617233401703
15.5 0.9749455726199195
15.600000000000001 0.964605824514711
15.700000000000001 0.9679063202764753
15.8 0.9679703653219656
15.9 0.9708264725109537
16.0 0.9709954820430271
16.1 0.9758263842010764
16.2 0.9734233505451875
16.3 0.9786907492133692
16.400000000000002 0.9787336160486158
16.5 0.9745766402685783
16.6 0.979131138124592
16.7 0.9759349799167195
16.8 0.9808998792777518
16.900000000000002 0.9931201942819774
17.0 0.99537785030705
17.1 1.0010031407774664
17.2 0.995799294625878
17.3 0.9972702524533373
17.400000000000002 1.0044645810195683
17.5 1.00787252503504
17.6 1.005025746964475
17.7 1.010796782284465
17.8 1.0118326274331866
17.900000000000002 1.0115323474066023
18.0 1.0146139245625412
18.1 1.0155262661726674
18.2 1.0141088871243036
18.3 1.0162332385409258
18.400000000000002 1.0281971577410467
18.5 1.0230925671463873
18.6 1.0215976377118414
18.7 1.027800684445858
18.8 1.0233641077234816
18.900000000000006 1.0227568074842979
19.0 1.0222937092146516
19.100000000000005 1.0156972288918538
19.2 1.0139875486918482
19.299999999999997 1.0161047874889826
19.400000000000002 1.020674248442796
19.499999999999996 1.0165285200885517
19.6 1.014896182558647
19.700000000000003 1.0130121023301188
19.8 1.0133104920301577
19.900000000000002 1.0073884850899872
20.0 1.0042615735716978
