0
1
2
3
4
5
6
7
8
9
0.0 1000.0
0.05 961.1185438272921
0.1 852.3867002621688
0.15 694.8679687495772
0.2 517.0169616417595
0.25 347.6417577735115
0.3 207.19597650264444
0.35000000000000003 105.85551913712327
0.4 43.77220714694339
0.45 13.335002999067092
0.5 3.6517562745494963
0.55 3.8293515637704987
0.6 6.753500430315684
0.65 8.279915373376275
0.7000000000000001 7.830830927876127
0.75 5.719296355274683
0.8 3.422931930026756
0.8500000000000001 1.6551876023808407
0.9 0.6834763553964216
0.9500000000000001 0.49120874456529523
1.0 0.7388528451150912
1.05 1.0774616246943558
1.1 1.2751206923450937
1.1500000000000001 1.2385880630047736
1.2 1.0719999802618214
1.25 0.7865330037071133
1.3 0.5281538889181885
1.35 0.36766258143511155
1.4000000000000001 0.33220031399278116
1.4500000000000002 0.37099975036060145
1.5 0.4543263307290598
1.55 0.5243767895939205
1.6 0.5526348139745167
1.6500000000000001 0.5095457246204909
1.7000000000000002 0.45985267764441884
1.75 0.382016633806347
1.8 0.3382070274410693
1.85 0.3256299538972193
1.9000000000000001 0.34063792218207933
1.9500000000000002 0.3817863943216834
2.0 0.40055557613375753
2.0500000000000003 0.42409970782485906
2.1 0.42143932629208625
2.15 0.398548885352009
2.2 0.37119257975855335
2.25 0.3648407548516957
2.3000000000000003 0.3570488177074879
2.35 0.36903427111711257
2.4 0.3724772357343118
2.45 0.4101082637589456
2.5 0.41050574366933856
2.5500000000000003 0.4175842339592154
2.6 0.40478469234661657
2.6500000000000004 0.4032025767439572
2.7 0.3944302219450009
2.75 0.4055116285592729
2.8000000000000003 0.41267052720715913
2.85 0.4174681557140765
2.9000000000000004 0.42865810622807576
2.95 0.4477485938394887
3.0 0.46153027007558006
3.0500000000000003 0.4593454464841985
3.1 0.4631910973413117
3.1500000000000004 0.4711126851660799
3.2 0.48067880707951777
3.25 0.4927816483722395
3.3000000000000003 0.49948940154350974
3.35 0.5235094748393376
3.4000000000000004 0.5340477690046181
3.45 0.5381256896252266
3.5 0.54711413632819
3.5500000000000003 0.5534230944070624
3.6 0.5749859252775573
3.6500000000000004 0.582980963321793
3.7 0.5821434241665128
3.75 0.6070377456604951
3.8000000000000003 0.6248212284527119
3.85 0.6064587454325354
3.9000000000000004 0.6372638629857396
3.95 0.6466078933973872
4.0 0.6651640211345208
4.05 0.6552648386701766
4.1000000000000005 0.6954602460901658
4.15 0.7050440742679321
4.2 0.7192391133956354
4.25 0.7543129905752186
4.3 0.762666550236435
4.3500000000000005 0.7821130923542354
4.4 0.8052634654394953
4.45 0.8580688626354329
4.5 0.878885377097547
4.55 0.9034539293465483
4.6000000000000005 0.9301367062574168
4.65 0.9727399362503817
4.7 0.9533521908290282
4.75 0.9917168297383048
4.8 0.9861655442971429
4.8500000000000005 0.997441352996457
4.9 0.9929239358219718
4.95 0.9986297980183748
5.0 0.9972707464654338
5.050000000000001 1.0154910206473893
5.1000000000000005 1.0244911587435694
5.15 1.0174167790235038
5.2 1.043172616092191
5.25 1.0677350549318843
5.300000000000001 1.0894786177800806
5.3500000000000005 1.100206042004992
5.4 1.1197008096603978
5.45 1.1349304409390475
5.5 1.1537168367477055
5.55 1.1818638164300348
5.6000000000000005 1.1636171765195775
5.65 1.1876182742621122
5.7 1.1789905105047238
5.75 1.158132727140369
5.800000000000001 1.1644258374524974
5.8500000000000005 1.1862556070904051
5.9 1.1844708588769866
5.95 1.2018444258820131
6.0 1.2129298286960775
6.050000000000001 1.2055292153015706
6.1000000000000005 1.1984755606722028
6.15 1.2149321556303945
6.2 1.1993369695888971
6.25 1.2008603959346096
6.300000000000001 1.2095845232453393
6.3500000000000005 1.208719228963761
6.4 1.2130335487925739
6.45 1.1878459276019284
6.5 1.1917118280156154
6.550000000000001 1.1850223401780804
6.6000000000000005 1.1719941341338045
6.65 1.1738371235980742
6.7 1.1763001743118502
6.75 1.162617162229406
6.800000000000001 1.146263508484909
6.8500000000000005 1.1430088523301987
6.9 1.1435900245861097
6.95 1.1216184187151832
7.0 1.1060251527143585
7.050000000000001 1.1091572053050005
7.1000000000000005 1.0879394287677608
7.15 1.0738267862859694
7.2 1.0819077804618706
7.25 1.0736377371573147
7.300000000000001 1.0727856621262966
7.3500000000000005 1.0387950408385176
7.4 1.0525438478770452
7.45 1.0373064042921185
7.5 1.0465022685290646
7.550000000000001 1.0308037539788883
7.6000000000000005 1.038265422363608
7.65 1.0241061049794604
7.7 1.0217619052910538
7.75 1.0095012286423612
7.800000000000001 1.0075602170019091
7.8500000000000005 1.0016925017057565
7.9 1.0233922962032973
7.95 1.0024768074298334
8.0 1.0085394561837562
8.05 0.9880797074713534
8.1 0.9827046611023066
8.15 0.9689141989817133
8.200000000000001 0.9699896131601367
8.25 0.9642446231650512
8.3 0.9757905654432829
8.35 0.9516460335027755
8.4 0.9486921391240439
8.450000000000001 0.9425604418048182
8.5 0.9382746043256855
8.55 0.9476906407264517
8.6 0.9537798565567327
8.65 0.959412695730754
8.700000000000001 0.970543360248274
8.75 0.9338866517180294
8.8 0.9405535083603768
8.85 0.9408679341269803
8.9 0.9385026913044827
8.950000000000001 0.9331671658771761
9.0 0.9295525469339558
9.05 0.8955168636943907
9.1 0.904936285521266
9.15 0.9234612648827618
9.200000000000001 0.912233646028735
9.25 0.9018266340214666
9.3 0.9109941703129195
9.35 0.9170394317726054
9.4 0.9337551528843493
9.450000000000003 0.9244483066581795
9.5 0.9312632054555291
9.550000000000002 0.927035518428203
9.6 0.916125716362475
9.649999999999999 0.9324910199938274
9.700000000000001 0.9282126734120164
9.749999999999998 0.9149579108825557
9.8 0.9353887503856431
9.850000000000001 0.9263452693914477
9.9 0.9350766402029494
9.950000000000001 0.9355126458614491
10.0 0.9309446548136471
10.05 0.9345357436016208
10.100000000000001 0.9416733863108119
10.15 0.938897607990195
10.200000000000001 0.9410426293046428
10.25 0.9486164325851185
10.3 0.9419395198488539
10.350000000000001 0.9638956945588127
10.4 0.9697862876868234
10.450000000000001 0.9558042185764576
10.5 0.975792694446247
10.55 0.968870922722852
10.600000000000001 0.9839784827876817
10.65 0.9703930233242966
10.700000000000001 0.9918905275081311
10.75 0.9820819289178591
10.8 0.9878354645407228
10.850000000000001 0.9825486200167118
10.9 0.9870013300139506
10.950000000000003 0.98638772897043
11.0 1.0210575183289021
11.050000000000002 0.9968725209864845
11.1 1.0042250209711847
11.149999999999999 0.9971126833641991
11.200000000000001 1.0154834032852311
11.249999999999998 1.0217496355695697
11.3 1.0109851952111415
11.350000000000001 1.0257748837313572
11.4 1.0147328807752212
11.450000000000001 1.0400594108253531
11.5 1.0244872706000172
11.55 1.003732713751208
11.600000000000001 1.0385825735954932
11.65 1.0265710352497504
11.700000000000001 1.0237182450615891
11.75 1.0437624278454607
11.8 1.0248845221895135
11.850000000000001 1.0433517389921214
11.9 1.011500001799943
11.950000000000001 1.045271302488905
12.0 1.023338738453207
12.05 1.0237383931038657
12.100000000000001 1.0423804772858885
12.15 1.0334005490413092
12.200000000000001 1.0535424641886788
12.25 1.047116736949097
12.3 1.0644234003608564
12.350000000000001 1.0644521610607496
12.4 1.0574770939389935
12.450000000000003 1.0713087784427129
12.5 1.0390700021853576
12.550000000000002 1.0702477431345614
12.600000000000001 1.040025185716702
12.649999999999999 1.0490579800722952
12.700000000000001 1.065556026130699
12.749999999999998 1.0379720514566362
12.8 1.0661722723215326
12.850000000000001 1.0520226031454736
12.9 1.0599536480432028
12.950000000000001 1.0467222960519171
13.0 1.0580684014470707
13.05 1.0389689349998457
13.100000000000001 1.0281593900846289
13.15 1.028949205750402
13.200000000000001 1.055405332974292
13.25 1.03612759689759
13.3 1.0261584582977747
13.350000000000001 1.0252305811075715
13.4 1.0225506626788263
13.450000000000001 1.0282170282082121
13.5 1.0233296902717612
13.55 1.0212112122371257
13.600000000000001 1.0148332351580365
13.65 1.0195638359894088
13.700000000000001 1.007891322752426
13.75 1.0197476714740998
13.8 0.9974355341196519
13.850000000000001 1.0059627593459948
13.9 1.0045209866454932
13.950000000000003 1.0146078543571444
14.0 0.9914190325195313
14.050000000000002 0.9927647348015414
14.100000000000001 0.99824698930134
14.149999999999999 0.9950074297943166
14.200000000000001 0.9952443155068884
14.25 1.0010162281396364
14.3 0.9876702434807589
14.350000000000001 0.9783011850117986
14.4 0.9906634746888322
14.450000000000001 0.990952327502205
14.5 0.9798686098397662
14.55 0.9982108871702055
14.600000000000001 1.0124698125940015
14.65 0.9979010881500981
14.700000000000001 0.9756961623959344
14.75 0.9832208561264194
14.8 0.9709464140004839
14.850000000000001 0.9663119487158058
14.9 0.9651191849592655
14.950000000000001 0.9865274186294224
15.0 0.983234390028211
15.05 0.9675397826141723
15.100000000000001 0.970801649137097
15.15 0.9517106456190346
15.200000000000001 0.9601268591659965
15.25 0.9840204712373248
15.3 0.9543553540806078
15.350000000000001 0.9766635820720511
15.4 0.9589286457919869
15.450000000000003 0.9625856467856309
15.5 0.9685706570256493
15.549999999999999 0.9671895871010125
15.600000000000001 0.9519525509167792
15.649999999999999 0.9933097470369976
15.700000000000001 0.972164630558979
15.75 0.9543206041373192
15.8 0.9626493884970128
15.850000000000001 0.9540486683913126
15.9 0.9831069700899938
15.950000000000001 0.9699367662772893
16.0 0.9701384668139987
16.05 0.9737755561729085
16.1 0.9771079542067713
16.150000000000002 0.9853160195302024
16.2 0.9719600500618194
16.25 0.987318885494517
16.3 0.9879543544961026
16.35 0.9661715281024679
16.400000000000002 0.9853691475211793
16.45 0.978256387176849
16.5 0.9801155112102006
16.55 0.9773287776012707
16.6 0.9781950604361146
16.650000000000002 0.9797760271903476
16.7 0.9904986431148395
16.75 0.9862072143328687
16.8 1.0075946675274075
16.85 0.9891387067107719
16.900000000000002 0.9767644163401294
16.95 0.9850548069268956
17.0 1.0000807646737964
17.05 1.0006569975777986
17.1 0.9931927839811856
17.150000000000002 0.9848287843947974
17.2 0.9979858245931823
17.25 1.0003657728723714
17.3 0.9963282288447086
17.35 0.9961243371309945
17.400000000000002 0.9886771480401194
17.45 0.9946706879769037
17.5 1.0152273341279798
17.55 0.9998700865158042
17.6 1.0152895707174083
17.650000000000002 1.005967453369403
17.7 1.0000323239620823
17.75 1.0125543686623453
17.8 1.0090532256642288
17.85 1.0157251713125002
17.900000000000002 1.017899136361744
17.95 1.0080791573563996
18.0 1.0058334286493014
18.05 1.0206002124405795
18.1 1.005865057162308
18.150000000000002 1.0124704844447145
18.2 1.0144886449711665
18.25 1.0108512994141052
18.3 0.9986439471590609
18.35 1.0147168633810755
18.400000000000002 1.0158814812042904
18.45 0.9990119467737507
18.5 1.0325950406507158
18.55 1.021245905004538
18.6 1.0069940122530372
18.650000000000002 1.0154434357412458
18.7 1.0236267964196224
18.75 1.0217913839299664
18.8 1.0166506963110788
18.85 1.0382316883449287
18.900000000000006 1.011216644383999
18.95 1.0226306603792803
19.0 1.0281095357847083
19.05 1.0216391323287026
19.100000000000005 1.0236485178831627
19.15 1.0331064154784975
19.2 1.0249673498416783
19.250000000000004 1.022854310660892
19.299999999999997 1.0219225053158585
19.349999999999998 1.032602027648721
19.400000000000002 0.9991321513433741
19.450000000000003 1.001941489460657
19.499999999999996 1.0395116448856971
19.55 1.0423470459770665
19.6 1.000051596400911
19.650000000000002 1.0265414972909779
19.700000000000003 1.0254182762682569
19.75 1.0100204587226829
19.8 0.9793986028246827
19.85 1.0167465737277843
19.900000000000002 1.0168401684405057
19.950000000000003 1.005520483494336
20.0 1.0133717350595601
