0
1
2
3
4
5
6
7
8
9
10
11
12
13
14
15
16
17
18
19
20
21
22
23
24
25
26
27
28
29
30
31
32
33
34
35
36
37
38
39
40
41
42
43
44
45
46
47
48
49
0.0 1000.0
0.1 852.43056693125
0.2 517.4331187870417
0.3 207.07678196027152
0.4 43.79091256931483
0.5 3.681099483331877
0.6 6.8419970265566405
0.7000000000000001 7.84578662535699
0.8 3.4367399726566976
0.9 0.7275940041057849
1.0 0.8545875276316824
1.1 1.3978047492437928
1.2 1.1526661874709128
1.3 0.5694873698738262
1.4000000000000001 0.3282898078873779
1.5 0.4625570514028458
1.6 0.5738897105316277
1.7000000000000002 0.4718770745785584
1.8 0.33975495049789123
1.9000000000000001 0.34679009703355385
2.0 0.4138321031860383
2.1 0.4252612460825354
2.2 0.3841557995124903
2.3000000000000003 0.3609525261256427
2.4 0.3784571954104893
2.5 0.4015429826803591
2.6 0.4055302988149558
2.7 0.40035323756897784
2.8000000000000003 0.41829952629121536
2.9000000000000004 0.4466386479779956
3.0 0.4634050211610271
3.1 0.46733817916165
3.2 0.4774496763868866
3.3000000000000003 0.4977868858274758
3.4000000000000004 0.5251850023295974
3.5 0.5458598269275073
3.6 0.561904133910755
3.7 0.5877420383812479
3.8000000000000003 0.6167219345601969
3.9000000000000004 0.6451137539866622
4.0 0.6665866395748452
4.1000000000000005 0.6980397688796061
4.2 0.7339684142817667
4.3 0.7738143086474993
4.4 0.805183561187906
4.5 0.8371039410832012
4.6000000000000005 0.8645768398369484
4.7 0.8935806732343482
4.8 0.9295575438247036
4.9 0.9673022497802254
5.0 1.0016954799770899
5.1000000000000005 1.0410832653304487
5.2 1.0645934359526978
5.300000000000001 1.0973830231174988
5.4 1.115283288911213
5.5 1.1335803420658792
5.6000000000000005 1.1512878815850416
5.7 1.171524737205082
5.800000000000001 1.2004487136971402
5.9 1.2073927265527589
6.0 1.2149476585841634
6.1000000000000005 1.2199898981842765
6.2 1.2141079120684495
6.300000000000001 1.2041444644398938
6.4 1.197097428364648
6.5 1.19034266634917
6.6000000000000005 1.1774239708761949
6.7 1.171196078313342
6.800000000000001 1.1613283604799636
6.9 1.1426472232542333
7.0 1.119969779123168
7.1000000000000005 1.1067025925452147
7.2 1.0916694411347045
7.300000000000001 1.0767555613088686
7.4 1.0698311233014046
7.5 1.054366717630534
7.6000000000000005 1.0368085283284016
7.7 1.018633979230919
7.800000000000001 1.0008311543199975
7.9 0.9919877990274608
8.0 0.9780311049475597
8.1 0.969551616724442
8.200000000000001 0.9601849768539558
8.3 0.9533573210083851
8.4 0.9436695535669323
8.5 0.9426894183624794
8.6 0.9376851822965633
8.700000000000001 0.934121735101461
8.8 0.9281975105594396
8.9 0.9149761907983107
9.0 0.9105821327365358
9.1 0.9157375858395624
9.200000000000001 0.9123728739280688
9.3 0.9193532786771665
9.4 0.9199419847311995
9.5 0.9191302400213375
9.6 0.9205385345018652
9.700000000000001 0.924020617825127
9.8 0.9315368112287133
9.9 0.9346716609577663
10.0 0.942240486468508
10.100000000000001 0.9451946597146589
10.200000000000001 0.9454892049238518
10.3 0.9557023230557609
10.4 0.9623838480619219
10.5 0.965956388814072
10.600000000000001 0.971724584431615
10.700000000000001 0.9766052310587345
10.8 0.9832996971064708
10.9 0.9944258212561252
11.0 0.999424113219446
11.1 0.9989840249780874
11.200000000000001 1.011072399561162
11.3 1.0146792098897388
11.4 1.020577941525838
11.5 1.0309544360606515
11.600000000000001 1.0297345603746333
11.700000000000001 1.0298366212231411
11.8 1.0332985871361133
11.9 1.033047591500622
12.0 1.039387749686763
12.100000000000001 1.0467459109821033
12.200000000000001 1.0469432207798304
12.3 1.0454324139569977
12.4 1.049527029608522
12.5 1.0452504845905206
12.600000000000001 1.041656499940664
12.700000000000001 1.0436670397938674
12.8 1.0400827409935978
12.9 1.039877465280426
13.0 1.04028842007382
13.100000000000001 1.0367495638126787
13.200000000000001 1.039295431927413
13.3 1.0315217882940397
13.4 1.024391438975393
13.5 1.0230735575620442
13.600000000000001 1.0175866345129456
13.700000000000001 1.0145735110527832
13.8 1.0129061232625984
13.9 1.0075183115791173
14.0 1.0061968620898185
14.100000000000001 0.9953497571347111
14.200000000000001 0.9970498900496206
14.3 1.0021483269552531
14.4 0.9939543623802558
14.5 0.9922303418312589
14.600000000000001 0.9891763832948937
14.700000000000001 0.9841465246137799
14.8 0.976443808514656
14.9 0.9755292454509096
15.0 0.9744791555061443
15.100000000000001 0.9751406586352441
15.200000000000001 0.9773636279090837
15.3 0.966992577621292
15.4 0.9691343798628504
15.5 0.9748490430268737
15.600000000000001 0.9734656969025163
15.700000000000001 0.9742516338973891
15.8 0.9744670558081527
15.9 0.9714734208554083
16.0 0.9754385123458491
16.1 0.9751869827963396
16.2 0.972902285655627
16.3 0.9774019836770291
16.400000000000002 0.9824250558360821
16.5 0.9848244987601887
16.6 0.986407380877122
16.7 0.9827974599392764
16.8 0.9836267358418698
16.900000000000002 0.988887352879084
17.0 0.987685012925543
17.1 0.987358519048547
17.2 0.9912453623060512
17.3 0.9975904303284671
17.400000000000002 0.998970862401632
17.5 1.0062827986118832
17.6 1.0034176042087446
17.7 1.007732588341537
17.8 1.0130384523347287
17.900000000000002 1.0034617021362058
18.0 1.012104784409748
18.1 1.0186318943782429
18.2 1.022746567989363
18.3 1.0248486848170513
18.400000000000002 1.0217086074659278
18.5 1.0171521899242888
18.6 1.0178319689111002
18.7 1.0208312809277644
18.8 1.0202959938896141
18.900000000000006 1.0147792198872267
19.0 1.0173795807180042
19.100000000000005 1.016789224040877
19.2 1.0211996285578007
19.299999999999997 1.0231077275125435
19.400000000000002 1.023180691112185
19.499999999999996 1.0172580755183833
19.6 1.0185587163056216
19.700000000000003 1.0085429031740463
19.8 1.0116343012456466
19.900000000000002 1.007052819540568
20.0 1.0031180016378187
