0
1
2
3
4
5
6
7
8
9
10
11
12
13
14
15
16
17
18
19
20
21
22
23
24
25
26
27
28
29
30
31
32
33
34
35
36
37
38
39
40
41
42
43
44
45
46
47
48
49
0.01 0.0
0.03 0.0
0.05 0.0
0.07 0.0
0.09 0.0
0.11 0.0
0.13 0.0
0.15 0.0
0.17 0.0
0.19 0.0
0.21 0.0
0.23 0.0
0.25 0.0
0.27 0.0
0.29 0.0
0.31 0.0
0.33 0.0
0.35000000000000003 0.0
0.37 0.0
0.39 0.0
0.41000000000000003 0.0
0.43 0.0
0.45 0.0
0.47000000000000003 0.0
0.49 0.0
0.51 0.0
0.53 0.0
0.55 0.0
0.5700000000000001 0.0
0.59 0.0
0.61 0.0
0.63 0.0
0.65 0.0
0.67 0.0
0.6900000000000001 0.0
0.71 0.0
0.73 0.0
0.75 0.0
0.77 0.0
0.79 0.0
0.81 0.0
0.8300000000000001 0.0
0.85 0.0
0.87 0.0
0.89 0.0
0.91 0.0
0.93 0.0
0.9500000000000001 0.0
0.97 0.0
0.99 0.0
1.01 1.759982355247682
1.03 1.6758043232373891
1.05 1.6038819687991301
1.07 1.6027134039827675
1.09 1.5006031870721481
1.11 1.4875960393896777
1.1300000000000001 1.459551529706576
1.1500000000000001 1.436006653896578
1.17 1.414726794584594
1.19 1.3631602485641567
1.21 1.3062334942172875
1.23 1.2963228166035092
1.25 1.2493066814574545
1.27 1.245143423989418
1.29 1.2509013700825309
1.31 1.1952742599642487
1.33 1.1826807115399147
1.35 1.129151730192398
1.37 1.1230642182283157
1.3900000000000001 1.1287178248568104
1.41 1.107403929984575
1.43 1.0581029536415258
1.45 1.0592380620204178
1.47 1.0591488245819647
1.49 1.0526770163954131
1.51 1.028083153031988
1.53 1.0067209659964609
1.55 1.0084841001165445
1.57 1.0034078000757325
1.59 0.9760165603079942
1.61 0.9919435728614779
1.6300000000000001 0.9611645004265508
1.6500000000000001 0.9419841813996761
1.67 0.9364392599321256
1.69 0.9364350403809257
1.71 0.9517064885322161
1.73 0.9500155922840499
1.75 0.95291479820628
1.77 0.9313688981571961
1.79 0.9339498980483566
1.81 0.9401326767327336
1.83 0.9193225703706684
1.85 0.9409453036736906
1.87 0.9402285812330851
1.8900000000000001 0.9621934604904451
1.9100000000000001 0.9445469829319311
1.93 0.9719413322833528
1.95 0.9694195098004671
1.97 0.9779649225272277
1.99 0.9700851823170983
2.0100000000000002 0.9786186924523946
2.0300000000000002 0.9750016177564972
2.05 0.9846243535644987
2.07 0.9698711765255041
2.09 0.9842114099081221
2.11 0.9983977718546931
2.13 0.990849178593474
2.15 1.0141444806599553
2.17 1.015976725089884
2.19 1.0187025659559108
2.21 1.0008599273839065
2.23 1.008542912298581
2.25 1.0064131264979341
2.27 1.0014522472636753
2.29 1.019949276652007
2.31 1.0208702930961444
2.33 1.0081016528722708
2.35 1.0116130278374635
2.37 1.0100410662995298
2.39 1.0201967741182316
2.41 0.997810541539455
2.43 1.0052329125928605
2.45 1.022068459983562
2.47 0.990080752671725
2.49 1.0105965463108355
2.5100000000000002 1.0225312691794723
2.5300000000000002 1.0037598683525315
2.5500000000000003 1.01332301256946
2.57 1.005750751963183
2.59 0.999035996104237
2.61 0.9979130375212687
2.63 1.0033348111879994
2.65 0.9865860373274635
2.67 0.9927268221519843
2.69 0.984411564187135
2.71 1.0076637134401911
2.73 1.0039112116929343
2.75 0.9862215483347743
2.77 0.9960879802596199
2.79 0.9965785101317199
2.81 1.0074023572719337
2.83 0.9827567549569463
2.85 0.9995342175675965
2.87 0.9816052090583907
2.89 0.9869235005826831
2.91 0.9957428634409778
2.93 0.9992312112693642
2.95 0.9995173819117611
2.97 1.0060348867088929
2.99 0.9831602064100451
3.0100000000000002 0.9970879751585722
3.0300000000000002 1.0090205062666129
3.0500000000000003 1.0023255313964505
3.0700000000000003 0.994834623056573
3.09 1.0050393794249524
3.11 0.9984009043161786
3.13 1.003970630265261
3.15 1.0004165602870234
3.17 1.0076525535048326
3.19 0.981831671492777
3.21 1.0091419624487248
3.23 0.9908127468145749
3.25 0.9972749592900702
3.27 1.0139484644063848
3.29 1.0023512275039703
3.31 1.0069702206374525
3.33 0.9988186420094749
3.35 1.0035984150934476
3.37 0.9983255456285122
3.39 0.9979290181109225
3.41 0.9925998440563751
3.43 1.0055305597425073
3.45 0.9928558626174732
3.47 0.9907177738159997
3.49 0.9983812437739928
3.5100000000000002 1.002424216188162
3.5300000000000002 1.0046398343623124
3.5500000000000003 0.9981789375680897
3.5700000000000003 1.00118216912344
3.59 0.9928707027653165
3.61 1.0098436173151708
3.63 0.9955212138383019
3.65 0.9921161140524083
3.67 0.9932734094261177
3.69 1.0015998178631056
3.71 0.9984585541165102
3.73 1.0159312198721475
3.75 0.9922643146327554
3.77 1.0017871047027425
3.79 0.9890375100945668
3.81 0.9950422977652703
3.83 0.992034185625876
3.85 1.0005599582617255
3.87 0.9886314065184904
3.89 0.9932781013472267
3.91 0.9928724675347158
3.93 0.9977651786562365
3.95 1.004617839837955
3.97 0.9967948175658211
3.99 1.0093874841919084
0.0 1000.0
0.1 852.2314271372561
0.2 516.9805963273799
0.3 206.50454117729595
0.4 43.366026792187476
0.5 3.594133488287211
0.6 7.075156741980539
0.7000000000000001 8.013279465774621
0.8 3.5306818663818347
0.9 0.7338556928367035
1.0 0.7624773365889823
1.1 1.2762817099486805
1.2 1.0926818655999027
1.3 0.5333092896068418
1.4000000000000001 0.3375920114692324
1.5 0.48583482367650377
1.6 0.5877086176125835
1.7000000000000002 0.4786598720051559
1.8 0.3360944237574788
1.9000000000000001 0.337818167654199
2.0 0.4108857330612259
2.1 0.4188406736245077
2.2 0.3773113187728198
2.3000000000000003 0.3552793517441967
2.4 0.38329180199654955
2.5 0.41421789936850345
2.6 0.4196194181057901
2.7 0.4024731882102256
2.8000000000000003 0.4145232749994405
2.9000000000000004 0.4427087743344644
3.0 0.46639027679491823
3.1 0.4729872294036565
3.2 0.4838765036373865
3.3000000000000003 0.5070445158684449
3.4000000000000004 0.5348639458627019
3.5 0.5577260608143786
3.6 0.5671980996557106
3.7 0.5857515799957205
3.8000000000000003 0.6133484679704694
3.9000000000000004 0.6407511456139523
4.0 0.6765653450545008
4.1000000000000005 0.7016743684604111
4.2 0.7310632622512405
4.3 0.7786740684404616
4.4 0.8062911546065046
4.5 0.8431162193027089
4.6000000000000005 0.876550606720652
4.7 0.9047597608087729
4.8 0.9425746962478166
4.9 0.9706443657887529
5.0 1.0032103524477056
5.1000000000000005 1.0324196986036305
5.2 1.0633052255912867
5.300000000000001 1.0884753767186672
5.4 1.1139619382628443
5.5 1.1418281984415815
5.6000000000000005 1.1688593228452826
5.7 1.1772423527420726
5.800000000000001 1.1947670831999477
5.9 1.2052129674855205
6.0 1.2018846554691147
6.1000000000000005 1.2009866665772195
6.2 1.2028528602511972
6.300000000000001 1.1906688123165876
6.4 1.1904991940248502
6.5 1.1955850502299747
6.6000000000000005 1.1801344806597047
6.7 1.1711816589235464
6.800000000000001 1.1512637974897442
6.9 1.1342892703390322
7.0 1.1261568170415925
7.1000000000000005 1.1082050809119461
7.2 1.0864069721043084
7.300000000000001 1.0665009390140299
7.4 1.0571241783729963
7.5 1.0542977092050154
7.6000000000000005 1.037262527771473
7.7 1.0153321088131706
7.800000000000001 1.0069501289688345
7.9 0.9968742702535153
8.0 0.9882776416694524
8.1 0.977546841492145
8.200000000000001 0.972259744464475
8.3 0.95595415181815
8.4 0.9506988758029123
8.5 0.9353136086534423
8.6 0.9285468899098279
8.700000000000001 0.9339702211839855
8.8 0.9333400158539225
8.9 0.9187596452146083
9.0 0.9247769208942485
9.1 0.9222432825538334
9.200000000000001 0.9137992365256191
9.3 0.9095833599122283
9.4 0.9089605050517787
9.5 0.9205432793883302
9.6 0.9180186285901527
9.700000000000001 0.9323685185134256
9.8 0.9338459600846041
9.9 0.9362939936110486
10.0 0.932184369454275
10.100000000000001 0.941250952966335
10.200000000000001 0.9498898017424731
10.3 0.9494975008552278
10.4 0.9570568999945747
10.5 0.9591631695765486
10.600000000000001 0.9705333996276234
10.700000000000001 0.9838933591141238
10.8 0.9883433342750136
10.9 0.9895944383041012
11.0 1.002324276752095
11.1 1.0108872650574339
11.200000000000001 1.0060030026628204
11.3 1.0151479327771502
11.4 1.022157827210868
11.5 1.0244096704919037
11.600000000000001 1.0250934487642447
11.700000000000001 1.0275245913214242
11.8 1.0311663527465378
11.9 1.033653166042432
12.0 1.0304596373201738
12.100000000000001 1.0430889895458626
12.200000000000001 1.0407053841636922
12.3 1.042928856307985
12.4 1.0547986504089462
12.5 1.0498698749366886
12.600000000000001 1.050763323303085
12.700000000000001 1.0328275937416143
12.8 1.0362829343762643
12.9 1.0492087663883474
13.0 1.0372972225161292
13.100000000000001 1.0373300851237715
13.200000000000001 1.0385128387111762
13.3 1.0379341279441763
13.4 1.0221102122436418
13.5 1.018584526892929
13.600000000000001 1.0227709383250347
13.700000000000001 1.01995314609725
13.8 1.0148900842918567
13.9 1.0106646989381323
14.0 1.0123385204711246
14.100000000000001 1.0056233844233569
14.200000000000001 1.0077964398367658
14.3 0.9888518414609225
14.4 0.9935316246821997
14.5 0.9888344343774844
14.600000000000001 0.9816679976758329
14.700000000000001 0.9911030353552781
14.8 0.9815323571887273
14.9 0.9714055640188546
15.0 0.9757657157796075
15.100000000000001 0.9699417738147749
15.200000000000001 0.9765856123701698
15.3 0.9701863336007134
15.4 0.9714112706105353
15.5 0.962591531268096
15.600000000000001 0.9702903606782679
15.700000000000001 0.9679948588409998
15.8 0.9787274531232569
15.9 0.9661074284159694
16.0 0.9638806711708261
16.1 0.9770210498080897
16.2 0.9687761229821558
16.3 0.9735134291765627
16.400000000000002 0.9710099236160297
16.5 0.9687487329084106
16.6 0.9748581643809179
16.7 0.9947142657177243
16.8 0.9920587094839896
16.900000000000002 0.986485882911282
17.0 0.9813102190229549
17.1 0.9929550665842709
17.2 1.0041630110527882
17.3 0.9985862020628745
17.400000000000002 1.0050422604438471
17.5 1.0043617526252577
17.6 1.0066046299981861
17.7 1.0140468023547025
17.8 1.0141296015661643
17.900000000000002 1.0156989212877265
18.0 1.0130102394704974
18.1 1.0199992502712465
18.2 1.0215646590057326
18.3 1.0156078763990113
18.400000000000002 1.0276666630705489
18.5 1.0264145169941687
18.6 1.0179434482409457
18.7 1.0190636075523107
18.8 1.0175107826825487
18.900000000000006 1.0209134466758056
19.0 1.021452991027188
19.100000000000005 1.0135697305160947
19.2 1.016899498405362
19.299999999999997 1.0131496281001793
19.400000000000002 1.0163191774060836
19.499999999999996 1.0146541330047736
19.6 1.0118362739047009
19.700000000000003 1.0112975013603107
19.8 1.0118032745669034
19.900000000000002 1.00574629353684
20.0 1.0028394936006597
