0 ig
1 ig
2 ig
3 ig
4 ig
5 ig
6 ig
7 ig
8 ig
9 ig
10 ig
11 ig
12 ig
13 ig
14 ig
15 ig
16 ig
17 ig
18 ig
19 ig
20 ig
21 ig
22 ig
23 ig
24 ig
25 ig
26 ig
27 ig
28 ig
29 ig
30 ig
31 ig
32 ig
33 ig
34 ig
35 ig
36 ig
37 ig
38 ig
39 ig
40 ig
41 ig
42 ig
43 ig
44 ig
45 ig
46 ig
47 ig
48 ig
49 ig
0.0 1000.0
0.1 979.375440572005
0.2 919.7615763540102
0.30000000000000004 827.409005267738
0.4 711.8529867899416
0.5 584.1099567996257
0.6000000000000001 455.4465694008219
0.7000000000000001 335.5821621339967
0.8 231.9578066490199
0.9 148.62566051664004
1.0 86.85027855345632
1.1 45.18710876681072
1.2000000000000002 20.22668654807878
1.3 7.994555600374789
1.4000000000000001 3.972726922231605
1.5 4.49430385545133
1.6 6.573145262230594
1.7000000000000002 8.515526146326028
1.8 9.513376563537761
1.9000000000000001 9.093232226954811
2.0 7.883909548918599
2.1 6.117084066474413
2.2 4.353937442532751
2.3000000000000003 2.939982807955094
2.4000000000000004 1.9410656056609141
2.5 1.4096600927816383
2.6 1.2778531714643717
2.7 1.3925167051845568
2.8000000000000003 1.6294776063962084
2.9000000000000004 1.8570717116797781
3.0 2.0188177427736638
3.1 2.073749033573838
3.2 1.990312799645882
3.3000000000000003 1.841132966996157
3.4000000000000004 1.635047828262524
3.5 1.4192896850436023
3.6 1.242122601755571
3.7 1.1205159274006418
3.8000000000000003 1.0647912352446085
3.9000000000000004 1.0726894308154649
4.0 1.1168604717276365
4.1000000000000005 1.1933781967806876
4.2 1.26406026216377
4.3 1.3104635480741031
4.4 1.3469315480839255
4.5 1.3102654610341744
4.6000000000000005 1.2714589627402426
4.7 1.2063901324692525
4.800000000000001 1.1508047514105504
4.9 1.1023378613561987
5.0 1.0530309516681762
5.1000000000000005 1.042238371241914
5.2 1.0478259155870027
5.300000000000001 1.0657523438573986
5.4 1.0884846151575058
5.5 1.1072680472409093
5.6000000000000005 1.1181856894432158
5.7 1.1124858665243358
5.800000000000001 1.0970414542806395
5.9 1.0740967233988132
6.0 1.056404889739845
6.1000000000000005 1.0384756584888546
6.2 1.021525248596462
6.300000000000001 1.0128602877605497
6.4 1.018371434156186
6.5 1.0170791462530655
6.6000000000000005 1.0224094810807156
6.7 1.0399418607822932
6.800000000000001 1.0393758128605852
6.9 1.0540166866962128
7.0 1.0504693573387494
7.1000000000000005 1.0469308016633736
7.2 1.0341980759296836
7.300000000000001 1.026209278470102
7.4 1.0198772891284376
7.5 1.0157201374018847
7.6000000000000005 1.0106338290745907
7.7 1.018082576186324
7.800000000000001 1.01561121966296
7.9 1.0279710773031197
8.0 1.025085658262558
8.1 1.0301155998698135
8.200000000000001 1.030089982997846
8.3 1.0272839119124664
8.4 1.0207162460684964
8.5 1.008482419149584
8.6 1.0070894392472172
8.700000000000001 1.0076241096707101
8.8 1.0002021931833263
8.9 1.0066795491349934
9.0 0.9963301349242059
9.1 1.0087502658431715
9.200000000000001 1.016198767137894
9.3 1.0210188881392273
9.4 1.0147512804353025
9.5 1.0194971620498754
9.600000000000001 1.0223714401582973
9.700000000000001 1.018192979072432
9.8 1.0140866250467147
9.9 1.0101233187465823
10.0 1.0094745385357948
10.100000000000001 1.0012015118087685
10.200000000000001 1.0045411027722613
10.3 1.004745930034382
10.4 1.000581572545213
10.5 1.0010201655179194
10.600000000000001 1.0020574007731844
10.700000000000001 1.001713610193889
10.8 1.0050376075577214
10.9 1.0051679308970685
11.0 1.0071763028557994
11.100000000000001 1.0086781495924726
11.200000000000001 1.004099872879019
11.3 0.9964568474708938
11.4 1.001327946424794
11.5 1.0017043919236523
11.600000000000001 1.0041788535591814
11.700000000000001 1.0034601583878706
11.8 1.0118313352776833
11.9 1.0093647736310845
12.0 1.0041260311874571
12.100000000000001 1.0088234919595902
12.200000000000001 1.0062832919793618
12.3 1.0044474668427799
12.4 1.0044492614472917
12.5 1.0009618934595021
12.600000000000001 1.0000569278732134
12.700000000000001 1.0014584505648059
12.8 0.9958004734296064
12.9 0.998719694292456
13.0 1.0001403452477415
13.100000000000001 1.0032728642564304
13.200000000000001 1.0004827095102902
13.3 0.997431660565931
13.4 1.0008486236828678
13.5 0.9984248056625357
13.600000000000001 1.0020898472773165
13.700000000000001 0.9991917143087902
13.8 0.9940967457623231
13.9 0.9995259058745666
14.0 1.0049772206202254
14.100000000000001 1.005940931022979
14.200000000000001 0.9982781562133839
14.3 1.0093007141485852
14.4 1.0064004872360695
14.5 1.0059029788317344
14.600000000000001 1.000992296156949
14.700000000000001 1.0087532745768202
14.8 1.0107066565086882
14.9 1.004874855473535
15.0 1.008598929094746
15.100000000000001 0.9982799519928417
15.200000000000001 1.004984980236902
15.3 1.0079984233819455
15.4 1.003365554370355
15.5 1.0015931353636511
15.600000000000001 1.0021448889920475
15.700000000000001 1.0022140291763584
15.8 1.0045504058981332
15.9 1.0045363711959094
16.0 0.9950925528874504
16.1 0.9989840075401832
16.2 1.0033460023047658
16.3 1.0012376908192555
16.400000000000002 0.9949762037741088
16.5 1.0030169111638236
16.6 0.9975701491941611
16.7 0.9961591059194506
16.8 0.9943005029683876
16.900000000000002 1.002044193801837
17.0 0.999305738623825
17.1 0.9990779557860584
17.2 0.9930812601708611
17.3 1.0004436595247155
17.400000000000002 0.9972004549743881
17.5 0.9971522151684384
17.6 0.9985942416329326
17.7 0.9997452387253233
17.8 1.005267795148891
17.900000000000002 0.9997243263099084
18.0 1.0007900992122751
18.1 0.9969040552644896
18.2 0.9989651476692281
18.3 0.9984379796328022
18.400000000000002 0.9946214870552407
18.5 0.9924610849011428
18.6 0.998020298766436
18.7 0.9946644028933938
18.8 0.9934647136806487
18.900000000000002 0.9923949615176901
19.0 0.9949672768723063
19.1 0.9939983558336014
19.200000000000003 0.9954813586033778
19.3 0.9976329038871821
19.400000000000002 0.9958274657500253
19.5 0.9987167982520194
19.6 0.9958597722840458
19.700000000000003 0.9998160454985738
19.8 0.9981844341329438
19.900000000000002 0.9997713600199812
20.0 1.0075533307381932
0
1
2
3
4
5
6
7
8
9
10
11
12
13
14
15
16
17
18
19
20
21
22
23
24
25
26
27
28
29
30
31
32
33
34
35
36
37
38
39
40
41
42
43
44
45
46
47
48
49
0.0 1000.0
0.1 850.8267732211201
0.2 513.2153647562612
0.3 202.49890305827003
0.4 41.47162232144664
0.5 3.5356695645797034
0.6 7.381576151590252
0.7000000000000001 8.121349031936013
0.8 3.4199853223272156
0.9 0.7210498350772577
1.0 0.9088327646352969
1.1 1.4672923987485984
1.2 1.1869089450285344
1.3 0.5941778436636888
1.4000000000000001 0.3605137871338356
1.5 0.5082260446238416
1.6 0.6223989798904462
1.7000000000000002 0.4914899588640107
1.8 0.34785324247217164
1.9000000000000001 0.355436723115258
2.0 0.42918662166582494
2.1 0.4304721529525575
2.2 0.38358957898016427
2.3000000000000003 0.3663166767847163
2.4 0.3995518431659824
2.5 0.43072440440396514
2.6 0.427138767448395
2.7 0.40910672679619103
2.8000000000000003 0.4160496403662298
2.9000000000000004 0.44388284867043415
3.0 0.46307400421488426
3.1 0.4654927868370578
3.2 0.47617230022370044
3.3000000000000003 0.497505240122708
3.4000000000000004 0.5249956527939461
3.5 0.543855893720011
3.6 0.5627030203043818
3.7 0.5848338737284418
3.8000000000000003 0.6159691381748388
3.9000000000000004 0.646061537876828
4.0 0.6653497929529402
4.1000000000000005 0.6931418850475484
4.2 0.7224900063291011
4.3 0.7546062223292954
4.4 0.7839627046817089
4.5 0.8266672390195029
4.6000000000000005 0.8671690616574759
4.7 0.9093668925363932
4.8 0.9373238057653207
4.9 0.9743107945710249
5.0 1.0074080952092437
5.1000000000000005 1.0351649612846325
5.2 1.073619103556277
5.300000000000001 1.1081531500479676
5.4 1.1244676812282963
5.5 1.1452185208712975
5.6000000000000005 1.1675529402132556
5.7 1.1816770718868552
5.800000000000001 1.1874689448417985
5.9 1.1992511687971747
6.0 1.2139087141546179
6.1000000000000005 1.2176258504926454
6.2 1.205555002741641
6.300000000000001 1.2028496666744672
6.4 1.2040401402429672
6.5 1.1877922651864805
6.6000000000000005 1.1865790364937816
6.7 1.1709779748411795
6.800000000000001 1.164358488083515
6.9 1.1420758652694374
7.0 1.1225673370831182
7.1000000000000005 1.103047282107178
7.2 1.0913133026384596
7.300000000000001 1.0686051936907428
7.4 1.0620753919567205
7.5 1.0413600039472513
7.6000000000000005 1.0310345472651687
7.7 1.0173088450715286
7.800000000000001 1.0112797744903899
7.9 0.9960773396214142
8.0 0.9908508358212825
8.1 0.9781712787373946
8.200000000000001 0.9629447311386896
8.3 0.9530106696811679
8.4 0.9491795977465642
8.5 0.9451118030556036
8.6 0.9381272708566073
8.700000000000001 0.9337771611473342
8.8 0.9283051022640356
8.9 0.9229644079385051
9.0 0.9191704688235035
9.1 0.9186055656875395
9.200000000000001 0.9176839686955378
9.3 0.9160313862538474
9.4 0.9198925885776391
9.5 0.9267201791207088
9.6 0.9292626013651347
9.700000000000001 0.9305009376065196
9.8 0.9359737462344994
9.9 0.9310734066002143
10.0 0.9345868616824238
10.100000000000001 0.9389186176455392
10.200000000000001 0.942545393757624
10.3 0.9528250809594507
10.4 0.9526665873099396
10.5 0.9640821120230021
10.600000000000001 0.9705145217957809
10.700000000000001 0.9726251570579093
10.8 0.982168123472982
10.9 0.9888058099256114
11.0 0.9992788355680833
11.1 1.0029182283150366
11.200000000000001 0.9947639926020745
11.3 1.0113903620066267
11.4 1.018194950158053
11.5 1.0265397255341084
11.600000000000001 1.0313712487441944
11.700000000000001 1.0312831355440994
11.8 1.0409982613455846
11.9 1.0453892845220998
12.0 1.0386867135846019
12.100000000000001 1.0423615941761768
12.200000000000001 1.0453484345912742
12.3 1.0438561200738963
12.4 1.0470403198854898
12.5 1.0471564487622524
12.600000000000001 1.04911491791722
12.700000000000001 1.0473868056601054
12.8 1.046118540848119
12.9 1.0493006464672125
13.0 1.0367892556949954
13.100000000000001 1.0385134867950216
13.200000000000001 1.038327575372492
13.3 1.0353448822622586
13.4 1.0269894186348585
13.5 1.0212244020614094
13.600000000000001 1.0244220055271875
13.700000000000001 1.018236530093076
13.8 1.0185128315642182
13.9 1.0120864281902833
14.0 1.00517612887582
14.100000000000001 1.0008981218719328
14.200000000000001 0.9956454779446479
14.3 0.9993802653119432
14.4 0.9940075990045455
14.5 0.989902171474839
14.600000000000001 0.9842659147037325
14.700000000000001 0.9844110143341261
14.8 0.9785953333074098
14.9 0.9791923507266492
15.0 0.9773038225347738
15.100000000000001 0.9699910575744093
15.200000000000001 0.976605013282106
15.3 0.971276953695929
15.4 0.9703955016344793
15.5 0.9676995697276355
15.600000000000001 0.9685992214423486
15.700000000000001 0.9722473525360655
15.8 0.970065499302107
15.9 0.9707382896222018
16.0 0.9730376375574116
16.1 0.9732010376466629
16.2 0.9717929338354125
16.3 0.9821098367243231
16.400000000000002 0.9777698045247767
16.5 0.9805675816130599
16.6 0.9846894096486802
16.7 0.9829009772371026
16.8 0.9838205227928963
16.900000000000002 0.9877183287300738
17.0 0.9841436836803978
17.1 0.9917219171075371
17.2 0.9962522361112724
17.3 1.002172954190516
17.400000000000002 0.9987060000923313
17.5 1.0017786397704935
17.6 1.0060287629983018
17.7 1.0113789174764662
17.8 1.013876335073974
17.900000000000002 1.0172985965310493
18.0 1.0223731649587346
18.1 1.0204044049125467
18.2 1.017386326656433
18.3 1.0222193231606354
18.400000000000002 1.0142976849827168
18.5 1.025183144808665
18.6 1.0281611529529844
18.7 1.0284827400798147
18.8 1.0140131075072332
18.900000000000006 1.017869630824481
19.0 1.017590675957805
19.100000000000005 1.0191298322639086
19.2 1.0161822862155452
19.299999999999997 1.0149374449244697
19.400000000000002 1.013911803997289
19.499999999999996 1.0182823500305356
19.6 1.01409360765026
19.700000000000003 1.014280605455455
19.8 1.0118379094227747
19.900000000000002 1.0082025880006558
20.0 1.0012097668887394
