0
1
2
3
4
5
6
7
8
9
10
11
12
13
14
15
16
17
18
19
20
21
22
23
24
25
26
27
28
29
30
31
32
33
34
35
36
37
38
39
40
41
42
43
44
45
46
47
48
49
50
51
52
53
54
55
56
57
58
59
60
61
62
63
64
65
66
67
68
69
70
71
72
73
74
75
76
77
78
79
80
81
82
83
84
85
86
87
88
89
90
91
92
93
94
95
96
97
98
99
0.0 512.0
0.05 499.14498611396493
0.1 462.2692234551713
0.15000000000000002 406.1086914654906
0.2 337.5553792849088
0.24999999999999997 264.3382777468451
0.30000000000000004 193.83767819659286
0.35000000000000003 131.9272741151566
0.4 82.2216254560945
0.45 45.94040158435364
0.49999999999999994 22.191928853860063
0.55 8.889419923285194
0.6000000000000001 3.0057731736539517
0.65 1.6811769265290766
0.7000000000000001 2.4713569878098753
0.75 3.6322139387682157
0.8 4.337107326746535
0.8500000000000002 4.3698909698441035
0.9 3.844130661762189
0.95 2.843141997430625
0.9999999999999999 1.8935335667360378
1.05 1.1261846416951753
1.1 0.6416785249190063
1.1500000000000001 0.4408999773442973
1.2000000000000002 0.4427851972660267
1.25 0.5509718523396686
1.3 0.692452053720829
1.35 0.807448725148274
1.4000000000000001 0.8331542888481998
1.4500000000000002 0.8098645380356099
1.5 0.7384066096937741
1.5499999999999998 0.613602528312218
1.6 0.49259413615434594
1.6500000000000001 0.4055293776236008
1.7000000000000004 0.3564812438090296
1.75 0.34456533534936457
1.8 0.36503811893796134
1.85 0.404173954910228
1.9 0.4381560228178277
1.9500000000000002 0.47468689243260725
1.9999999999999998 0.4722960478994359
2.0500000000000003 0.47283855959044113
2.1 0.45236015318138845
2.15 0.42398251615721294
2.2 0.4008104241994478
2.25 0.38356175104691614
2.3000000000000003 0.37110649350003044
2.35 0.3795695085477202
2.4000000000000004 0.3926586632877177
2.45 0.40528517475846276
2.5 0.42934048911612505
2.5500000000000003 0.4319319743924141
2.6 0.43106088058439807
2.6500000000000004 0.4386705404383996
2.7 0.44040829021024935
2.75 0.43229657890857465
2.8000000000000003 0.4313355468856574
2.85 0.43913820310732715
2.9000000000000004 0.43637845567380573
2.95 0.4508577959207093
3.0 0.47229852814231277
3.0500000000000003 0.48213891255982544
3.0999999999999996 0.4870869552143144
3.150000000000001 0.5069360334690383
3.2 0.5086296340505096
3.25 0.5164403452001808
3.3000000000000003 0.5201179539428129
3.3500000000000005 0.5214793350374641
3.400000000000001 0.5229105871110415
3.45 0.5376572320494049
3.5 0.5401993538346961
3.5500000000000003 0.5535799199867588
3.6 0.5673155922952923
3.6500000000000004 0.5792560233279723
3.7 0.6034324267924416
3.7499999999999996 0.6074154286652319
3.8 0.6343339626305774
3.85 0.645486222274826
3.9000000000000004 0.6562142124749869
3.95 0.6713214498694475
3.9999999999999996 0.6834376350833794
4.05 0.6897331356832739
4.1000000000000005 0.7112341519573772
4.15 0.7155589341973249
4.2 0.7254876039936807
4.25 0.7497432365337923
4.3 0.7549627470937612
4.3500000000000005 0.7929224761859855
4.4 0.7953442885626703
4.45 0.8294745663523577
4.5 0.8519125254572028
4.55 0.8679418100968719
4.6000000000000005 0.8928355703263215
4.65 0.9089678730119136
4.7 0.9319285437005281
4.75 0.9438699889270863
4.800000000000001 0.9535708748811947
4.8500000000000005 0.9681104990248737
4.9 0.9908389584743155
4.95 0.9857071203327817
5.0 1.0031736793760957
5.050000000000001 1.0178652589094659
5.1000000000000005 1.0220628288614686
5.15 1.046281509415528
5.2 1.0532085413653143
5.25 1.0736874671169339
5.300000000000001 1.088975292493909
5.3500000000000005 1.1032891382743955
5.4 1.1257671656234927
5.45 1.121691843178986
5.5 1.1395052419510825
5.550000000000001 1.136868814743634
5.6000000000000005 1.1650293276693227
5.65 1.1697351589867322
5.7 1.170031338893347
5.75 1.1770256197374243
5.800000000000001 1.1697524407280075
5.850000000000001 1.1870861692516945
5.9 1.186259118208789
5.95 1.1877585132050918
6.0 1.1932545846030673
6.050000000000001 1.1871254354810143
6.1000000000000005 1.1745917424661056
6.15 1.1863673261955794
6.199999999999999 1.1975267915813141
6.250000000000001 1.1839202410154008
6.300000000000002 1.1867992774946345
6.3500000000000005 1.195029541500278
6.4 1.1731513001505403
6.45 1.1883766406456249
6.5 1.1825635899467568
6.550000000000001 1.1946123456162012
6.6000000000000005 1.1731568610560996
6.6499999999999995 1.1689338297114389
6.700000000000001 1.164909820700739
6.75 1.1437033626829591
6.800000000000002 1.1292094132137918
6.8500000000000005 1.1416693253729888
6.9 1.1359980485013879
6.95 1.1319756532285412
7.0 1.1213547993915476
7.050000000000001 1.1165670310329239
7.1000000000000005 1.099684552479807
7.1499999999999995 1.1083109238341518
7.2 1.106784149058143
7.25 1.0795916598416115
7.300000000000001 1.0794411000034627
7.3500000000000005 1.0625813682205156
7.4 1.0529470772426817
7.45 1.06346570806064
7.499999999999999 1.059493581031798
7.550000000000001 1.0494200076973683
7.6 1.0314235570218038
7.650000000000001 1.0292426401079704
7.7 1.0231649508146858
7.75 1.0042540808455085
7.800000000000001 0.9947859610633827
7.8500000000000005 1.0007983283115476
7.9 1.0107383519257127
7.95 0.9839241653227052
7.999999999999999 0.9925053382696121
8.05 0.9753683162349628
8.1 0.97017854296498
8.15 0.971965150971238
8.200000000000001 0.9670833842927875
8.25 0.9571063800519889
8.3 0.9632804277715686
8.35 0.9590022362524258
8.4 0.9514238386247058
8.450000000000001 0.9454515546681093
8.5 0.9466358040463803
8.55 0.9462383444267475
8.6 0.9399871503519844
8.65 0.9390365372711282
8.700000000000001 0.9315780203268004
8.75 0.9150706958564008
8.8 0.9139522164862628
8.85 0.9174852221663375
8.9 0.909414340735874
8.950000000000001 0.9129995932577185
9.0 0.9237958217306993
9.05 0.9281037869504755
9.1 0.9216796009034371
9.15 0.917024919700996
9.200000000000001 0.9255960560180085
9.25 0.9216788574231503
9.3 0.9258017195764271
9.35 0.9211189424382442
9.4 0.920492295423855
9.450000000000001 0.9262236370797297
9.5 0.9219092181012042
9.55 0.9294634960453088
9.600000000000001 0.9262769028807811
9.65 0.9315227834142434
9.700000000000001 0.9305863965838403
9.75 0.9292333307778832
9.8 0.9192185881383288
9.850000000000001 0.9348240556613904
9.9 0.9360315606752877
9.950000000000001 0.9351234148005143
10.0 0.925304098802433
10.05 0.9465479020786218
10.100000000000001 0.9422403084818509
10.15 0.9454288776088744
10.200000000000001 0.9547631600250557
10.25 0.9517770595758897
10.3 0.9464226592656735
10.350000000000001 0.9608274804166751
10.4 0.9636374216387656
10.450000000000001 0.9561169821375879
10.5 0.9843281830598961
10.55 0.9669005230483994
10.600000000000001 0.9804959940638505
10.65 0.9739280777289551
10.700000000000001 0.9780951437923925
10.75 0.9770793144479871
10.8 0.9923812472412966
10.850000000000001 0.9823934365070817
10.9 0.9932646399641862
10.950000000000001 0.9877543394988723
11.0 0.9954668852305446
11.05 1.001296443260226
11.100000000000001 1.0009442075102652
11.15 1.003834290003668
11.200000000000001 1.0036735926464657
11.25 1.0117805179216621
11.3 1.0094896984275383
11.350000000000001 1.0242199616529235
11.4 1.0162194214119007
11.450000000000001 1.0254495598376465
11.5 1.0228326059672246
11.55 1.0212896914971887
11.600000000000001 1.035889207530539
11.65 1.02950369487883
11.700000000000003 1.024813002601914
11.75 1.031337431705373
11.8 1.0431492605639212
11.850000000000001 1.0236849646458195
11.9 1.0438975458596558
11.950000000000001 1.02983879585555
12.0 1.036832180068519
12.05 1.0407651836877354
12.100000000000001 1.0519102557590636
12.15 1.0569376089983584
12.200000000000001 1.0532987343300995
12.249999999999998 1.051336143584197
12.3 1.0451622836624375
12.350000000000001 1.043397020793946
12.399999999999999 1.0369856114690301
12.45 1.0608734079520767
12.500000000000002 1.0446150728865944
12.550000000000002 1.0543777586989795
12.600000000000003 1.0419824412371481
12.65 1.03882817381518
12.700000000000001 1.0467333608338287
12.75 1.051490388279555
12.8 1.0514274201302114
12.850000000000001 1.0383492706885713
12.9 1.0502424037031997
12.950000000000001 1.0419236164508154
13.0 1.0474474958376383
13.05 1.0322145073325775
13.100000000000001 1.0318976899266246
13.15 1.0406703343130086
13.200000000000001 1.024712417330534
13.249999999999998 1.0297975664398915
13.299999999999999 1.0250558233481273
13.350000000000001 1.033520653452626
13.400000000000002 1.0391558622324917
13.450000000000003 1.0329631096928797
13.5 1.0190854244778844
13.55 1.0222113396554617
13.600000000000003 1.0072070133307593
13.65 1.0221300187811742
13.700000000000001 1.0226386748527474
13.75 1.0140403646974712
13.8 1.0124856276230363
13.850000000000001 1.0039320827429972
13.9 1.0136264535850015
13.950000000000001 1.0076772467293516
14.0 1.0049301694747637
14.05 0.9970655710601614
14.100000000000001 1.0008787151566785
14.149999999999999 1.001717849838319
14.200000000000001 0.9940338317575749
14.250000000000002 0.9977912964131381
14.299999999999999 1.00126996448943
14.35 0.9935108339976401
14.4 0.9844603940143262
14.450000000000003 0.9784044033708021
14.5 0.9904614512218948
14.55 0.9842078952009474
14.600000000000001 0.9820021210602444
14.65 0.9880408883914166
14.700000000000001 0.9843516843203384
14.75 0.9836605287325461
14.8 0.9742416283320634
14.850000000000001 0.9793962356037601
14.9 0.9782575846340739
14.950000000000001 0.9801199967943147
14.999999999999998 0.968573090409127
15.05 0.9763017210038146
15.100000000000001 0.9717788355810977
15.149999999999999 0.9821115613177724
15.2 0.9661514062885316
15.250000000000002 0.9833433034659284
15.300000000000002 0.9525564371746751
15.350000000000003 0.9738412064070252
15.4 0.9638614003827238
15.450000000000001 0.9640511131796614
15.5 0.9645260217188394
15.55 0.9675012099900195
15.600000000000001 0.9808318690807151
15.65 0.9693889643544925
15.700000000000001 0.9714616639564639
15.75 0.9701935921171326
15.8 0.9696518699552799
15.850000000000001 0.9691580304802215
15.9 0.9704372811250873
15.950000000000001 0.9705398214209169
15.999999999999998 0.9834661559391928
16.05 0.9795710501130326
16.1 0.9717350825530352
16.150000000000002 0.9876469080722984
16.2 0.9755672236128275
16.25 0.9676878079850405
16.3 0.9742897700046342
16.35 0.9811476893445403
16.400000000000002 0.9729420044243825
16.45 0.9850172681050767
16.5 0.9638708338534123
16.55 0.9829046011450191
16.6 0.9903577809170113
16.650000000000002 0.9826216689264331
16.7 0.990230563627786
16.75 0.9880109099805675
16.8 0.9904174956556275
16.85 0.9800845977558054
16.900000000000002 0.9712412561509093
16.95 0.9938119518041773
17.0 0.9990055397019674
17.05 0.9920453613400223
17.1 0.9949185100446053
17.150000000000002 0.9977537269484826
17.2 0.9852142193551597
17.25 0.9976126991401125
17.3 0.9980702683916962
17.35 1.0074283502397932
17.400000000000002 1.0094503080676531
17.45 0.9965031730538166
17.5 1.0063749732549543
17.55 1.0106303583109197
17.6 1.002000388648363
17.650000000000002 1.011958931294322
17.7 1.0052195605711212
17.75 0.9988452826994626
17.8 1.0173796330002134
17.85 1.017726479761685
17.900000000000002 1.0044484533726616
17.95 1.0106682996854621
18.0 1.015114681115458
18.05 1.0162851971050029
18.1 1.0212089350780797
18.150000000000002 1.014401683908772
18.2 1.0148830969868903
18.25 1.0146244410117085
18.3 1.0220677869763477
18.35 1.0113776386974735
18.400000000000002 1.0284594077207048
18.45 1.0136162066832315
18.5 1.0237983892858848
18.55 1.0227060494683213
18.6 1.0277070932707577
18.650000000000002 1.0199794051822237
18.7 1.011051047304766
18.75 1.0225920745683355
18.8 1.0163674054182978
18.85 1.0163524835689368
18.900000000000002 1.0318737079665652
18.95 1.0111066524769687
19.0 1.01879589193618
19.05 1.012538972974332
19.1 1.0151576020581536
19.150000000000002 1.015371853286004
19.200000000000003 1.01246316594528
19.25 1.0184817880269177
19.3 1.008897353952035
19.35 1.0175139379373064
19.400000000000002 1.021216515539288
19.450000000000003 1.0131219214977558
19.5 1.009731567659785
19.55 1.0167184109619218
19.6 1.0190701310959946
19.650000000000002 1.0018095575643264
19.700000000000003 1.0176057642827692
19.75 1.0118192504257741
19.8 1.0045314320133703
19.85 1.0121887625427475
19.900000000000002 0.9963921889023798
19.950000000000003 1.018309176836608
20.0 1.0073087515544814
