(0.0,0.0,0.0)
(1.0,0.0,0.0)
(2.0,0.0,0.0)
(3.0,0.0,0.0)
(4.0,0.0,0.0)
(5.0,0.0,0.0)
(6.0,0.0,0.0)
(7.0,0.0,0.0)
(8.0,0.0,0.0)
(9.0,0.0,0.0)
(10.0,0.0,0.0)
(11.0,0.0,0.0)
(12.0,0.0,0.0)
(13.0,0.0,0.0)
(14.0,0.0,0.0)
(15.0,0.0,0.0)
(16.0,0.0,0.0)
(17.0,0.0,0.0)
(18.0,0.0,0.0)
(19.0,0.0,0.0)
(20.0,0.0,0.0)
(21.0,0.0,0.0)
(22.0,0.0,0.0)
(23.0,0.0,0.0)
(24.0,0.0,0.0)
(25.0,0.0,0.0)
(26.0,0.0,0.0)
(27.0,0.0,0.0)
(28.0,0.0,0.0)
(29.0,0.0,0.0)
(30.0,0.0,0.0)
(31.0,0.0,0.0)
(32.0,0.0,0.0)
(33.0,0.0,0.0)
(34.0,0.0,0.0)
(35.0,0.0,0.0)
(36.0,0.0,0.0)
(37.0,0.0,0.0)
(38.0,0.0,0.0)
(39.0,0.0,0.0)

0.0 40.0
0.01 35.00848724127524
0.02 22.919006946296605
0.030000000000000002 10.19041553628894
0.04 2.1907318707334897
0.05 4.452750031423288E-31
0.06 0.9752622179666538
0.06999999999999999 1.8778797412685404
0.07999999999999999 1.4395281792844228
0.08999999999999998 0.4350586408015021
0.09999999999999998 1.489591256186864E-30
0.10999999999999997 0.2921989145503423
0.11999999999999998 0.6440211007869128
0.12999999999999998 0.5498841148877266
0.13999999999999996 0.18150719913827126
0.14999999999999997 2.9814165911092165E-30
0.15999999999999998 0.1396564919330492
0.16999999999999998 0.324760039848163
0.18 0.29051726204084993
0.19000000000000003 0.09989956344207904
0.20000000000000004 1.2279729325413016E-30
0.21000000000000005 0.08232064695085074
0.22000000000000006 0.1970720463629539
0.23000000000000007 0.18098210589998204
0.2400000000000001 0.06373644119599911
0.2500000000000001 4.45275003142329E-30
0.2600000000000001 0.054761187693277355
0.27000000000000013 0.13353117581928725
0.28000000000000014 0.12473363813570142
0.29000000000000015 0.044626427072994426
0.30000000000000016 1.2321637561002885E-29
0.31000000000000016 0.03944717845122945
0.3200000000000002 0.0974322179095353
0.3300000000000002 0.09211657828224921
0.3400000000000002 0.033332749847639495
0.3500000000000002 1.27490399342613E-29
0.3600000000000002 0.03008351124728643
0.3700000000000002 0.07501910361895286
0.3800000000000003 0.07157332200756375
0.3900000000000003 0.026123643967356208
0.4000000000000003 3.5550894917839535E-29
0.4100000000000003 0.02395889327485435
0.4200000000000003 0.06019541609617266
0.4300000000000003 0.05784361951433929
0.44000000000000034 0.02125791032213198
0.45000000000000034 2.4908899379935648E-29
0.46000000000000035 0.01974989310617373
0.47000000000000036 0.04992365591194119
0.48000000000000037 0.04825540693064605
0.49000000000000044 0.017834779089827564
0.5000000000000004 5.297297879944764E-29
0.5100000000000005 0.01674849228455557
0.5200000000000005 0.042553470348422044
0.5300000000000005 0.041335418357438425
0.5400000000000005 0.01535063092903637
0.5500000000000005 5.851192801132137E-29
0.5600000000000005 0.0145484646999474
0.5700000000000005 0.03712652446975507
0.5800000000000005 0.03621829993518837
0.5900000000000005 0.013506407557532329
0.6000000000000005 5.482614106165143E-29
0.6100000000000005 0.012903627274158511
0.6200000000000006 0.03305651139044981
0.6300000000000006 0.0323698193745431
0.6400000000000006 0.012115883042221701
0.6500000000000006 2.758085754758072E-29
0.6600000000000005 0.011658196259308425
0.6700000000000005 0.029969637935275812
0.6800000000000004 0.02944695652349995
0.6900000000000004 0.011058676755384342
0.7000000000000003 1.7741050350113013E-29
0.7100000000000002 0.010710211169020873
0.7200000000000002 0.02761986213864819
0.7300000000000001 0.027222718264618105
0.7400000000000001 0.010254729642067556
0.75 4.367392816288047E-30
0.7599999999999999 0.00999126003020062
0.7699999999999999 0.025841459804560502
0.7799999999999998 0.025543680649613192
0.7899999999999998 0.009649764976331214
0.7999999999999997 1.3549302344753084E-29
0.8099999999999996 0.009454741834516774
0.8199999999999996 0.024521357744481217
0.8299999999999995 0.02430504831032007
0.8399999999999995 0.009206690635575585
0.8499999999999994 6.893196012313463E-29
0.8599999999999994 0.009068841771362166
0.8699999999999993 0.023582487693513933
0.8799999999999992 0.023435576705433024
0.8899999999999992 0.00890037936227082
0.8999999999999991 1.0045804664319375E-28
0.9099999999999991 0.008812238322677184
0.919999999999999 0.02297359123677708
0.9299999999999989 0.022888324918606668
0.939999999999999 0.008714466147264574
0.9499999999999988 1.4279786387429772E-28
0.9599999999999989 0.008671476160094775
0.9699999999999988 0.022663002032295675
0.9799999999999986 0.022635044975074826
0.9899999999999987 0.008639419086212304
0.9999999999999986 1.837206735526446E-28
1.0099999999999985 0.00863941908620786
1.0199999999999985 0.022635044975072578
1.0299999999999985 0.022663002032297735
1.0399999999999983 0.00867147616009913
1.0499999999999983 2.897869942714693E-28
1.0599999999999983 0.008714466147260432
1.0699999999999983 0.022888324918604326
1.079999999999998 0.022973591236780604
1.089999999999998 0.008812238322680691
1.099999999999998 4.602633603415282E-28
1.1099999999999979 0.008900379362266519
1.1199999999999979 0.02343557670542913
1.129999999999998 0.023582487693517246
1.139999999999998 0.009068841771366666
1.1499999999999977 1.0047182089415598E-27
1.1599999999999977 0.009206690635572433
1.1699999999999977 0.024305048310315762
1.1799999999999975 0.024521357744484714
1.1899999999999975 0.00945474183452093
1.1999999999999975 7.1621174623081425E-28
1.2099999999999973 0.00964976497632793
1.2199999999999973 0.02554368064960829
1.2299999999999973 0.025841459804563826
1.2399999999999973 0.009991260030205094
1.2499999999999971 8.09933660300519E-28
1.2599999999999971 0.010254729642061335
1.2699999999999971 0.02722271826461492
1.279999999999997 0.0276198621386513
1.289999999999997 0.010710211169027449
1.299999999999997 1.6611962364636333E-27
1.3099999999999967 0.011058676755378232
1.3199999999999967 0.029446956523496732
1.3299999999999967 0.029969637935278765
1.3399999999999967 0.011658196259312937
1.3499999999999965 1.4040719547875015E-27
1.3599999999999965 0.012115883042216332
1.3699999999999966 0.03236981937454001
1.3799999999999963 0.03305651139045338
1.3899999999999963 0.0129036272741648
1.3999999999999964 2.0969654656980485E-27
1.4099999999999964 0.013506407557525524
1.4199999999999962 0.03621829993518286
1.4299999999999962 0.037126524469758546
1.4399999999999962 0.01454846469995586
1.449999999999996 2.722674913465789E-27
1.459999999999996 0.015350630929027151
1.469999999999996 0.041335418357431715
1.4799999999999958 0.04255347034842764
1.4899999999999958 0.016748492284566627
1.4999999999999958 3.0534034087077575E-27
1.5099999999999958 0.01783477908981381
1.5199999999999956 0.0482554069306392
1.5299999999999956 0.04992365591195035
1.5399999999999956 0.01974989310618793
1.5499999999999954 4.6870941826056146E-27
1.5599999999999954 0.021257910322115423
1.5699999999999954 0.0578436195143285
1.5799999999999954 0.06019541609618071
1.5899999999999952 0.023958893274872987
1.5999999999999952 6.931129744795698E-27
1.6099999999999952 0.02612364396733356
1.619999999999995 0.07157332200754855
1.629999999999995 0.07501910361896871
1.639999999999995 0.030083511247309645
1.6499999999999948 9.17147468595195E-27
1.6599999999999948 0.03333274984761342
1.6699999999999948 0.09211657828222874
1.6799999999999948 0.09743221790955375
1.6899999999999946 0.03944717845126166
1.6999999999999946 1.5720950443313811E-26
1.7099999999999946 0.04462642707295217
1.7199999999999944 0.12473363813566843
1.7299999999999944 0.1335311758193099
1.7399999999999944 0.05476118769332607
1.7499999999999944 2.2284788091382563E-26
1.7599999999999942 0.0637364411959356
1.7699999999999942 0.18098210589992414
1.7799999999999943 0.19707204636298875
1.789999999999994 0.08232064695092771
1.799999999999994 3.6913957507060816E-26
1.809999999999994 0.09989956344196929
1.8199999999999938 0.29051726204076933
1.8299999999999939 0.32476003984821855
1.8399999999999939 0.13965649193318616
1.8499999999999939 7.039674725053055E-26
1.8599999999999937 0.18150719913805727
1.8699999999999937 0.5498841148875282
1.8799999999999937 0.6440211007870151
1.8899999999999935 0.29219891455063796
1.8999999999999935 1.7027341788956956E-25
1.9099999999999935 0.43505864080093426
1.9199999999999935 1.43952817928378
1.9299999999999933 1.8778797412686974
1.9399999999999933 0.9752622179675665
1.9499999999999933 7.351056194381491E-25
1.959999999999993 2.1907318707301493
1.969999999999993 10.190415536281394
1.979999999999993 22.919006946287162
1.9899999999999929 35.00848724126863
1.999999999999993 40.0
2.0099999999999927 35.008487241282
2.019999999999993 22.919006946306354
2.0299999999999927 10.190415536296863
2.0399999999999925 2.19073187073705
2.0499999999999927 8.640780058492308E-25
2.0599999999999925 0.975262217965643
2.0699999999999927 1.8778797412683848
2.0799999999999925 1.4395281792851509
2.0899999999999923 0.435058640802141
2.0999999999999925 2.368531214424883E-25
2.1099999999999923 0.29219891454999414
2.119999999999992 0.6440211007867941
2.1299999999999923 0.5498841148879723
2.139999999999992 0.18150719913854357
2.149999999999992 1.095862288891862E-25
2.159999999999992 0.13965649193286805
2.169999999999992 0.3247600398480894
2.1799999999999917 0.290517262040975
2.189999999999992 0.09989956344223268
2.1999999999999917 6.853147423863018E-26
2.2099999999999915 0.08232064695073582
2.2199999999999918 0.1970720463629004
2.2299999999999915 0.1809821059000483
2.2399999999999918 0.06373644119609542
2.2499999999999916 5.133814326541014E-26
2.2599999999999913 0.05476118769320014
2.2699999999999916 0.1335311758192416
2.2799999999999914 0.12473363813576004
2.289999999999991 0.044626427073066605
2.2999999999999914 3.9167891809904665E-26
2.309999999999991 0.03944717845116899
2.319999999999991 0.09743221790950025
2.329999999999991 0.0921165782822885
2.339999999999991 0.03333274984769187
2.3499999999999908 2.788782119843211E-26
2.359999999999991 0.030083511247239764
2.369999999999991 0.07501910361892479
2.3799999999999906 0.0715733220075922
2.389999999999991 0.026123643967400995
2.3999999999999906 2.453744850712399E-26
2.409999999999991 0.023958893274814493
2.4199999999999906 0.0601954160961504
2.4299999999999904 0.05784361951436463
2.4399999999999906 0.02125791032216913
2.4499999999999904 2.380560129123267E-26
2.45999999999999 0.019749893106138887
2.4699999999999904 0.049923655911922944
2.47999999999999 0.04825540693066814
2.48999999999999 0.017834779089859205
2.4999999999999902 1.8787264845322712E-26
2.50999999999999 0.016748492284523322
2.51999999999999 0.04255347034840853
2.52999999999999 0.041335418357456535
2.53999999999999 0.015350630929063445
2.54999999999999 1.6276273699776004E-26
2.55999999999999 0.014548464699923838
2.56999999999999 0.03712652446973977
2.57999999999999 0.03621829993520097
2.58999999999999 0.013506407557558341
2.59999999999999 1.7193551992940465E-26
2.6099999999999897 0.01290362727413279
2.61999999999999 0.033056511390434834
2.6299999999999897 0.03236981937455967
2.6399999999999895 0.012115883042245269
2.6499999999999897 1.3320043418995915E-26
2.6599999999999895 0.011658196259284907
2.6699999999999893 0.02996963793526313
2.6799999999999895 0.02944695652351525
2.6899999999999893 0.011058676755403958
2.699999999999989 1.5872873960302896E-26
2.7099999999999893 0.01071021116900164
2.719999999999989 0.027619862138631386
2.729999999999989 0.02722271826463064
2.739999999999989 0.010254729642087864
2.749999999999989 1.1694322118773116E-26
2.759999999999989 0.009991260030179866
2.769999999999989 0.025841459804549403
2.7799999999999887 0.025543680649623528
2.789999999999989 0.00964976497634791
2.7999999999999887 1.522685974128027E-26
2.8099999999999885 0.009454741834494863
2.8199999999999887 0.024521357744469806
2.8299999999999885 0.02430504831033401
2.8399999999999883 0.009206690635592828
2.8499999999999885 1.5760705335151455E-26
2.8599999999999883 0.009068841771345856
2.869999999999988 0.023582487693503316
2.8799999999999883 0.023435576705442933
2.889999999999988 0.008900379362291374
2.899999999999988 1.4342105705607453E-26
2.909999999999988 0.008812238322659791
2.919999999999988 0.022973591236766365
2.929999999999988 0.022888324918616643
2.939999999999988 0.008714466147279519
2.9499999999999877 1.7675154291139116E-26
2.959999999999988 0.008671476160078222
2.9699999999999878 0.02266300203228652
2.9799999999999875 0.02263504497508564
2.989999999999988 0.008639419086228957
2.9999999999999876 1.6028369651261232E-26
3.0099999999999874 0.008639419086191428
3.0199999999999876 0.022635044975062135
3.0299999999999874 0.022663002032305066
3.039999999999987 0.008671476160115332
3.0499999999999874 1.631701884701316E-26
3.059999999999987 0.00871446614724436
3.069999999999987 0.022888324918594063
3.079999999999987 0.022973591236790426
3.089999999999987 0.008812238322697123
3.099999999999987 1.769621570249125E-26
3.109999999999987 0.008900379362248998
3.119999999999987 0.023435576705418994
3.129999999999987 0.02358248769352735
3.139999999999987 0.009068841771383049
3.1499999999999866 1.747493836968401E-26
3.159999999999987 0.009206690635554862
3.1699999999999866 0.024305048310307505
3.1799999999999864 0.024521357744491587
3.1899999999999866 0.009454741834538368
3.1999999999999864 2.3753817503185568E-26
3.209999999999986 0.00964976497630927
3.2199999999999864 0.025543680649593566
3.229999999999986 0.025841459804577388
3.239999999999986 0.00999126003022452
3.2499999999999862 2.069505248402185E-26
3.259999999999986 0.010254729642042186
3.2699999999999863 0.027222718264602867
3.279999999999986 0.027619862138663125
3.289999999999986 0.010710211169044984
3.299999999999986 2.559538247154491E-26
3.309999999999986 0.011058676755359594
3.3199999999999856 0.029446956523482382
3.329999999999986 0.029969637935290873
3.3399999999999856 0.011658196259339131
3.3499999999999854 2.6750007132526196E-26
3.3599999999999857 0.012115883042192091
3.3699999999999855 0.032369819374525224
3.3799999999999852 0.03305651139046685
3.3899999999999855 0.012903627274190416
3.3999999999999853 3.2365164661910443E-26
3.409999999999985 0.013506407557496113
3.4199999999999853 0.03621829993516471
3.429999999999985 0.037126524469765027
3.4399999999999853 0.014548464699989081
3.449999999999985 4.866602154779419E-26
3.459999999999985 0.015350630928997388
3.469999999999985 0.04133541835741052
3.479999999999985 0.042553470348449446
3.4899999999999847 0.016748492284596656
3.499999999999985 4.8399856841961704E-26
3.5099999999999847 0.017834779089778974
3.5199999999999845 0.04825540693062495
3.5299999999999847 0.049923655911971246
3.5399999999999845 0.019749893106226882
3.5499999999999843 5.732914296121294E-26
3.5599999999999845 0.021257910322074264
3.5699999999999843 0.05784361951429825
3.579999999999984 0.06019541609620734
3.5899999999999843 0.02395889327491206
3.599999999999984 7.146056778130788E-26
3.6099999999999843 0.026123643967278776
3.619999999999984 0.07157332200750906
3.629999999999984 0.07501910361899708
3.639999999999984 0.030083511247366895
3.649999999999984 8.519564201589703E-26
3.6599999999999837 0.033332749847539665
3.669999999999984 0.09211657828218242
3.6799999999999837 0.09743221790959458
3.6899999999999835 0.03944717845133728
3.6999999999999837 1.2835901223645908E-25
3.7099999999999835 0.044626427072866307
3.7199999999999833 0.12473363813560043
3.7299999999999836 0.1335311758193642
3.7399999999999833 0.05476118769342932
3.749999999999983 1.9626362370343363E-25
3.7599999999999834 0.06373644119580882
3.769999999999983 0.1809821058998417
3.779999999999983 0.19707204636306444
3.789999999999983 0.0823206469510801
3.799999999999983 2.961676068024232E-25
3.809999999999983 0.0998995634417679
3.819999999999983 0.29051726204059364
3.8299999999999828 0.3247600398483216
3.839999999999983 0.13965649193343693
3.8499999999999828 5.557827788017339E-25
3.8599999999999826 0.18150719913767685
3.869999999999983 0.5498841148872045
3.8799999999999826 0.6440211007871903
3.8899999999999824 0.29219891455113783
3.8999999999999826 1.2437053458114956E-24
3.9099999999999824 0.4350586408000049
3.919999999999982 1.4395281792827541
3.9299999999999824 1.8778797412689632
3.939999999999982 0.9752622179690762
3.949999999999982 5.0910489845064956E-24
3.959999999999982 2.1907318707247665
3.969999999999982 10.190415536269322
3.979999999999982 22.919006946272255
3.989999999999982 35.0084872412582
3.999999999999982 40.0
