(0.0,0.0,0.0)
(1.0,0.0,0.0)
(2.0,0.0,0.0)
(3.0,0.0,0.0)
(4.0,0.0,0.0)
(5.0,0.0,0.0)
(6.0,0.0,0.0)
(7.0,0.0,0.0)
(8.0,0.0,0.0)
(9.0,0.0,0.0)
(10.0,0.0,0.0)
(11.0,0.0,0.0)
(12.0,0.0,0.0)
(13.0,0.0,0.0)
(14.0,0.0,0.0)
(15.0,0.0,0.0)
(16.0,0.0,0.0)
(17.0,0.0,0.0)
(18.0,0.0,0.0)
(19.0,0.0,0.0)

0.0 20.0
0.01 19.352215789090142
0.02 17.508563330180728
0.030000000000000002 14.747707907911348
0.04 11.470820995635838
0.05 8.122381939879428
0.06 5.1065392691606215
0.06999999999999999 2.7176930922777753
0.07999999999999999 1.0997016734467946
0.08999999999999998 0.24049450179533777
0.09999999999999998 8.950181637556362E-31
0.10999999999999997 0.16152358737309908
0.11999999999999998 0.4919883420569575
0.12999999999999998 0.7957997670149759
0.13999999999999996 0.9503840330935722
0.14999999999999997 0.9174861087357643
0.15999999999999998 0.7312508852606003
0.16999999999999998 0.46999714494336986
0.18 0.22193543956208947
0.19000000000000003 0.05522312048627063
0.20000000000000004 3.2047474274603605E-31
0.21000000000000005 0.0455057344440782
0.22000000000000006 0.15054964695630738
0.23000000000000007 0.26191976420066954
0.2400000000000001 0.3337283387461731
0.2500000000000001 0.3414213562373092
0.2600000000000001 0.2867333012906188
0.27000000000000013 0.19324813306876604
0.28000000000000014 0.09528802045481521
0.29000000000000015 0.024668882167363664
0.30000000000000016 5.751905334709143E-30
0.31000000000000016 0.021805863943726977
0.3200000000000002 0.0744315912843134
0.3300000000000002 0.1333123644610095
0.3400000000000002 0.17453254407924224
0.3500000000000002 0.18314699643925383
0.3600000000000002 0.15751930989266483
0.3700000000000002 0.10856866667956702
0.3800000000000003 0.05467715263829681
0.3900000000000003 0.014440795221153994
0.4000000000000003 6.688677659659094E-30
0.4100000000000003 0.013244150469207388
0.4200000000000003 0.04598520596359161
0.4300000000000003 0.08371207257408067
0.44000000000000034 0.11130786350628272
0.45000000000000034 0.11854443532329603
0.46000000000000035 0.10341178285227151
0.47000000000000036 0.07225019357281978
0.48000000000000037 0.036863850613099367
0.49000000000000044 0.009858823408118092
0.5000000000000004 2.186415219787426E-29
0.5100000000000005 0.00925833883077622
0.5200000000000005 0.03250795866767323
0.5300000000000005 0.05982117942256661
0.5400000000000005 0.08037694704195307
0.5500000000000005 0.08647269086408751
0.5600000000000005 0.07617675013717433
0.5700000000000005 0.05373001096628747
0.5800000000000005 0.027668319121006323
0.5900000000000005 0.007466158471440466
0.6000000000000005 1.868937825472929E-29
0.6100000000000005 0.007132949725891178
0.6200000000000006 0.025252927603308384
0.6300000000000006 0.046846042682719885
0.6400000000000006 0.06343958721651845
0.6500000000000006 0.0687762402972456
0.6600000000000005 0.06104310810876212
0.6700000000000005 0.04337246747214088
0.6800000000000004 0.022495473053472558
0.6900000000000004 0.006113086162136969
0.7000000000000003 1.0774114332088852E-29
0.7100000000000002 0.0059204591235592074
0.7200000000000002 0.02109969714475484
0.7300000000000001 0.03939708797902048
0.7400000000000001 0.053694461496749536
0.75 0.058578643762690064
0.7599999999999999 0.05231491669900721
0.7699999999999999 0.037398111956726376
0.7799999999999998 0.019513635620758505
0.7899999999999998 0.005334258885536682
0.7999999999999997 4.51437978964368E-30
0.8099999999999996 0.005226452744178448
0.8199999999999996 0.018732650416192452
0.8299999999999995 0.03517459635397778
0.8399999999999995 0.04820685801567972
0.8499999999999994 0.052881890528072364
0.8599999999999994 0.04748507199204763
0.8699999999999993 0.03412889680576626
0.8799999999999992 0.017903187511040784
0.8899999999999992 0.0049200087063560214
0.8999999999999991 5.569866436365663E-29
0.9099999999999991 0.00487128553798983
0.919999999999999 0.01755026201760355
0.9299999999999989 0.033124295000425796
0.939999999999999 0.0456295371346885
0.9499999999999988 0.0503096979328558
0.9599999999999989 0.04540443863953482
0.9699999999999988 0.032798204655985104
0.9799999999999986 0.01729163568719313
0.9899999999999987 0.00477575341363662
0.9999999999999986 6.923647828660187E-29
1.0099999999999985 0.0047757534136337225
1.0199999999999985 0.017291635687189257
1.0299999999999985 0.03279820465598011
1.0399999999999983 0.04540443863953313
1.0499999999999983 0.050309697932854815
1.0599999999999983 0.04562953713469212
1.0699999999999983 0.0331242950004293
1.079999999999998 0.017550262017608308
1.089999999999998 0.004871285537992329
1.099999999999998 1.9343008062975206E-28
1.1099999999999979 0.004920008706353564
1.1199999999999979 0.017903187511036298
1.129999999999998 0.034128896805761574
1.139999999999998 0.04748507199204528
1.1499999999999977 0.05288189052807265
1.1599999999999977 0.04820685801568245
1.1699999999999977 0.035174596353981444
1.1799999999999975 0.018732650416197635
1.1899999999999975 0.0052264527441811155
1.1999999999999975 3.3574043385722703E-28
1.2099999999999973 0.0053342588855337875
1.2199999999999973 0.019513635620752666
1.2299999999999973 0.03739811195672328
1.2399999999999973 0.05231491669900249
1.2499999999999971 0.05857864376269055
1.2599999999999971 0.05369446149675057
1.2699999999999971 0.039397087979026406
1.279999999999997 0.02109969714475935
1.289999999999997 0.005920459123563133
1.299999999999997 5.330456396094817E-28
1.3099999999999967 0.006113086162133515
1.3199999999999967 0.02249547305346716
1.3299999999999967 0.04337246747213384
1.3399999999999967 0.06104310810875981
1.3499999999999965 0.0687762402972451
1.3599999999999965 0.06343958721652203
1.3699999999999966 0.04684604268272519
1.3799999999999963 0.025252927603315618
1.3899999999999963 0.007132949725895535
1.3999999999999964 9.25987117261383E-28
1.4099999999999964 0.007466158471436125
1.4199999999999962 0.027668319120999263
1.4299999999999962 0.053730010966279294
1.4399999999999962 0.0761767501371682
1.449999999999996 0.08647269086408507
1.459999999999996 0.08037694704195739
1.469999999999996 0.05982117942257652
1.4799999999999958 0.03250795866768262
1.4899999999999958 0.009258338830782736
1.4999999999999958 1.5370471452614137E-27
1.5099999999999958 0.009858823408110323
1.5199999999999956 0.03686385061308618
1.5299999999999956 0.07225019357280414
1.5399999999999956 0.10341178285226053
1.5499999999999954 0.1185444353232921
1.5599999999999954 0.11130786350629333
1.5699999999999954 0.08371207257409605
1.5799999999999954 0.04598520596360966
1.5899999999999952 0.013244150469218258
1.5999999999999952 3.339371471316984E-27
1.6099999999999952 0.014440795221141006
1.619999999999995 0.054677152638273316
1.629999999999995 0.10856866667954161
1.639999999999995 0.15751930989264568
1.6499999999999948 0.18314699643924887
1.6599999999999948 0.1745325440792574
1.6699999999999948 0.1333123644610375
1.6799999999999948 0.07443159128434293
1.6899999999999946 0.021805863943747037
1.6999999999999946 7.118253098192362E-27
1.7099999999999946 0.024668882167338237
1.7199999999999944 0.09528802045476689
1.7299999999999944 0.1932481330687123
1.7399999999999944 0.2867333012905736
1.7499999999999944 0.34142135623729397
1.7599999999999942 0.3337283387461972
1.7699999999999942 0.26191976420072616
1.7799999999999943 0.15054964695637418
1.789999999999994 0.045505734444126575
1.799999999999994 1.8646498734149865E-26
1.809999999999994 0.055223120486203536
1.8199999999999938 0.2219354395619598
1.8299999999999939 0.46999714494320316
1.8399999999999939 0.731250885260456
1.8499999999999939 0.9174861087356868
1.8599999999999937 0.9503840330936077
1.8699999999999937 0.7957997670151341
1.8799999999999937 0.49198834205717573
1.8899999999999935 0.1615235873732828
1.8999999999999935 8.563711839185427E-26
1.9099999999999935 0.24049450179499804
1.9199999999999935 1.0997016734459832
1.9299999999999933 2.7176930922764315
1.9399999999999933 5.106539269158776
1.9499999999999933 8.122381939877226
1.959999999999993 11.470820995633513
1.969999999999993 14.747707907909216
1.979999999999993 17.508563330179093
1.9899999999999929 19.352215789089247
1.999999999999993 20.0
2.0099999999999927 19.35221578909105
2.019999999999993 17.50856333018243
2.0299999999999927 14.747707907913579
2.0399999999999925 11.470820995638311
2.0499999999999927 8.122381939881805
2.0599999999999925 5.106539269162648
2.0699999999999927 2.717693092279279
2.0799999999999925 1.0997016734477152
2.0899999999999923 0.2404945017957291
2.0999999999999925 1.171523853456346E-25
2.1099999999999923 0.1615235873728801
2.119999999999992 0.4919883420566952
2.1299999999999923 0.7957997670147853
2.139999999999992 0.9503840330935229
2.149999999999992 0.9174861087358641
2.159999999999992 0.7312508852607907
2.169999999999992 0.4699971449435828
2.1799999999999917 0.22193543956226555
2.189999999999992 0.05522312048636242
2.1999999999999917 3.4974248073181877E-26
2.2099999999999915 0.045505734444008863
2.2199999999999918 0.1505496469562109
2.2299999999999915 0.26191976420058294
2.2399999999999918 0.3337283387461397
2.2499999999999916 0.3414213562373295
2.2599999999999913 0.28673330129068464
2.2699999999999916 0.19324813306885213
2.2799999999999914 0.09528802045489518
2.289999999999991 0.024668882167408077
2.2999999999999914 1.8623921288523407E-26
2.309999999999991 0.021805863943691176
2.319999999999991 0.07443159128425728
2.329999999999991 0.13331236446096137
2.339999999999991 0.17453254407921878
2.3499999999999908 0.1831469964392663
2.359999999999991 0.15751930989269833
2.369999999999991 0.10856866667961776
2.3799999999999906 0.05467715263834376
2.389999999999991 0.01444079522118034
2.3999999999999906 1.2813419150070299E-26
2.409999999999991 0.01324415046918243
2.4199999999999906 0.04598520596355423
2.4299999999999904 0.08371207257404534
2.4399999999999906 0.11130786350626694
2.4499999999999904 0.11854443532330221
2.45999999999999 0.10341178285229627
2.4699999999999904 0.07225019357285636
2.47999999999999 0.03686385061313287
2.48999999999999 0.00985882340813835
2.4999999999999902 9.187235476001885E-27
2.50999999999999 0.009258338830757546
2.51999999999999 0.03250795866764514
2.52999999999999 0.059821179422538694
2.53999999999999 0.08037694704194068
2.54999999999999 0.0864726908640891
2.55999999999999 0.07617675013719007
2.56999999999999 0.053730010966315245
2.57999999999999 0.02766831912103166
2.58999999999999 0.007466158471456418
2.59999999999999 7.496755493865202E-27
2.6099999999999897 0.007132949725875538
2.61999999999999 0.02525292760328421
2.6299999999999897 0.04684604268269692
2.6399999999999895 0.06343958721650553
2.6499999999999897 0.06877624029724808
2.6599999999999895 0.06104310810877618
2.6699999999999893 0.04337246747216526
2.6799999999999895 0.022495473053495488
2.6899999999999893 0.006113086162148818
2.699999999999989 7.764958186804634E-27
2.7099999999999893 0.005920459123546489
2.719999999999989 0.021099697144733583
2.729999999999989 0.039397087979002585
2.739999999999989 0.05369446149674091
2.749999999999989 0.05857864376268977
2.759999999999989 0.05231491669901819
2.769999999999989 0.03739811195674654
2.7799999999999887 0.019513635620776106
2.789999999999989 0.0053342588855471995
2.7999999999999887 6.98124459899019E-27
2.8099999999999885 0.005226452744166519
2.8199999999999887 0.01873265041617464
2.8299999999999885 0.03517459635396131
2.8399999999999883 0.048206858015670165
2.8499999999999885 0.05288189052807087
2.8599999999999883 0.04748507199205864
2.869999999999988 0.034128896805783286
2.8799999999999883 0.017903187511057645
2.889999999999988 0.004920008706366847
2.899999999999988 7.525204406557318E-27
2.909999999999988 0.004871285537978942
2.919999999999988 0.017550262017587755
2.929999999999988 0.03312429500040938
2.939999999999988 0.045629537134678565
2.9499999999999877 0.05030969793285669
2.959999999999988 0.04540443863954564
2.9699999999999878 0.03279820465600107
2.9799999999999875 0.01729163568720948
2.989999999999988 0.004775753413646765
2.9999999999999876 7.877441606249073E-27
3.0099999999999874 0.004775753413624203
3.0199999999999876 0.01729163568717288
3.0299999999999874 0.0327982046559631
3.039999999999987 0.04540443863952159
3.0499999999999874 0.05030969793285611
3.059999999999987 0.04562953713470215
3.069999999999987 0.03312429500044681
3.079999999999987 0.017550262017623615
3.089999999999987 0.004871285538002533
3.099999999999987 9.062222689108287E-27
3.109999999999987 0.004920008706343784
3.119999999999987 0.017903187511019224
3.129999999999987 0.03412889680574261
3.139999999999987 0.0474850719920348
3.1499999999999866 0.05288189052807115
3.159999999999987 0.04820685801569346
3.1699999999999866 0.0351745963539991
3.1799999999999864 0.018732650416213508
3.1899999999999866 0.005226452744192262
3.1999999999999864 9.659572202147345E-27
3.209999999999986 0.005334258885522367
3.2199999999999864 0.0195136356207316
3.229999999999986 0.037398111956701445
3.239999999999986 0.05231491669899354
3.2499999999999862 0.05857864376269041
3.259999999999986 0.05369446149676301
3.2699999999999863 0.03939708797904823
3.279999999999986 0.021099697144779418
3.289999999999986 0.005920459123574338
3.299999999999986 1.2254522754300879E-26
3.309999999999986 0.006113086162119577
3.3199999999999856 0.02249547305344423
3.329999999999986 0.043372467472114665
3.3399999999999856 0.06104310810874519
3.3499999999999854 0.06877624029724325
3.3599999999999857 0.06343958721653783
3.3699999999999855 0.04684604268274875
3.3799999999999852 0.025252927603335668
3.3899999999999855 0.0071329497259098994
3.3999999999999853 1.6855423945212584E-26
3.409999999999985 0.007466158471417847
3.4199999999999853 0.02766831912097113
3.429999999999985 0.0537300109662505
3.4399999999999853 0.076176750137149
3.449999999999985 0.0864726908640834
3.459999999999985 0.08037694704197379
3.469999999999985 0.059821179422604856
3.479999999999985 0.032507958667715116
3.4899999999999847 0.009258338830801027
3.499999999999985 2.343686287412594E-26
3.5099999999999847 0.009858823408088746
3.5199999999999845 0.036863850613053785
3.5299999999999847 0.07225019357276811
3.5399999999999845 0.10341178285223492
3.5499999999999843 0.11854443532328238
3.5599999999999845 0.11130786350631879
3.5699999999999843 0.08371207257413378
3.579999999999984 0.0459852059636502
3.5899999999999843 0.013244150469245519
3.599999999999984 3.57292460455255E-26
3.6099999999999843 0.01444079522110897
3.619999999999984 0.05467715263821873
3.629999999999984 0.1085686666794812
3.639999999999984 0.1575193098925998
3.649999999999984 0.18314699643924265
3.6599999999999837 0.17453254407928223
3.669999999999984 0.13331236446109757
3.6799999999999837 0.07443159128440768
3.6899999999999835 0.021805863943792025
3.6999999999999837 6.589510756450617E-26
3.7099999999999835 0.024668882167285057
3.7199999999999833 0.09528802045466682
3.7299999999999836 0.1932481330685982
3.7399999999999833 0.286733301290483
3.749999999999983 0.34142135623726844
3.7599999999999834 0.3337283387462426
3.769999999999983 0.261919764200833
3.779999999999983 0.1505496469565027
3.789999999999983 0.045505734444218814
3.799999999999983 1.4619903997827405E-25
3.809999999999983 0.05522312048608047
3.819999999999983 0.22193543956171982
3.8299999999999828 0.46999714494290135
3.839999999999983 0.7312508852601913
3.8499999999999828 0.9174861087355689
3.8599999999999826 0.9503840330936779
3.869999999999983 0.7957997670153937
3.8799999999999826 0.4919883420575557
3.8899999999999824 0.1615235873735932
3.8999999999999826 6.164467276054784E-25
3.9099999999999824 0.2404945017944245
3.919999999999982 1.099701673444634
3.9299999999999824 2.717693092274211
3.939999999999982 5.106539269155766
3.949999999999982 8.122381939873652
3.959999999999982 11.470820995629794
3.969999999999982 14.747707907905806
3.979999999999982 17.508563330176486
3.989999999999982 19.352215789087836
3.999999999999982 20.0
